2021-03-25 13:30:43,860 INFO [long-pulling] client count 0

2021-03-25 13:30:53,831 INFO toNotifyTaskSize = 0

2021-03-25 13:30:53,831 INFO toClientNotifyTaskSize = 0

2021-03-25 13:30:53,832 INFO groupCount = 0, subscriberClientCount = 0, subscriberCount = 0

2021-03-25 13:30:53,866 INFO [long-pulling] client count 0

2021-03-25 13:31:03,834 INFO toNotifyTaskSize = 0

2021-03-25 13:31:03,834 INFO groupCount = 0, subscriberClientCount = 0, subscriberCount = 0

2021-03-25 13:31:03,834 INFO toClientNotifyTaskSize = 0

2021-03-25 13:31:03,868 INFO [long-pulling] client count 0

2021-03-25 13:31:13,834 INFO toNotifyTaskSize = 0

2021-03-25 13:31:13,834 INFO groupCount = 0, subscriberClientCount = 0, subscriberCount = 0

2021-03-25 13:31:13,834 INFO toClientNotifyTaskSize = 0

2021-03-25 13:31:13,869 INFO [long-pulling] client count 0

2021-03-25 13:31:23,834 INFO toNotifyTaskSize = 0

2021-03-25 13:31:23,834 INFO groupCount = 0, subscriberClientCount = 0, subscriberCount = 0

2021-03-25 13:31:23,834 INFO toClientNotifyTaskSize = 0

2021-03-25 13:31:23,870 INFO [long-pulling] client count 0

2021-03-25 13:31:33,835 INFO toNotifyTaskSize = 0

2021-03-25 13:31:33,835 INFO toClientNotifyTaskSize = 0

2021-03-25 13:31:33,835 INFO groupCount = 0, subscriberClientCount = 0, subscriberCount = 0

2021-03-25 13:31:33,872 INFO [long-pulling] client count 0

2021-03-25 13:31:43,835 INFO groupCount = 0, subscriberClientCount = 0, subscriberCount = 0

2021-03-25 13:31:43,837 INFO toNotifyTaskSize = 0

2021-03-25 13:31:43,837 INFO toClientNotifyTaskSize = 0

2021-03-25 13:31:43,873 INFO [long-pulling] client count 0

2021-03-25 13:31:53,838 INFO groupCount = 0, subscriberClientCount = 0, subscriberCount = 0

2021-03-25 13:31:53,839 INFO toNotifyTaskSize = 0

2021-03-25 13:31:53,839 INFO toClientNotifyTaskSize = 0

2021-03-25 13:31:53,874 INFO [long-pulling] client count 0

2021-03-25 13:32:03,839 INFO groupCount = 0, subscriberClientCount = 0, subscriberCount = 0

2021-03-25 13:32:03,841 INFO toNotifyTaskSize = 0

2021-03-25 13:32:03,841 INFO toClientNotifyTaskSize = 0

2021-03-25 13:32:03,876 INFO [long-pulling] client count 0

2021-03-25 13:32:13,839 INFO groupCount = 0, subscriberClientCount = 0, subscriberCount = 0

2021-03-25 13:32:13,841 INFO toNotifyTaskSize = 0

2021-03-25 13:32:13,841 INFO toClientNotifyTaskSize = 0

2021-03-25 13:32:13,877 INFO [long-pulling] client count 0

2021-03-25 13:33:34,676 INFO [long-pulling] client count 0

2021-03-25 13:33:44,646 INFO toNotifyTaskSize = 0

2021-03-25 13:33:44,647 INFO toClientNotifyTaskSize = 0

2021-03-25 13:33:44,652 INFO groupCount = 0, subscriberClientCount = 0, subscriberCount = 0

2021-03-25 13:33:44,683 INFO [long-pulling] client count 0

2021-03-25 13:33:54,648 INFO toNotifyTaskSize = 0

2021-03-25 13:33:54,648 INFO toClientNotifyTaskSize = 0

2021-03-25 13:33:54,655 INFO groupCount = 0, subscriberClientCount = 0, subscriberCount = 0

2021-03-25 13:33:54,684 INFO [long-pulling] client count 0

2021-03-25 13:34:04,650 INFO toNotifyTaskSize = 0

2021-03-25 13:34:04,650 INFO toClientNotifyTaskSize = 0

2021-03-25 13:34:04,657 INFO groupCount = 0, subscriberClientCount = 0, subscriberCount = 0

2021-03-25 13:34:04,686 INFO [long-pulling] client count 0

2021-03-25 13:34:14,652 INFO toNotifyTaskSize = 0

2021-03-25 13:34:14,652 INFO toClientNotifyTaskSize = 0

2021-03-25 13:34:14,657 INFO groupCount = 0, subscriberClientCount = 0, subscriberCount = 0

2021-03-25 13:34:14,686 INFO [long-pulling] client count 0

2021-03-25 13:34:24,653 INFO toNotifyTaskSize = 0

2021-03-25 13:34:24,653 INFO toClientNotifyTaskSize = 0

2021-03-25 13:34:24,657 INFO groupCount = 0, subscriberClientCount = 0, subscriberCount = 0

2021-03-25 13:34:24,687 INFO [long-pulling] client count 0

2021-03-25 13:34:34,654 INFO toNotifyTaskSize = 0

2021-03-25 13:34:34,654 INFO toClientNotifyTaskSize = 0

2021-03-25 13:34:34,658 INFO groupCount = 0, subscriberClientCount = 0, subscriberCount = 0

2021-03-25 13:34:34,689 INFO [long-pulling] client count 0

2021-03-25 13:34:44,656 INFO toNotifyTaskSize = 0

2021-03-25 13:34:44,656 INFO toClientNotifyTaskSize = 0

2021-03-25 13:34:44,659 INFO groupCount = 0, subscriberClientCount = 0, subscriberCount = 0

2021-03-25 13:34:44,690 INFO [long-pulling] client count 0

2021-03-25 13:34:54,658 INFO toNotifyTaskSize = 0

2021-03-25 13:34:54,658 INFO toClientNotifyTaskSize = 0

2021-03-25 13:34:54,660 INFO groupCount = 0, subscriberClientCount = 0, subscriberCount = 0

2021-03-25 13:34:54,691 INFO [long-pulling] client count 0

2021-03-25 13:35:04,666 INFO groupCount = 0, subscriberClientCount = 0, subscriberCount = 0

2021-03-25 13:35:04,666 INFO toNotifyTaskSize = 0

2021-03-25 13:35:04,667 INFO toClientNotifyTaskSize = 0

2021-03-25 13:35:04,693 INFO [long-pulling] client count 0

2021-03-25 13:35:14,669 INFO toNotifyTaskSize = 0

2021-03-25 13:35:14,669 INFO groupCount = 0, subscriberClientCount = 0, subscriberCount = 0

2021-03-25 13:35:14,669 INFO toClientNotifyTaskSize = 0

2021-03-25 13:35:14,694 INFO [long-pulling] client count 0

2021-03-25 13:35:24,669 INFO toNotifyTaskSize = 0

2021-03-25 13:35:24,669 INFO groupCount = 0, subscriberClientCount = 0, subscriberCount = 0

2021-03-25 13:35:24,669 INFO toClientNotifyTaskSize = 0

2021-03-25 13:35:24,695 INFO [long-pulling] client count 0

2021-03-25 13:35:34,670 INFO toNotifyTaskSize = 0

2021-03-25 13:35:34,671 INFO toClientNotifyTaskSize = 0

2021-03-25 13:35:34,671 INFO groupCount = 0, subscriberClientCount = 0, subscriberCount = 0

2021-03-25 13:35:34,698 INFO [long-pulling] client count 0

2021-03-25 13:35:44,672 INFO groupCount = 0, subscriberClientCount = 0, subscriberCount = 0

2021-03-25 13:35:44,672 INFO toNotifyTaskSize = 0

2021-03-25 13:35:44,672 INFO toClientNotifyTaskSize = 0

2021-03-25 13:35:44,700 INFO [long-pulling] client count 0

2021-03-25 13:35:54,673 INFO groupCount = 0, subscriberClientCount = 0, subscriberCount = 0

2021-03-25 13:35:54,673 INFO toNotifyTaskSize = 0

2021-03-25 13:35:54,673 INFO toClientNotifyTaskSize = 0

2021-03-25 13:35:54,700 INFO [long-pulling] client count 0

2021-03-25 13:36:04,673 INFO toNotifyTaskSize = 0

2021-03-25 13:36:04,673 INFO groupCount = 0, subscriberClientCount = 0, subscriberCount = 0

2021-03-25 13:36:04,673 INFO toClientNotifyTaskSize = 0

2021-03-25 13:36:04,701 INFO [long-pulling] client count 0

2021-03-25 13:36:14,674 INFO toNotifyTaskSize = 0

2021-03-25 13:36:14,674 INFO groupCount = 0, subscriberClientCount = 0, subscriberCount = 0

2021-03-25 13:36:14,674 INFO toClientNotifyTaskSize = 0

2021-03-25 13:36:14,703 INFO [long-pulling] client count 0

2021-03-25 13:36:24,674 INFO groupCount = 0, subscriberClientCount = 0, subscriberCount = 0

2021-03-25 13:36:24,674 INFO toNotifyTaskSize = 0

2021-03-25 13:36:24,674 INFO toClientNotifyTaskSize = 0

2021-03-25 13:36:24,704 INFO [long-pulling] client count 0

2021-03-25 13:36:34,675 INFO groupCount = 0, subscriberClientCount = 0, subscriberCount = 0

2021-03-25 13:36:34,675 INFO toNotifyTaskSize = 0

2021-03-25 13:36:34,675 INFO toClientNotifyTaskSize = 0

2021-03-25 13:36:34,705 INFO [long-pulling] client count 0

2021-03-25 13:36:44,676 INFO toNotifyTaskSize = 0

2021-03-25 13:36:44,676 INFO groupCount = 0, subscriberClientCount = 0, subscriberCount = 0

2021-03-25 13:36:44,676 INFO toClientNotifyTaskSize = 0

2021-03-25 13:36:44,706 INFO [long-pulling] client count 0

2021-03-25 13:36:54,678 INFO groupCount = 0, subscriberClientCount = 0, subscriberCount = 0

2021-03-25 13:36:54,678 INFO toNotifyTaskSize = 0

2021-03-25 13:36:54,678 INFO toClientNotifyTaskSize = 0

2021-03-25 13:36:54,707 INFO [long-pulling] client count 0

2021-03-25 13:37:04,678 INFO groupCount = 0, subscriberClientCount = 0, subscriberCount = 0

2021-03-25 13:37:04,678 INFO toNotifyTaskSize = 0

2021-03-25 13:37:04,678 INFO toClientNotifyTaskSize = 0

2021-03-25 13:37:04,708 INFO [long-pulling] client count 0

2021-03-25 13:37:14,679 INFO groupCount = 0, subscriberClientCount = 0, subscriberCount = 0

2021-03-25 13:37:14,679 INFO toNotifyTaskSize = 0

2021-03-25 13:37:14,679 INFO toClientNotifyTaskSize = 0

2021-03-25 13:37:14,710 INFO [long-pulling] client count 0

2021-03-25 13:37:24,679 INFO toNotifyTaskSize = 0

2021-03-25 13:37:24,679 INFO groupCount = 0, subscriberClientCount = 0, subscriberCount = 0

2021-03-25 13:37:24,679 INFO toClientNotifyTaskSize = 0

2021-03-25 13:37:24,711 INFO [long-pulling] client count 0

2021-03-25 13:37:34,679 INFO toNotifyTaskSize = 0

2021-03-25 13:37:34,679 INFO toClientNotifyTaskSize = 0

2021-03-25 13:37:34,679 INFO groupCount = 0, subscriberClientCount = 0, subscriberCount = 0

2021-03-25 13:37:34,712 INFO [long-pulling] client count 0

2021-03-25 13:37:44,679 INFO groupCount = 0, subscriberClientCount = 0, subscriberCount = 0

2021-03-25 13:37:44,679 INFO toNotifyTaskSize = 0

2021-03-25 13:37:44,679 INFO toClientNotifyTaskSize = 0

2021-03-25 13:37:44,713 INFO [long-pulling] client count 0

2021-03-25 13:37:54,680 INFO toNotifyTaskSize = 0

2021-03-25 13:37:54,680 INFO toClientNotifyTaskSize = 0

2021-03-25 13:37:54,680 INFO groupCount = 0, subscriberClientCount = 0, subscriberCount = 0

2021-03-25 13:37:54,716 INFO [long-pulling] client count 0

2021-03-25 13:38:04,716 INFO groupCount = 0, subscriberClientCount = 0, subscriberCount = 0

2021-03-25 13:38:04,716 INFO toNotifyTaskSize = 0

2021-03-25 13:38:04,716 INFO toClientNotifyTaskSize = 0

2021-03-25 13:38:04,746 INFO [long-pulling] client count 0

2021-03-25 13:38:14,718 INFO toNotifyTaskSize = 0

2021-03-25 13:38:14,718 INFO groupCount = 0, subscriberClientCount = 0, subscriberCount = 0

2021-03-25 13:38:14,718 INFO toClientNotifyTaskSize = 0

2021-03-25 13:38:14,748 INFO [long-pulling] client count 0

2021-03-25 13:38:24,720 INFO toNotifyTaskSize = 0

2021-03-25 13:38:24,720 INFO groupCount = 0, subscriberClientCount = 0, subscriberCount = 0

2021-03-25 13:38:24,720 INFO toClientNotifyTaskSize = 0

2021-03-25 13:38:24,749 INFO [long-pulling] client count 0

2021-03-25 13:38:34,720 INFO toNotifyTaskSize = 0

2021-03-25 13:38:34,720 INFO toClientNotifyTaskSize = 0

2021-03-25 13:38:34,720 INFO groupCount = 0, subscriberClientCount = 0, subscriberCount = 0

2021-03-25 13:38:34,750 INFO [long-pulling] client count 0

2021-03-25 13:38:44,721 INFO groupCount = 0, subscriberClientCount = 0, subscriberCount = 0

2021-03-25 13:38:44,721 INFO toNotifyTaskSize = 0

2021-03-25 13:38:44,721 INFO toClientNotifyTaskSize = 0

2021-03-25 13:38:44,752 INFO [long-pulling] client count 0

2021-03-25 13:38:54,721 INFO toNotifyTaskSize = 0

2021-03-25 13:38:54,721 INFO toClientNotifyTaskSize = 0

2021-03-25 13:38:54,721 INFO groupCount = 0, subscriberClientCount = 0, subscriberCount = 0

2021-03-25 13:38:54,752 INFO [long-pulling] client count 0

2021-03-25 13:39:04,722 INFO groupCount = 0, subscriberClientCount = 0, subscriberCount = 0

2021-03-25 13:39:04,722 INFO toNotifyTaskSize = 0

2021-03-25 13:39:04,722 INFO toClientNotifyTaskSize = 0

2021-03-25 13:39:04,753 INFO [long-pulling] client count 0

2021-03-25 13:39:14,723 INFO groupCount = 0, subscriberClientCount = 0, subscriberCount = 0

2021-03-25 13:39:14,723 INFO toNotifyTaskSize = 0

2021-03-25 13:39:14,723 INFO toClientNotifyTaskSize = 0

2021-03-25 13:39:14,754 INFO [long-pulling] client count 0

2021-03-25 13:39:24,725 INFO toNotifyTaskSize = 0

2021-03-25 13:39:24,725 INFO toClientNotifyTaskSize = 0

2021-03-25 13:39:24,725 INFO groupCount = 0, subscriberClientCount = 0, subscriberCount = 0

2021-03-25 13:39:24,755 INFO [long-pulling] client count 0

2021-03-25 13:39:34,725 INFO toNotifyTaskSize = 0

2021-03-25 13:39:34,725 INFO toClientNotifyTaskSize = 0

2021-03-25 13:39:34,725 INFO groupCount = 0, subscriberClientCount = 0, subscriberCount = 0

2021-03-25 13:39:34,756 INFO [long-pulling] client count 0

2021-03-25 13:39:44,726 INFO toNotifyTaskSize = 0

2021-03-25 13:39:44,726 INFO groupCount = 0, subscriberClientCount = 0, subscriberCount = 0

2021-03-25 13:39:44,726 INFO toClientNotifyTaskSize = 0

2021-03-25 13:39:44,757 INFO [long-pulling] client count 0

2021-03-25 13:39:54,727 INFO groupCount = 0, subscriberClientCount = 0, subscriberCount = 0

2021-03-25 13:39:54,727 INFO toNotifyTaskSize = 0

2021-03-25 13:39:54,727 INFO toClientNotifyTaskSize = 0

2021-03-25 13:39:54,759 INFO [long-pulling] client count 0

2021-03-25 13:40:04,729 INFO groupCount = 0, subscriberClientCount = 0, subscriberCount = 0

2021-03-25 13:40:04,729 INFO toNotifyTaskSize = 0

2021-03-25 13:40:04,729 INFO toClientNotifyTaskSize = 0

2021-03-25 13:40:04,760 INFO [long-pulling] client count 0

2021-03-25 13:40:14,732 INFO toNotifyTaskSize = 0

2021-03-25 13:40:14,732 INFO toClientNotifyTaskSize = 0

2021-03-25 13:40:14,732 INFO groupCount = 0, subscriberClientCount = 0, subscriberCount = 0

2021-03-25 13:40:14,764 INFO [long-pulling] client count 0

2021-03-25 13:40:24,735 INFO groupCount = 0, subscriberClientCount = 0, subscriberCount = 0

2021-03-25 13:40:24,735 INFO toNotifyTaskSize = 0

2021-03-25 13:40:24,735 INFO toClientNotifyTaskSize = 0

2021-03-25 13:40:24,766 INFO [long-pulling] client count 0

2021-03-25 13:40:34,737 INFO toNotifyTaskSize = 0

2021-03-25 13:40:34,737 INFO groupCount = 0, subscriberClientCount = 0, subscriberCount = 0

2021-03-25 13:40:34,737 INFO toClientNotifyTaskSize = 0

2021-03-25 13:40:34,767 INFO [long-pulling] client count 0

2021-03-25 13:40:44,738 INFO toNotifyTaskSize = 0

2021-03-25 13:40:44,738 INFO toClientNotifyTaskSize = 0

2021-03-25 13:40:44,738 INFO groupCount = 0, subscriberClientCount = 0, subscriberCount = 0

2021-03-25 13:40:44,768 INFO [long-pulling] client count 0

2021-03-25 13:40:54,741 INFO groupCount = 0, subscriberClientCount = 0, subscriberCount = 0

2021-03-25 13:40:54,741 INFO toNotifyTaskSize = 0

2021-03-25 13:40:54,741 INFO toClientNotifyTaskSize = 0

2021-03-25 13:40:54,769 INFO [long-pulling] client count 0

2021-03-25 13:41:04,755 INFO toNotifyTaskSize = 0

2021-03-25 13:41:04,756 INFO toClientNotifyTaskSize = 0

2021-03-25 13:41:04,756 INFO groupCount = 0, subscriberClientCount = 0, subscriberCount = 0

2021-03-25 13:41:04,769 INFO [long-pulling] client count 0

2021-03-25 13:41:14,756 INFO toNotifyTaskSize = 0

2021-03-25 13:41:14,756 INFO toClientNotifyTaskSize = 0

2021-03-25 13:41:14,756 INFO groupCount = 0, subscriberClientCount = 0, subscriberCount = 0

2021-03-25 13:41:14,770 INFO [long-pulling] client count 0

2021-03-25 13:41:24,757 INFO toNotifyTaskSize = 0

2021-03-25 13:41:24,757 INFO groupCount = 0, subscriberClientCount = 0, subscriberCount = 0

2021-03-25 13:41:24,757 INFO toClientNotifyTaskSize = 0

2021-03-25 13:41:24,783 INFO [long-pulling] client count 0

2021-03-25 13:41:34,758 INFO toNotifyTaskSize = 0

2021-03-25 13:41:34,758 INFO groupCount = 0, subscriberClientCount = 0, subscriberCount = 0

2021-03-25 13:41:34,758 INFO toClientNotifyTaskSize = 0

2021-03-25 13:41:34,786 INFO [long-pulling] client count 0

2021-03-25 13:41:44,758 INFO groupCount = 0, subscriberClientCount = 0, subscriberCount = 0

2021-03-25 13:41:44,758 INFO toNotifyTaskSize = 0

2021-03-25 13:41:44,758 INFO toClientNotifyTaskSize = 0

2021-03-25 13:41:44,787 INFO [long-pulling] client count 0

2021-03-25 13:41:54,760 INFO toNotifyTaskSize = 0

2021-03-25 13:41:54,760 INFO groupCount = 0, subscriberClientCount = 0, subscriberCount = 0

2021-03-25 13:41:54,760 INFO toClientNotifyTaskSize = 0

2021-03-25 13:41:54,788 INFO [long-pulling] client count 0

2021-03-25 13:42:04,762 INFO groupCount = 0, subscriberClientCount = 0, subscriberCount = 0

2021-03-25 13:42:04,762 INFO toNotifyTaskSize = 0

2021-03-25 13:42:04,762 INFO toClientNotifyTaskSize = 0

2021-03-25 13:42:04,790 INFO [long-pulling] client count 0

2021-03-25 13:42:14,764 INFO toNotifyTaskSize = 0

2021-03-25 13:42:14,764 INFO groupCount = 0, subscriberClientCount = 0, subscriberCount = 0

2021-03-25 13:42:14,764 INFO toClientNotifyTaskSize = 0

2021-03-25 13:42:14,791 INFO [long-pulling] client count 0

2021-03-25 13:42:24,764 INFO groupCount = 0, subscriberClientCount = 0, subscriberCount = 0

2021-03-25 13:42:24,764 INFO toNotifyTaskSize = 0

2021-03-25 13:42:24,764 INFO toClientNotifyTaskSize = 0

2021-03-25 13:42:24,792 INFO [long-pulling] client count 0

2021-03-25 13:42:34,765 INFO toNotifyTaskSize = 0

2021-03-25 13:42:34,765 INFO toClientNotifyTaskSize = 0

2021-03-25 13:42:34,766 INFO groupCount = 0, subscriberClientCount = 0, subscriberCount = 0

2021-03-25 13:42:34,794 INFO [long-pulling] client count 0

2021-03-25 13:42:44,766 INFO groupCount = 0, subscriberClientCount = 0, subscriberCount = 0

2021-03-25 13:42:44,766 INFO toNotifyTaskSize = 0

2021-03-25 13:42:44,766 INFO toClientNotifyTaskSize = 0

2021-03-25 13:42:44,795 INFO [long-pulling] client count 0

2021-03-25 13:42:54,784 INFO toNotifyTaskSize = 0

2021-03-25 13:42:54,784 INFO toClientNotifyTaskSize = 0

2021-03-25 13:42:54,784 INFO groupCount = 0, subscriberClientCount = 0, subscriberCount = 0

2021-03-25 13:42:54,794 INFO [long-pulling] client count 0

2021-03-25 13:43:04,785 INFO toNotifyTaskSize = 0

2021-03-25 13:43:04,785 INFO groupCount = 0, subscriberClientCount = 0, subscriberCount = 0

2021-03-25 13:43:04,785 INFO toClientNotifyTaskSize = 0

2021-03-25 13:43:04,797 INFO [long-pulling] client count 0

2021-03-25 13:43:14,785 INFO groupCount = 0, subscriberClientCount = 0, subscriberCount = 0

2021-03-25 13:43:14,785 INFO toNotifyTaskSize = 0

2021-03-25 13:43:14,785 INFO toClientNotifyTaskSize = 0

2021-03-25 13:43:14,799 INFO [long-pulling] client count 0

2021-03-25 13:43:24,836 INFO toNotifyTaskSize = 0

2021-03-25 13:43:24,836 INFO toClientNotifyTaskSize = 0

2021-03-25 13:43:24,836 INFO groupCount = 0, subscriberClientCount = 0, subscriberCount = 0

2021-03-25 13:43:24,836 INFO [long-pulling] client count 0

2021-03-25 13:43:34,837 INFO toNotifyTaskSize = 0

2021-03-25 13:43:34,837 INFO [long-pulling] client count 0

2021-03-25 13:43:34,837 INFO groupCount = 0, subscriberClientCount = 0, subscriberCount = 0

2021-03-25 13:43:34,837 INFO toClientNotifyTaskSize = 0

2021-03-25 13:43:44,838 INFO groupCount = 0, subscriberClientCount = 0, subscriberCount = 0

2021-03-25 13:43:44,838 INFO toNotifyTaskSize = 0

2021-03-25 13:43:44,838 INFO toClientNotifyTaskSize = 0

2021-03-25 13:43:44,839 INFO [long-pulling] client count 0

2021-03-25 13:43:54,838 INFO groupCount = 0, subscriberClientCount = 0, subscriberCount = 0

2021-03-25 13:43:54,838 INFO toNotifyTaskSize = 0

2021-03-25 13:43:54,838 INFO toClientNotifyTaskSize = 0

2021-03-25 13:43:54,840 INFO [long-pulling] client count 0

2021-03-25 13:44:04,839 INFO toNotifyTaskSize = 0

2021-03-25 13:44:04,839 INFO groupCount = 0, subscriberClientCount = 0, subscriberCount = 0

2021-03-25 13:44:04,839 INFO toClientNotifyTaskSize = 0

2021-03-25 13:44:04,841 INFO [long-pulling] client count 0

2021-03-25 13:44:14,840 INFO groupCount = 0, subscriberClientCount = 0, subscriberCount = 0

2021-03-25 13:44:14,840 INFO toNotifyTaskSize = 0

2021-03-25 13:44:14,840 INFO toClientNotifyTaskSize = 0

2021-03-25 13:44:14,843 INFO [long-pulling] client count 0

2021-03-25 13:44:24,842 INFO toNotifyTaskSize = 0

2021-03-25 13:44:24,842 INFO toClientNotifyTaskSize = 0

2021-03-25 13:44:24,842 INFO groupCount = 0, subscriberClientCount = 0, subscriberCount = 0

2021-03-25 13:44:24,844 INFO [long-pulling] client count 0

2021-03-25 13:44:34,842 INFO toNotifyTaskSize = 0

2021-03-25 13:44:34,842 INFO groupCount = 0, subscriberClientCount = 0, subscriberCount = 0

2021-03-25 13:44:34,842 INFO toClientNotifyTaskSize = 0

2021-03-25 13:44:34,845 INFO [long-pulling] client count 0

2021-03-25 13:44:44,843 INFO toNotifyTaskSize = 0

2021-03-25 13:44:44,843 INFO groupCount = 0, subscriberClientCount = 0, subscriberCount = 0

2021-03-25 13:44:44,843 INFO toClientNotifyTaskSize = 0

2021-03-25 13:44:44,847 INFO [long-pulling] client count 0

2021-03-25 13:44:54,843 INFO groupCount = 0, subscriberClientCount = 0, subscriberCount = 0

2021-03-25 13:44:54,843 INFO toNotifyTaskSize = 0

2021-03-25 13:44:54,843 INFO toClientNotifyTaskSize = 0

2021-03-25 13:44:54,847 INFO [long-pulling] client count 0

2021-03-25 13:45:04,857 INFO toNotifyTaskSize = 0

2021-03-25 13:45:04,857 INFO toClientNotifyTaskSize = 0

2021-03-25 13:45:04,857 INFO groupCount = 0, subscriberClientCount = 0, subscriberCount = 0

2021-03-25 13:45:04,857 INFO [long-pulling] client count 0

2021-03-25 13:45:14,863 INFO [long-pulling] client count 0

2021-03-25 13:45:14,863 INFO groupCount = 0, subscriberClientCount = 0, subscriberCount = 0

2021-03-25 13:45:14,863 INFO toNotifyTaskSize = 0

2021-03-25 13:45:14,863 INFO toClientNotifyTaskSize = 0

2021-03-25 13:45:24,865 INFO [long-pulling] client count 0

2021-03-25 13:45:24,866 INFO toNotifyTaskSize = 0

2021-03-25 13:45:24,866 INFO groupCount = 0, subscriberClientCount = 0, subscriberCount = 0

2021-03-25 13:45:24,866 INFO toClientNotifyTaskSize = 0

2021-03-25 13:45:34,866 INFO groupCount = 0, subscriberClientCount = 0, subscriberCount = 0

2021-03-25 13:45:34,866 INFO toNotifyTaskSize = 0

2021-03-25 13:45:34,866 INFO [long-pulling] client count 0

2021-03-25 13:45:34,866 INFO toClientNotifyTaskSize = 0

2021-03-25 13:45:44,869 INFO [long-pulling] client count 0

2021-03-25 13:45:44,869 INFO groupCount = 0, subscriberClientCount = 0, subscriberCount = 0

2021-03-25 13:45:44,869 INFO toNotifyTaskSize = 0

2021-03-25 13:45:44,869 INFO toClientNotifyTaskSize = 0

2021-03-25 13:45:54,875 INFO [long-pulling] client count 0

2021-03-25 13:45:54,875 INFO toNotifyTaskSize = 0

2021-03-25 13:45:54,875 INFO toClientNotifyTaskSize = 0

2021-03-25 13:45:54,875 INFO groupCount = 0, subscriberClientCount = 0, subscriberCount = 0

2021-03-25 13:46:04,875 INFO [long-pulling] client count 0

2021-03-25 13:46:04,876 INFO toNotifyTaskSize = 0

2021-03-25 13:46:04,876 INFO toClientNotifyTaskSize = 0

2021-03-25 13:46:04,876 INFO groupCount = 0, subscriberClientCount = 0, subscriberCount = 0

2021-03-25 13:46:14,877 INFO [long-pulling] client count 0

2021-03-25 13:46:14,877 INFO toNotifyTaskSize = 0

2021-03-25 13:46:14,877 INFO groupCount = 0, subscriberClientCount = 0, subscriberCount = 0

2021-03-25 13:46:14,877 INFO toClientNotifyTaskSize = 0

2021-03-25 13:46:24,877 INFO groupCount = 0, subscriberClientCount = 0, subscriberCount = 0

2021-03-25 13:46:24,877 INFO toNotifyTaskSize = 0

2021-03-25 13:46:24,877 INFO toClientNotifyTaskSize = 0

2021-03-25 13:46:24,878 INFO [long-pulling] client count 0

2021-03-25 13:46:34,877 INFO toNotifyTaskSize = 0

2021-03-25 13:46:34,877 INFO toClientNotifyTaskSize = 0

2021-03-25 13:46:34,877 INFO groupCount = 0, subscriberClientCount = 0, subscriberCount = 0

2021-03-25 13:46:34,879 INFO [long-pulling] client count 0

2021-03-25 13:46:44,883 INFO groupCount = 0, subscriberClientCount = 0, subscriberCount = 0

2021-03-25 13:46:44,884 INFO toNotifyTaskSize = 0

2021-03-25 13:46:44,884 INFO toClientNotifyTaskSize = 0

2021-03-25 13:46:44,890 INFO [long-pulling] client count 0

2021-03-25 13:46:54,888 INFO groupCount = 0, subscriberClientCount = 0, subscriberCount = 0

2021-03-25 13:46:54,888 INFO toNotifyTaskSize = 0

2021-03-25 13:46:54,888 INFO toClientNotifyTaskSize = 0

2021-03-25 13:46:54,894 INFO [long-pulling] client count 0

2021-03-25 13:47:04,893 INFO toNotifyTaskSize = 0

2021-03-25 13:47:04,893 INFO toClientNotifyTaskSize = 0

2021-03-25 13:47:04,893 INFO groupCount = 0, subscriberClientCount = 0, subscriberCount = 0

2021-03-25 13:47:04,908 INFO [long-pulling] client count 0

2021-03-25 13:47:14,896 INFO groupCount = 0, subscriberClientCount = 0, subscriberCount = 0

2021-03-25 13:47:14,896 INFO toNotifyTaskSize = 0

2021-03-25 13:47:14,896 INFO toClientNotifyTaskSize = 0

2021-03-25 13:47:14,908 INFO [long-pulling] client count 0

2021-03-25 13:47:24,898 INFO groupCount = 0, subscriberClientCount = 0, subscriberCount = 0

2021-03-25 13:47:24,898 INFO toNotifyTaskSize = 0

2021-03-25 13:47:24,898 INFO toClientNotifyTaskSize = 0

2021-03-25 13:47:24,911 INFO [long-pulling] client count 0

2021-03-25 13:47:34,898 INFO toNotifyTaskSize = 0

2021-03-25 13:47:34,898 INFO groupCount = 0, subscriberClientCount = 0, subscriberCount = 0

2021-03-25 13:47:34,898 INFO toClientNotifyTaskSize = 0

2021-03-25 13:47:34,912 INFO [long-pulling] client count 0

2021-03-25 13:47:44,912 INFO toNotifyTaskSize = 0

2021-03-25 13:47:44,912 INFO toClientNotifyTaskSize = 0

2021-03-25 13:47:44,912 INFO groupCount = 0, subscriberClientCount = 0, subscriberCount = 0

2021-03-25 13:47:44,914 INFO [long-pulling] client count 0

2021-03-25 13:47:54,912 INFO groupCount = 0, subscriberClientCount = 0, subscriberCount = 0

2021-03-25 13:47:54,912 INFO toNotifyTaskSize = 0

2021-03-25 13:47:54,912 INFO toClientNotifyTaskSize = 0

2021-03-25 13:47:54,916 INFO [long-pulling] client count 0

2021-03-25 13:48:04,912 INFO toNotifyTaskSize = 0

2021-03-25 13:48:04,912 INFO groupCount = 0, subscriberClientCount = 0, subscriberCount = 0

2021-03-25 13:48:04,912 INFO toClientNotifyTaskSize = 0

2021-03-25 13:48:04,917 INFO [long-pulling] client count 0

2021-03-25 13:48:14,913 INFO groupCount = 0, subscriberClientCount = 0, subscriberCount = 0

2021-03-25 13:48:14,913 INFO toNotifyTaskSize = 0

2021-03-25 13:48:14,913 INFO toClientNotifyTaskSize = 0

2021-03-25 13:48:14,919 INFO [long-pulling] client count 0

2021-03-25 13:48:24,914 INFO toNotifyTaskSize = 0

2021-03-25 13:48:24,914 INFO groupCount = 0, subscriberClientCount = 0, subscriberCount = 0

2021-03-25 13:48:24,914 INFO toClientNotifyTaskSize = 0

2021-03-25 13:48:24,920 INFO [long-pulling] client count 0

2021-03-25 13:48:34,917 INFO toNotifyTaskSize = 0

2021-03-25 13:48:34,917 INFO groupCount = 0, subscriberClientCount = 0, subscriberCount = 0

2021-03-25 13:48:34,917 INFO toClientNotifyTaskSize = 0

2021-03-25 13:48:34,922 INFO [long-pulling] client count 0

2021-03-25 13:48:44,919 INFO groupCount = 0, subscriberClientCount = 0, subscriberCount = 0

2021-03-25 13:48:44,919 INFO toNotifyTaskSize = 0

2021-03-25 13:48:44,919 INFO toClientNotifyTaskSize = 0

2021-03-25 13:48:44,923 INFO [long-pulling] client count 0

2021-03-25 13:48:54,919 INFO toNotifyTaskSize = 0

2021-03-25 13:48:54,919 INFO groupCount = 0, subscriberClientCount = 0, subscriberCount = 0

2021-03-25 13:48:54,919 INFO toClientNotifyTaskSize = 0

2021-03-25 13:48:54,924 INFO [long-pulling] client count 0

2021-03-25 13:49:04,919 INFO toNotifyTaskSize = 0

2021-03-25 13:49:04,919 INFO groupCount = 0, subscriberClientCount = 0, subscriberCount = 0

2021-03-25 13:49:04,919 INFO toClientNotifyTaskSize = 0

2021-03-25 13:49:04,925 INFO [long-pulling] client count 0

2021-03-25 13:49:14,922 INFO toNotifyTaskSize = 0

2021-03-25 13:49:14,922 INFO groupCount = 0, subscriberClientCount = 0, subscriberCount = 0

2021-03-25 13:49:14,922 INFO toClientNotifyTaskSize = 0

2021-03-25 13:49:14,927 INFO [long-pulling] client count 0

2021-03-25 13:49:24,922 INFO groupCount = 0, subscriberClientCount = 0, subscriberCount = 0

2021-03-25 13:49:24,922 INFO toNotifyTaskSize = 0

2021-03-25 13:49:24,922 INFO toClientNotifyTaskSize = 0

2021-03-25 13:49:24,928 INFO [long-pulling] client count 0

2021-03-25 13:49:34,924 INFO toNotifyTaskSize = 0

2021-03-25 13:49:34,924 INFO groupCount = 0, subscriberClientCount = 0, subscriberCount = 0

2021-03-25 13:49:34,924 INFO toClientNotifyTaskSize = 0

2021-03-25 13:49:34,929 INFO [long-pulling] client count 0

2021-03-25 13:49:44,925 INFO groupCount = 0, subscriberClientCount = 0, subscriberCount = 0

2021-03-25 13:49:44,925 INFO toNotifyTaskSize = 0

2021-03-25 13:49:44,925 INFO toClientNotifyTaskSize = 0

2021-03-25 13:49:44,930 INFO [long-pulling] client count 0

2021-03-25 13:49:54,927 INFO groupCount = 0, subscriberClientCount = 0, subscriberCount = 0

2021-03-25 13:49:54,927 INFO toNotifyTaskSize = 0

2021-03-25 13:49:54,927 INFO toClientNotifyTaskSize = 0

2021-03-25 13:49:54,930 INFO [long-pulling] client count 0

2021-03-25 13:50:04,929 INFO groupCount = 0, subscriberClientCount = 0, subscriberCount = 0

2021-03-25 13:50:04,929 INFO toNotifyTaskSize = 0

2021-03-25 13:50:04,929 INFO toClientNotifyTaskSize = 0

2021-03-25 13:50:04,931 INFO [long-pulling] client count 0

2021-03-25 13:50:14,930 INFO groupCount = 0, subscriberClientCount = 0, subscriberCount = 0

2021-03-25 13:50:14,930 INFO toNotifyTaskSize = 0

2021-03-25 13:50:14,930 INFO toClientNotifyTaskSize = 0

2021-03-25 13:50:14,933 INFO [long-pulling] client count 0

2021-03-25 13:50:24,931 INFO toNotifyTaskSize = 0

2021-03-25 13:50:24,931 INFO groupCount = 0, subscriberClientCount = 0, subscriberCount = 0

2021-03-25 13:50:24,931 INFO toClientNotifyTaskSize = 0

2021-03-25 13:50:24,935 INFO [long-pulling] client count 0

2021-03-25 13:50:34,932 INFO toNotifyTaskSize = 0

2021-03-25 13:50:34,932 INFO groupCount = 0, subscriberClientCount = 0, subscriberCount = 0

2021-03-25 13:50:34,932 INFO toClientNotifyTaskSize = 0

2021-03-25 13:50:34,936 INFO [long-pulling] client count 0

2021-03-25 13:50:44,933 INFO groupCount = 0, subscriberClientCount = 0, subscriberCount = 0

2021-03-25 13:50:44,933 INFO toNotifyTaskSize = 0

2021-03-25 13:50:44,933 INFO toClientNotifyTaskSize = 0

2021-03-25 13:50:44,937 INFO [long-pulling] client count 0

2021-03-25 13:50:54,934 INFO toNotifyTaskSize = 0

2021-03-25 13:50:54,934 INFO groupCount = 0, subscriberClientCount = 0, subscriberCount = 0

2021-03-25 13:50:54,934 INFO toClientNotifyTaskSize = 0

2021-03-25 13:50:54,938 INFO [long-pulling] client count 0

2021-03-25 13:51:04,934 INFO groupCount = 0, subscriberClientCount = 0, subscriberCount = 0

2021-03-25 13:51:04,934 INFO toNotifyTaskSize = 0

2021-03-25 13:51:04,934 INFO toClientNotifyTaskSize = 0

2021-03-25 13:51:04,939 INFO [long-pulling] client count 0

2021-03-25 13:51:14,935 INFO groupCount = 0, subscriberClientCount = 0, subscriberCount = 0

2021-03-25 13:51:14,935 INFO toNotifyTaskSize = 0

2021-03-25 13:51:14,935 INFO toClientNotifyTaskSize = 0

2021-03-25 13:51:14,939 INFO [long-pulling] client count 0

2021-03-25 13:51:24,936 INFO toNotifyTaskSize = 0

2021-03-25 13:51:24,937 INFO toClientNotifyTaskSize = 0

2021-03-25 13:51:24,938 INFO groupCount = 0, subscriberClientCount = 0, subscriberCount = 0

2021-03-25 13:51:24,940 INFO [long-pulling] client count 0

2021-03-25 13:51:34,940 INFO toNotifyTaskSize = 0

2021-03-25 13:51:34,940 INFO groupCount = 0, subscriberClientCount = 0, subscriberCount = 0

2021-03-25 13:51:34,940 INFO toClientNotifyTaskSize = 0

2021-03-25 13:51:34,942 INFO [long-pulling] client count 0

2021-03-25 13:51:44,940 INFO groupCount = 0, subscriberClientCount = 0, subscriberCount = 0

2021-03-25 13:51:44,940 INFO toNotifyTaskSize = 0

2021-03-25 13:51:44,940 INFO toClientNotifyTaskSize = 0

2021-03-25 13:51:44,943 INFO [long-pulling] client count 0

2021-03-25 13:51:54,942 INFO groupCount = 0, subscriberClientCount = 0, subscriberCount = 0

2021-03-25 13:51:54,942 INFO toNotifyTaskSize = 0

2021-03-25 13:51:54,942 INFO toClientNotifyTaskSize = 0

2021-03-25 13:51:54,945 INFO [long-pulling] client count 0

2021-03-25 13:52:04,943 INFO groupCount = 0, subscriberClientCount = 0, subscriberCount = 0

2021-03-25 13:52:04,943 INFO toNotifyTaskSize = 0

2021-03-25 13:52:04,943 INFO toClientNotifyTaskSize = 0

2021-03-25 13:52:04,946 INFO [long-pulling] client count 0

2021-03-25 13:52:14,944 INFO groupCount = 0, subscriberClientCount = 0, subscriberCount = 0

2021-03-25 13:52:14,944 INFO toNotifyTaskSize = 0

2021-03-25 13:52:14,944 INFO toClientNotifyTaskSize = 0

2021-03-25 13:52:14,946 INFO [long-pulling] client count 0

2021-03-25 13:52:24,944 INFO groupCount = 0, subscriberClientCount = 0, subscriberCount = 0

2021-03-25 13:52:24,944 INFO toNotifyTaskSize = 0

2021-03-25 13:52:24,944 INFO toClientNotifyTaskSize = 0

2021-03-25 13:52:24,947 INFO [long-pulling] client count 0

2021-03-25 13:52:34,945 INFO groupCount = 0, subscriberClientCount = 0, subscriberCount = 0

2021-03-25 13:52:34,945 INFO toNotifyTaskSize = 0

2021-03-25 13:52:34,945 INFO toClientNotifyTaskSize = 0

2021-03-25 13:52:34,948 INFO [long-pulling] client count 0

2021-03-25 13:52:44,946 INFO toNotifyTaskSize = 0

2021-03-25 13:52:44,946 INFO groupCount = 0, subscriberClientCount = 0, subscriberCount = 0

2021-03-25 13:52:44,946 INFO toClientNotifyTaskSize = 0

2021-03-25 13:52:44,948 INFO [long-pulling] client count 0

2021-03-25 13:52:54,948 INFO toNotifyTaskSize = 0

2021-03-25 13:52:54,948 INFO toClientNotifyTaskSize = 0

2021-03-25 13:52:54,948 INFO groupCount = 0, subscriberClientCount = 0, subscriberCount = 0

2021-03-25 13:52:54,949 INFO [long-pulling] client count 0

2021-03-25 13:53:04,949 INFO toNotifyTaskSize = 0

2021-03-25 13:53:04,949 INFO groupCount = 0, subscriberClientCount = 0, subscriberCount = 0

2021-03-25 13:53:04,949 INFO toClientNotifyTaskSize = 0

2021-03-25 13:53:04,951 INFO [long-pulling] client count 0

2021-03-25 13:53:14,949 INFO groupCount = 0, subscriberClientCount = 0, subscriberCount = 0

2021-03-25 13:53:14,949 INFO toNotifyTaskSize = 0

2021-03-25 13:53:14,949 INFO toClientNotifyTaskSize = 0

2021-03-25 13:53:14,952 INFO [long-pulling] client count 0

2021-03-25 13:53:24,949 INFO groupCount = 0, subscriberClientCount = 0, subscriberCount = 0

2021-03-25 13:53:24,949 INFO toNotifyTaskSize = 0

2021-03-25 13:53:24,949 INFO toClientNotifyTaskSize = 0

2021-03-25 13:53:24,953 INFO [long-pulling] client count 0

2021-03-25 13:53:34,952 INFO toNotifyTaskSize = 0

2021-03-25 13:53:34,952 INFO groupCount = 0, subscriberClientCount = 0, subscriberCount = 0

2021-03-25 13:53:34,952 INFO toClientNotifyTaskSize = 0

2021-03-25 13:53:34,955 INFO [long-pulling] client count 0

2021-03-25 13:53:44,953 INFO groupCount = 0, subscriberClientCount = 0, subscriberCount = 0

2021-03-25 13:53:44,953 INFO toNotifyTaskSize = 0

2021-03-25 13:53:44,953 INFO toClientNotifyTaskSize = 0

2021-03-25 13:53:44,956 INFO [long-pulling] client count 0

2021-03-25 13:53:54,954 INFO toNotifyTaskSize = 0

2021-03-25 13:53:54,954 INFO groupCount = 0, subscriberClientCount = 0, subscriberCount = 0

2021-03-25 13:53:54,954 INFO toClientNotifyTaskSize = 0

2021-03-25 13:53:54,956 INFO [long-pulling] client count 0

2021-03-25 13:54:04,954 INFO toNotifyTaskSize = 0

2021-03-25 13:54:04,954 INFO toClientNotifyTaskSize = 0

2021-03-25 13:54:04,954 INFO groupCount = 0, subscriberClientCount = 0, subscriberCount = 0

2021-03-25 13:54:04,958 INFO [long-pulling] client count 0

2021-03-25 13:54:14,956 INFO toNotifyTaskSize = 0

2021-03-25 13:54:14,956 INFO groupCount = 0, subscriberClientCount = 0, subscriberCount = 0

2021-03-25 13:54:14,956 INFO toClientNotifyTaskSize = 0

2021-03-25 13:54:14,960 INFO [long-pulling] client count 0

2021-03-25 13:54:24,957 INFO groupCount = 0, subscriberClientCount = 0, subscriberCount = 0

2021-03-25 13:54:24,957 INFO toNotifyTaskSize = 0

2021-03-25 13:54:24,957 INFO toClientNotifyTaskSize = 0

2021-03-25 13:54:24,960 INFO [long-pulling] client count 0

2021-03-25 13:54:34,958 INFO toNotifyTaskSize = 0

2021-03-25 13:54:34,958 INFO groupCount = 0, subscriberClientCount = 0, subscriberCount = 0

2021-03-25 13:54:34,958 INFO toClientNotifyTaskSize = 0

2021-03-25 13:54:34,960 INFO [long-pulling] client count 0

2021-03-25 13:54:44,960 INFO toNotifyTaskSize = 0

2021-03-25 13:54:44,960 INFO toClientNotifyTaskSize = 0

2021-03-25 13:54:44,960 INFO groupCount = 0, subscriberClientCount = 0, subscriberCount = 0

2021-03-25 13:54:44,962 INFO [long-pulling] client count 0

2021-03-25 13:54:54,962 INFO toNotifyTaskSize = 0

2021-03-25 13:54:54,962 INFO groupCount = 0, subscriberClientCount = 0, subscriberCount = 0

2021-03-25 13:54:54,962 INFO toClientNotifyTaskSize = 0

2021-03-25 13:54:54,963 INFO [long-pulling] client count 0

2021-03-25 13:55:04,963 INFO groupCount = 0, subscriberClientCount = 0, subscriberCount = 0

2021-03-25 13:55:04,963 INFO toNotifyTaskSize = 0

2021-03-25 13:55:04,963 INFO toClientNotifyTaskSize = 0

2021-03-25 13:55:04,964 INFO [long-pulling] client count 0

2021-03-25 13:55:14,964 INFO groupCount = 0, subscriberClientCount = 0, subscriberCount = 0

2021-03-25 13:55:14,964 INFO toNotifyTaskSize = 0

2021-03-25 13:55:14,964 INFO toClientNotifyTaskSize = 0

2021-03-25 13:55:14,965 INFO [long-pulling] client count 0

2021-03-25 13:55:24,966 INFO toNotifyTaskSize = 0

2021-03-25 13:55:24,966 INFO groupCount = 0, subscriberClientCount = 0, subscriberCount = 0

2021-03-25 13:55:24,966 INFO toClientNotifyTaskSize = 0

2021-03-25 13:55:24,967 INFO [long-pulling] client count 0

2021-03-25 13:55:34,971 INFO toNotifyTaskSize = 0

2021-03-25 13:55:34,971 INFO toClientNotifyTaskSize = 0

2021-03-25 13:55:34,971 INFO groupCount = 0, subscriberClientCount = 0, subscriberCount = 0

2021-03-25 13:55:34,971 INFO [long-pulling] client count 0

2021-03-25 13:55:44,972 INFO toNotifyTaskSize = 0

2021-03-25 13:55:44,972 INFO groupCount = 0, subscriberClientCount = 0, subscriberCount = 0

2021-03-25 13:55:44,972 INFO toClientNotifyTaskSize = 0

2021-03-25 13:55:44,972 INFO [long-pulling] client count 0

2021-03-25 13:55:54,974 INFO toNotifyTaskSize = 0

2021-03-25 13:55:54,974 INFO groupCount = 0, subscriberClientCount = 0, subscriberCount = 0

2021-03-25 13:55:54,974 INFO toClientNotifyTaskSize = 0

2021-03-25 13:55:54,975 INFO [long-pulling] client count 0

2021-03-25 13:56:04,975 INFO toNotifyTaskSize = 0

2021-03-25 13:56:04,975 INFO toClientNotifyTaskSize = 0

2021-03-25 13:56:04,975 INFO groupCount = 0, subscriberClientCount = 0, subscriberCount = 0

2021-03-25 13:56:04,975 INFO [long-pulling] client count 0

2021-03-25 13:56:14,976 INFO groupCount = 0, subscriberClientCount = 0, subscriberCount = 0

2021-03-25 13:56:14,976 INFO [long-pulling] client count 0

2021-03-25 13:56:14,976 INFO toNotifyTaskSize = 0

2021-03-25 13:56:14,976 INFO toClientNotifyTaskSize = 0

2021-03-25 13:56:24,977 INFO groupCount = 0, subscriberClientCount = 0, subscriberCount = 0

2021-03-25 13:56:24,977 INFO toNotifyTaskSize = 0

2021-03-25 13:56:24,977 INFO toClientNotifyTaskSize = 0

2021-03-25 13:56:24,978 INFO [long-pulling] client count 0

2021-03-25 13:56:34,978 INFO toNotifyTaskSize = 0

2021-03-25 13:56:34,978 INFO groupCount = 0, subscriberClientCount = 0, subscriberCount = 0

2021-03-25 13:56:34,978 INFO toClientNotifyTaskSize = 0

2021-03-25 13:56:34,980 INFO [long-pulling] client count 0

2021-03-25 13:56:44,980 INFO groupCount = 0, subscriberClientCount = 0, subscriberCount = 0

2021-03-25 13:56:44,980 INFO toNotifyTaskSize = 0

2021-03-25 13:56:44,980 INFO toClientNotifyTaskSize = 0

2021-03-25 13:56:44,983 INFO [long-pulling] client count 0

2021-03-25 13:56:54,981 INFO groupCount = 0, subscriberClientCount = 0, subscriberCount = 0

2021-03-25 13:56:54,981 INFO toNotifyTaskSize = 0

2021-03-25 13:56:54,981 INFO toClientNotifyTaskSize = 0

2021-03-25 13:56:54,984 INFO [long-pulling] client count 0

2021-03-25 13:57:04,981 INFO toNotifyTaskSize = 0

2021-03-25 13:57:04,981 INFO toClientNotifyTaskSize = 0

2021-03-25 13:57:04,981 INFO groupCount = 0, subscriberClientCount = 0, subscriberCount = 0

2021-03-25 13:57:04,985 INFO [long-pulling] client count 0

2021-03-25 13:57:14,983 INFO groupCount = 0, subscriberClientCount = 0, subscriberCount = 0

2021-03-25 13:57:14,983 INFO toNotifyTaskSize = 0

2021-03-25 13:57:14,983 INFO toClientNotifyTaskSize = 0

2021-03-25 13:57:14,986 INFO [long-pulling] client count 0

2021-03-25 13:57:24,985 INFO toNotifyTaskSize = 0

2021-03-25 13:57:24,985 INFO groupCount = 0, subscriberClientCount = 0, subscriberCount = 0

2021-03-25 13:57:24,985 INFO toClientNotifyTaskSize = 0

2021-03-25 13:57:24,987 INFO [long-pulling] client count 0

2021-03-25 13:57:34,986 INFO toNotifyTaskSize = 0

2021-03-25 13:57:34,986 INFO toClientNotifyTaskSize = 0

2021-03-25 13:57:34,997 INFO groupCount = 0, subscriberClientCount = 0, subscriberCount = 0

2021-03-25 13:57:34,997 INFO [long-pulling] client count 0

2021-03-25 13:57:44,987 INFO toNotifyTaskSize = 0

2021-03-25 13:57:44,987 INFO toClientNotifyTaskSize = 0

2021-03-25 13:57:44,999 INFO groupCount = 0, subscriberClientCount = 0, subscriberCount = 0

2021-03-25 13:57:44,999 INFO [long-pulling] client count 0

2021-03-25 13:57:54,989 INFO toNotifyTaskSize = 0

2021-03-25 13:57:54,989 INFO toClientNotifyTaskSize = 0

2021-03-25 13:57:55,000 INFO groupCount = 0, subscriberClientCount = 0, subscriberCount = 0

2021-03-25 13:57:55,001 INFO [long-pulling] client count 0

2021-03-25 13:58:04,989 INFO toNotifyTaskSize = 0

2021-03-25 13:58:04,989 INFO toClientNotifyTaskSize = 0

2021-03-25 13:58:05,000 INFO groupCount = 0, subscriberClientCount = 0, subscriberCount = 0

2021-03-25 13:58:05,002 INFO [long-pulling] client count 0

2021-03-25 13:58:14,991 INFO toNotifyTaskSize = 0

2021-03-25 13:58:14,991 INFO toClientNotifyTaskSize = 0

2021-03-25 13:58:15,001 INFO groupCount = 0, subscriberClientCount = 0, subscriberCount = 0

2021-03-25 13:58:15,002 INFO [long-pulling] client count 0

2021-03-25 13:58:24,993 INFO toNotifyTaskSize = 0

2021-03-25 13:58:24,993 INFO toClientNotifyTaskSize = 0

2021-03-25 13:58:25,002 INFO groupCount = 0, subscriberClientCount = 0, subscriberCount = 0

2021-03-25 13:58:25,003 INFO [long-pulling] client count 0

2021-03-25 13:58:34,993 INFO toNotifyTaskSize = 0

2021-03-25 13:58:34,993 INFO toClientNotifyTaskSize = 0

2021-03-25 13:58:35,003 INFO groupCount = 0, subscriberClientCount = 0, subscriberCount = 0

2021-03-25 13:58:35,004 INFO [long-pulling] client count 0

2021-03-25 13:58:44,994 INFO toNotifyTaskSize = 0

2021-03-25 13:58:44,994 INFO toClientNotifyTaskSize = 0

2021-03-25 13:58:45,003 INFO groupCount = 0, subscriberClientCount = 0, subscriberCount = 0

2021-03-25 13:58:45,005 INFO [long-pulling] client count 0

2021-03-25 13:58:54,997 INFO toNotifyTaskSize = 0

2021-03-25 13:58:54,997 INFO toClientNotifyTaskSize = 0

2021-03-25 13:58:55,003 INFO groupCount = 0, subscriberClientCount = 0, subscriberCount = 0

2021-03-25 13:58:55,007 INFO [long-pulling] client count 0

2021-03-25 13:59:04,999 INFO toNotifyTaskSize = 0

2021-03-25 13:59:04,999 INFO toClientNotifyTaskSize = 0

2021-03-25 13:59:05,004 INFO groupCount = 0, subscriberClientCount = 0, subscriberCount = 0

2021-03-25 13:59:05,008 INFO [long-pulling] client count 0

2021-03-25 13:59:15,001 INFO toNotifyTaskSize = 0

2021-03-25 13:59:15,001 INFO toClientNotifyTaskSize = 0

2021-03-25 13:59:15,004 INFO groupCount = 0, subscriberClientCount = 0, subscriberCount = 0

2021-03-25 13:59:15,009 INFO [long-pulling] client count 0

2021-03-25 13:59:25,003 INFO toNotifyTaskSize = 0

2021-03-25 13:59:25,003 INFO toClientNotifyTaskSize = 0

2021-03-25 13:59:25,005 INFO groupCount = 0, subscriberClientCount = 0, subscriberCount = 0

2021-03-25 13:59:25,010 INFO [long-pulling] client count 0

2021-03-25 13:59:35,006 INFO toNotifyTaskSize = 0

2021-03-25 13:59:35,006 INFO groupCount = 0, subscriberClientCount = 0, subscriberCount = 0

2021-03-25 13:59:35,006 INFO toClientNotifyTaskSize = 0

2021-03-25 13:59:35,012 INFO [long-pulling] client count 0

2021-03-25 13:59:45,008 INFO toNotifyTaskSize = 0

2021-03-25 13:59:45,008 INFO groupCount = 0, subscriberClientCount = 0, subscriberCount = 0

2021-03-25 13:59:45,008 INFO toClientNotifyTaskSize = 0

2021-03-25 13:59:45,012 INFO [long-pulling] client count 0

2021-03-25 13:59:55,010 INFO groupCount = 0, subscriberClientCount = 0, subscriberCount = 0

2021-03-25 13:59:55,010 INFO toNotifyTaskSize = 0

2021-03-25 13:59:55,010 INFO toClientNotifyTaskSize = 0

2021-03-25 13:59:55,013 INFO [long-pulling] client count 0

2021-03-25 14:00:05,012 INFO groupCount = 0, subscriberClientCount = 0, subscriberCount = 0

2021-03-25 14:00:05,012 INFO toNotifyTaskSize = 0

2021-03-25 14:00:05,012 INFO toClientNotifyTaskSize = 0

2021-03-25 14:00:05,015 INFO [long-pulling] client count 0

2021-03-25 14:00:15,014 INFO groupCount = 0, subscriberClientCount = 0, subscriberCount = 0

2021-03-25 14:00:15,014 INFO toNotifyTaskSize = 0

2021-03-25 14:00:15,014 INFO toClientNotifyTaskSize = 0

2021-03-25 14:00:15,016 INFO [long-pulling] client count 0

2021-03-25 14:00:25,015 INFO toNotifyTaskSize = 0

2021-03-25 14:00:25,015 INFO groupCount = 0, subscriberClientCount = 0, subscriberCount = 0

2021-03-25 14:00:25,015 INFO toClientNotifyTaskSize = 0

2021-03-25 14:00:25,017 INFO [long-pulling] client count 0

2021-03-25 14:00:35,016 INFO groupCount = 0, subscriberClientCount = 0, subscriberCount = 0

2021-03-25 14:00:35,016 INFO toNotifyTaskSize = 0

2021-03-25 14:00:35,016 INFO toClientNotifyTaskSize = 0

2021-03-25 14:00:35,018 INFO [long-pulling] client count 0

2021-03-25 14:00:45,018 INFO groupCount = 0, subscriberClientCount = 0, subscriberCount = 0

2021-03-25 14:00:45,018 INFO toNotifyTaskSize = 0

2021-03-25 14:00:45,018 INFO toClientNotifyTaskSize = 0

2021-03-25 14:00:45,020 INFO [long-pulling] client count 0

2021-03-25 14:00:55,018 INFO toNotifyTaskSize = 0

2021-03-25 14:00:55,018 INFO toClientNotifyTaskSize = 0

2021-03-25 14:00:55,018 INFO groupCount = 0, subscriberClientCount = 0, subscriberCount = 0

2021-03-25 14:00:55,020 INFO [long-pulling] client count 0

2021-03-25 14:01:05,020 INFO toNotifyTaskSize = 0

2021-03-25 14:01:05,020 INFO groupCount = 0, subscriberClientCount = 0, subscriberCount = 0

2021-03-25 14:01:05,020 INFO toClientNotifyTaskSize = 0

2021-03-25 14:01:05,020 INFO [long-pulling] client count 0

2021-03-25 14:01:15,022 INFO [long-pulling] client count 0

2021-03-25 14:01:15,022 INFO groupCount = 0, subscriberClientCount = 0, subscriberCount = 0

2021-03-25 14:01:15,022 INFO toNotifyTaskSize = 0

2021-03-25 14:01:15,022 INFO toClientNotifyTaskSize = 0

2021-03-25 14:01:25,022 INFO groupCount = 0, subscriberClientCount = 0, subscriberCount = 0

2021-03-25 14:01:25,022 INFO [long-pulling] client count 0

2021-03-25 14:01:25,022 INFO toNotifyTaskSize = 0

2021-03-25 14:01:25,022 INFO toClientNotifyTaskSize = 0

2021-03-25 14:01:35,023 INFO groupCount = 0, subscriberClientCount = 0, subscriberCount = 0

2021-03-25 14:01:35,023 INFO [long-pulling] client count 0

2021-03-25 14:01:35,023 INFO toNotifyTaskSize = 0

2021-03-25 14:01:35,023 INFO toClientNotifyTaskSize = 0

2021-03-25 14:01:45,025 INFO [long-pulling] client count 0

2021-03-25 14:01:45,025 INFO toNotifyTaskSize = 0

2021-03-25 14:01:45,025 INFO groupCount = 0, subscriberClientCount = 0, subscriberCount = 0

2021-03-25 14:01:45,025 INFO toClientNotifyTaskSize = 0

2021-03-25 14:01:55,026 INFO [long-pulling] client count 0

2021-03-25 14:01:55,026 INFO toNotifyTaskSize = 0

2021-03-25 14:01:55,026 INFO groupCount = 0, subscriberClientCount = 0, subscriberCount = 0

2021-03-25 14:01:55,026 INFO toClientNotifyTaskSize = 0

2021-03-25 14:02:05,027 INFO [long-pulling] client count 0

2021-03-25 14:02:05,027 INFO groupCount = 0, subscriberClientCount = 0, subscriberCount = 0

2021-03-25 14:02:05,027 INFO toNotifyTaskSize = 0

2021-03-25 14:02:05,027 INFO toClientNotifyTaskSize = 0

2021-03-25 14:02:15,028 INFO [long-pulling] client count 0

2021-03-25 14:02:15,029 INFO groupCount = 0, subscriberClientCount = 0, subscriberCount = 0

2021-03-25 14:02:15,029 INFO toNotifyTaskSize = 0

2021-03-25 14:02:15,029 INFO toClientNotifyTaskSize = 0

2021-03-25 14:02:25,030 INFO [long-pulling] client count 0

2021-03-25 14:02:25,031 INFO groupCount = 0, subscriberClientCount = 0, subscriberCount = 0

2021-03-25 14:02:25,031 INFO toNotifyTaskSize = 0

2021-03-25 14:02:25,031 INFO toClientNotifyTaskSize = 0

2021-03-25 14:02:35,031 INFO [long-pulling] client count 0

2021-03-25 14:02:35,032 INFO toNotifyTaskSize = 0

2021-03-25 14:02:35,032 INFO toClientNotifyTaskSize = 0

2021-03-25 14:02:35,032 INFO groupCount = 0, subscriberClientCount = 0, subscriberCount = 0

2021-03-25 14:02:45,032 INFO [long-pulling] client count 0

2021-03-25 14:02:45,032 INFO groupCount = 0, subscriberClientCount = 0, subscriberCount = 0

2021-03-25 14:02:45,032 INFO toNotifyTaskSize = 0

2021-03-25 14:02:45,032 INFO toClientNotifyTaskSize = 0

2021-03-25 14:02:55,034 INFO [long-pulling] client count 0

2021-03-25 14:02:55,034 INFO toNotifyTaskSize = 0

2021-03-25 14:02:55,034 INFO groupCount = 0, subscriberClientCount = 0, subscriberCount = 0

2021-03-25 14:02:55,034 INFO toClientNotifyTaskSize = 0

2021-03-25 14:03:05,036 INFO [long-pulling] client count 0

2021-03-25 14:03:05,036 INFO toNotifyTaskSize = 0

2021-03-25 14:03:05,036 INFO groupCount = 0, subscriberClientCount = 0, subscriberCount = 0

2021-03-25 14:03:05,036 INFO toClientNotifyTaskSize = 0

2021-03-25 14:03:15,038 INFO [long-pulling] client count 0

2021-03-25 14:03:15,038 INFO toNotifyTaskSize = 0

2021-03-25 14:03:15,038 INFO groupCount = 0, subscriberClientCount = 0, subscriberCount = 0

2021-03-25 14:03:15,038 INFO toClientNotifyTaskSize = 0

2021-03-25 14:03:25,038 INFO [long-pulling] client count 0

2021-03-25 14:03:25,040 INFO toNotifyTaskSize = 0

2021-03-25 14:03:25,040 INFO toClientNotifyTaskSize = 0

2021-03-25 14:03:25,040 INFO groupCount = 0, subscriberClientCount = 0, subscriberCount = 0

2021-03-25 14:03:35,040 INFO [long-pulling] client count 0

2021-03-25 14:03:35,041 INFO toNotifyTaskSize = 0

2021-03-25 14:03:35,041 INFO toClientNotifyTaskSize = 0

2021-03-25 14:03:35,041 INFO groupCount = 0, subscriberClientCount = 0, subscriberCount = 0

2021-03-25 14:03:45,041 INFO [long-pulling] client count 0

2021-03-25 14:03:45,041 INFO groupCount = 0, subscriberClientCount = 0, subscriberCount = 0

2021-03-25 14:03:45,041 INFO toNotifyTaskSize = 0

2021-03-25 14:03:45,041 INFO toClientNotifyTaskSize = 0

2021-03-25 14:03:55,042 INFO [long-pulling] client count 0

2021-03-25 14:03:55,043 INFO groupCount = 0, subscriberClientCount = 0, subscriberCount = 0

2021-03-25 14:03:55,043 INFO toNotifyTaskSize = 0

2021-03-25 14:03:55,043 INFO toClientNotifyTaskSize = 0

2021-03-25 14:04:05,044 INFO [long-pulling] client count 0

2021-03-25 14:04:05,045 INFO groupCount = 0, subscriberClientCount = 0, subscriberCount = 0

2021-03-25 14:04:05,045 INFO toNotifyTaskSize = 0

2021-03-25 14:04:05,045 INFO toClientNotifyTaskSize = 0

2021-03-25 14:04:15,045 INFO [long-pulling] client count 0

2021-03-25 14:04:15,045 INFO groupCount = 0, subscriberClientCount = 0, subscriberCount = 0

2021-03-25 14:04:15,045 INFO toNotifyTaskSize = 0

2021-03-25 14:04:15,045 INFO toClientNotifyTaskSize = 0

2021-03-25 14:04:25,046 INFO toNotifyTaskSize = 0

2021-03-25 14:04:25,046 INFO [long-pulling] client count 0

2021-03-25 14:04:25,046 INFO toClientNotifyTaskSize = 0

2021-03-25 14:04:25,046 INFO groupCount = 0, subscriberClientCount = 0, subscriberCount = 0

2021-03-25 14:04:35,048 INFO [long-pulling] client count 0

2021-03-25 14:04:35,048 INFO groupCount = 0, subscriberClientCount = 0, subscriberCount = 0

2021-03-25 14:04:35,048 INFO toNotifyTaskSize = 0

2021-03-25 14:04:35,048 INFO toClientNotifyTaskSize = 0

2021-03-25 14:04:45,049 INFO [long-pulling] client count 0

2021-03-25 14:04:45,050 INFO toNotifyTaskSize = 0

2021-03-25 14:04:45,050 INFO toClientNotifyTaskSize = 0

2021-03-25 14:04:45,050 INFO groupCount = 0, subscriberClientCount = 0, subscriberCount = 0

2021-03-25 14:04:55,049 INFO [long-pulling] client count 0

2021-03-25 14:04:55,051 INFO toNotifyTaskSize = 0

2021-03-25 14:04:55,051 INFO toClientNotifyTaskSize = 0

2021-03-25 14:04:55,051 INFO groupCount = 0, subscriberClientCount = 0, subscriberCount = 0

2021-03-25 14:05:05,050 INFO [long-pulling] client count 0

2021-03-25 14:05:05,053 INFO toNotifyTaskSize = 0

2021-03-25 14:05:05,053 INFO groupCount = 0, subscriberClientCount = 0, subscriberCount = 0

2021-03-25 14:05:05,053 INFO toClientNotifyTaskSize = 0

2021-03-25 14:05:15,052 INFO [long-pulling] client count 0

2021-03-25 14:05:15,055 INFO groupCount = 0, subscriberClientCount = 0, subscriberCount = 0

2021-03-25 14:05:15,055 INFO toNotifyTaskSize = 0

2021-03-25 14:05:15,055 INFO toClientNotifyTaskSize = 0

2021-03-25 14:05:25,053 INFO [long-pulling] client count 0

2021-03-25 14:05:25,057 INFO groupCount = 0, subscriberClientCount = 0, subscriberCount = 0

2021-03-25 14:05:25,057 INFO toNotifyTaskSize = 0

2021-03-25 14:05:25,057 INFO toClientNotifyTaskSize = 0

2021-03-25 14:05:35,053 INFO [long-pulling] client count 0

2021-03-25 14:05:35,057 INFO groupCount = 0, subscriberClientCount = 0, subscriberCount = 0

2021-03-25 14:05:35,057 INFO toNotifyTaskSize = 0

2021-03-25 14:05:35,057 INFO toClientNotifyTaskSize = 0

2021-03-25 14:05:45,054 INFO [long-pulling] client count 0

2021-03-25 14:05:45,059 INFO toNotifyTaskSize = 0

2021-03-25 14:05:45,059 INFO groupCount = 0, subscriberClientCount = 0, subscriberCount = 0

2021-03-25 14:05:45,059 INFO toClientNotifyTaskSize = 0

2021-03-25 14:05:55,055 INFO [long-pulling] client count 0

2021-03-25 14:05:55,061 INFO groupCount = 0, subscriberClientCount = 0, subscriberCount = 0

2021-03-25 14:05:55,061 INFO toNotifyTaskSize = 0

2021-03-25 14:05:55,061 INFO toClientNotifyTaskSize = 0

2021-03-25 14:06:05,056 INFO [long-pulling] client count 0

2021-03-25 14:06:05,062 INFO groupCount = 0, subscriberClientCount = 0, subscriberCount = 0

2021-03-25 14:06:05,062 INFO toNotifyTaskSize = 0

2021-03-25 14:06:05,062 INFO toClientNotifyTaskSize = 0

2021-03-25 14:06:15,057 INFO [long-pulling] client count 0

2021-03-25 14:06:15,062 INFO groupCount = 0, subscriberClientCount = 0, subscriberCount = 0

2021-03-25 14:06:15,063 INFO toNotifyTaskSize = 0

2021-03-25 14:06:15,063 INFO toClientNotifyTaskSize = 0

2021-03-25 14:06:25,059 INFO [long-pulling] client count 0

2021-03-25 14:06:25,064 INFO groupCount = 0, subscriberClientCount = 0, subscriberCount = 0

2021-03-25 14:06:25,064 INFO toNotifyTaskSize = 0

2021-03-25 14:06:25,064 INFO toClientNotifyTaskSize = 0

2021-03-25 14:06:35,060 INFO [long-pulling] client count 0

2021-03-25 14:06:35,065 INFO toNotifyTaskSize = 0

2021-03-25 14:06:35,065 INFO groupCount = 0, subscriberClientCount = 0, subscriberCount = 0

2021-03-25 14:06:35,065 INFO toClientNotifyTaskSize = 0

2021-03-25 14:06:45,061 INFO [long-pulling] client count 0

2021-03-25 14:06:45,067 INFO groupCount = 0, subscriberClientCount = 0, subscriberCount = 0

2021-03-25 14:06:45,067 INFO toNotifyTaskSize = 0

2021-03-25 14:06:45,067 INFO toClientNotifyTaskSize = 0

2021-03-25 14:06:55,063 INFO [long-pulling] client count 0

2021-03-25 14:06:55,068 INFO groupCount = 0, subscriberClientCount = 0, subscriberCount = 0

2021-03-25 14:06:55,068 INFO toNotifyTaskSize = 0

2021-03-25 14:06:55,068 INFO toClientNotifyTaskSize = 0

2021-03-25 14:07:05,064 INFO [long-pulling] client count 0

2021-03-25 14:07:05,068 INFO groupCount = 0, subscriberClientCount = 0, subscriberCount = 0

2021-03-25 14:07:05,068 INFO toNotifyTaskSize = 0

2021-03-25 14:07:05,068 INFO toClientNotifyTaskSize = 0

2021-03-25 14:07:15,065 INFO [long-pulling] client count 0

2021-03-25 14:07:15,070 INFO toNotifyTaskSize = 0

2021-03-25 14:07:15,070 INFO groupCount = 0, subscriberClientCount = 0, subscriberCount = 0

2021-03-25 14:07:15,070 INFO toClientNotifyTaskSize = 0

2021-03-25 14:07:25,066 INFO [long-pulling] client count 0

2021-03-25 14:07:25,071 INFO toNotifyTaskSize = 0

2021-03-25 14:07:25,071 INFO groupCount = 0, subscriberClientCount = 0, subscriberCount = 0

2021-03-25 14:07:25,071 INFO toClientNotifyTaskSize = 0

2021-03-25 14:07:35,067 INFO [long-pulling] client count 0

2021-03-25 14:07:35,073 INFO groupCount = 0, subscriberClientCount = 0, subscriberCount = 0

2021-03-25 14:07:35,073 INFO toNotifyTaskSize = 0

2021-03-25 14:07:35,073 INFO toClientNotifyTaskSize = 0

2021-03-25 14:07:45,068 INFO [long-pulling] client count 0

2021-03-25 14:07:45,073 INFO groupCount = 0, subscriberClientCount = 0, subscriberCount = 0

2021-03-25 14:07:45,073 INFO toNotifyTaskSize = 0

2021-03-25 14:07:45,073 INFO toClientNotifyTaskSize = 0

2021-03-25 14:07:55,070 INFO [long-pulling] client count 0

2021-03-25 14:07:55,075 INFO groupCount = 0, subscriberClientCount = 0, subscriberCount = 0

2021-03-25 14:07:55,075 INFO toNotifyTaskSize = 0

2021-03-25 14:07:55,075 INFO toClientNotifyTaskSize = 0

2021-03-25 14:08:05,071 INFO [long-pulling] client count 0

2021-03-25 14:08:05,076 INFO groupCount = 0, subscriberClientCount = 0, subscriberCount = 0

2021-03-25 14:08:05,076 INFO toNotifyTaskSize = 0

2021-03-25 14:08:05,076 INFO toClientNotifyTaskSize = 0

2021-03-25 14:08:15,072 INFO [long-pulling] client count 0

2021-03-25 14:08:15,076 INFO toNotifyTaskSize = 0

2021-03-25 14:08:15,076 INFO groupCount = 0, subscriberClientCount = 0, subscriberCount = 0

2021-03-25 14:08:15,076 INFO toClientNotifyTaskSize = 0

2021-03-25 14:08:25,073 INFO [long-pulling] client count 0

2021-03-25 14:08:25,079 INFO groupCount = 0, subscriberClientCount = 0, subscriberCount = 0

2021-03-25 14:08:25,079 INFO toNotifyTaskSize = 0

2021-03-25 14:08:25,079 INFO toClientNotifyTaskSize = 0

2021-03-25 14:08:35,074 INFO [long-pulling] client count 0

2021-03-25 14:08:35,080 INFO groupCount = 0, subscriberClientCount = 0, subscriberCount = 0

2021-03-25 14:08:35,080 INFO toNotifyTaskSize = 0

2021-03-25 14:08:35,080 INFO toClientNotifyTaskSize = 0

2021-03-25 14:08:45,074 INFO [long-pulling] client count 0

2021-03-25 14:08:45,080 INFO toNotifyTaskSize = 0

2021-03-25 14:08:45,080 INFO groupCount = 0, subscriberClientCount = 0, subscriberCount = 0

2021-03-25 14:08:45,080 INFO toClientNotifyTaskSize = 0

2021-03-25 14:08:55,075 INFO [long-pulling] client count 0

2021-03-25 14:08:55,082 INFO groupCount = 0, subscriberClientCount = 0, subscriberCount = 0

2021-03-25 14:08:55,082 INFO toNotifyTaskSize = 0

2021-03-25 14:08:55,082 INFO toClientNotifyTaskSize = 0

2021-03-25 14:09:05,077 INFO [long-pulling] client count 0

2021-03-25 14:09:05,083 INFO groupCount = 0, subscriberClientCount = 0, subscriberCount = 0

2021-03-25 14:09:05,083 INFO toNotifyTaskSize = 0

2021-03-25 14:09:05,083 INFO toClientNotifyTaskSize = 0

2021-03-25 14:09:15,079 INFO [long-pulling] client count 0

2021-03-25 14:09:15,084 INFO toNotifyTaskSize = 0

2021-03-25 14:09:15,084 INFO toClientNotifyTaskSize = 0

2021-03-25 14:09:15,084 INFO groupCount = 0, subscriberClientCount = 0, subscriberCount = 0

2021-03-25 14:09:25,079 INFO [long-pulling] client count 0

2021-03-25 14:09:25,085 INFO toNotifyTaskSize = 0

2021-03-25 14:09:25,085 INFO groupCount = 0, subscriberClientCount = 0, subscriberCount = 0

2021-03-25 14:09:25,085 INFO toClientNotifyTaskSize = 0

2021-03-25 14:09:35,081 INFO [long-pulling] client count 0

2021-03-25 14:09:35,087 INFO groupCount = 0, subscriberClientCount = 0, subscriberCount = 0

2021-03-25 14:09:35,087 INFO toNotifyTaskSize = 0

2021-03-25 14:09:35,087 INFO toClientNotifyTaskSize = 0

2021-03-25 14:09:45,082 INFO [long-pulling] client count 0

2021-03-25 14:09:45,088 INFO groupCount = 0, subscriberClientCount = 0, subscriberCount = 0

2021-03-25 14:09:45,088 INFO toNotifyTaskSize = 0

2021-03-25 14:09:45,088 INFO toClientNotifyTaskSize = 0

2021-03-25 14:09:55,083 INFO [long-pulling] client count 0

2021-03-25 14:09:55,089 INFO toNotifyTaskSize = 0

2021-03-25 14:09:55,089 INFO groupCount = 0, subscriberClientCount = 0, subscriberCount = 0

2021-03-25 14:09:55,089 INFO toClientNotifyTaskSize = 0

2021-03-25 14:10:05,085 INFO [long-pulling] client count 0

2021-03-25 14:10:05,090 INFO toNotifyTaskSize = 0

2021-03-25 14:10:05,090 INFO groupCount = 0, subscriberClientCount = 0, subscriberCount = 0

2021-03-25 14:10:05,090 INFO toClientNotifyTaskSize = 0

2021-03-25 14:10:15,086 INFO [long-pulling] client count 0

2021-03-25 14:10:15,091 INFO toNotifyTaskSize = 0

2021-03-25 14:10:15,091 INFO toClientNotifyTaskSize = 0

2021-03-25 14:10:15,091 INFO groupCount = 0, subscriberClientCount = 0, subscriberCount = 0

2021-03-25 14:10:25,087 INFO [long-pulling] client count 0

2021-03-25 14:10:25,091 INFO groupCount = 0, subscriberClientCount = 0, subscriberCount = 0

2021-03-25 14:10:25,091 INFO toNotifyTaskSize = 0

2021-03-25 14:10:25,091 INFO toClientNotifyTaskSize = 0

2021-03-25 14:10:35,089 INFO [long-pulling] client count 0

2021-03-25 14:10:35,091 INFO toNotifyTaskSize = 0

2021-03-25 14:10:35,091 INFO toClientNotifyTaskSize = 0

2021-03-25 14:10:35,091 INFO groupCount = 0, subscriberClientCount = 0, subscriberCount = 0

2021-03-25 14:10:45,091 INFO [long-pulling] client count 0

2021-03-25 14:10:45,093 INFO groupCount = 0, subscriberClientCount = 0, subscriberCount = 0

2021-03-25 14:10:45,093 INFO toNotifyTaskSize = 0

2021-03-25 14:10:45,093 INFO toClientNotifyTaskSize = 0

2021-03-25 14:10:55,092 INFO [long-pulling] client count 0

2021-03-25 14:10:55,094 INFO groupCount = 0, subscriberClientCount = 0, subscriberCount = 0

2021-03-25 14:10:55,094 INFO toNotifyTaskSize = 0

2021-03-25 14:10:55,094 INFO toClientNotifyTaskSize = 0

2021-03-25 14:11:05,092 INFO [long-pulling] client count 0

2021-03-25 14:11:05,095 INFO toNotifyTaskSize = 0

2021-03-25 14:11:05,095 INFO toClientNotifyTaskSize = 0

2021-03-25 14:11:05,095 INFO groupCount = 0, subscriberClientCount = 0, subscriberCount = 0

2021-03-25 14:11:15,094 INFO [long-pulling] client count 0

2021-03-25 14:11:15,098 INFO toNotifyTaskSize = 0

2021-03-25 14:11:15,098 INFO groupCount = 0, subscriberClientCount = 0, subscriberCount = 0

2021-03-25 14:11:15,098 INFO toClientNotifyTaskSize = 0

2021-03-25 14:11:25,094 INFO [long-pulling] client count 0

2021-03-25 14:11:25,098 INFO toNotifyTaskSize = 0

2021-03-25 14:11:25,098 INFO toClientNotifyTaskSize = 0

2021-03-25 14:11:25,098 INFO groupCount = 0, subscriberClientCount = 0, subscriberCount = 0

2021-03-25 14:11:35,095 INFO [long-pulling] client count 0

2021-03-25 14:11:35,099 INFO toNotifyTaskSize = 0

2021-03-25 14:11:35,099 INFO toClientNotifyTaskSize = 0

2021-03-25 14:11:35,099 INFO groupCount = 0, subscriberClientCount = 0, subscriberCount = 0

2021-03-25 14:11:45,097 INFO [long-pulling] client count 0

2021-03-25 14:11:45,100 INFO toNotifyTaskSize = 0

2021-03-25 14:11:45,100 INFO toClientNotifyTaskSize = 0

2021-03-25 14:11:45,100 INFO groupCount = 0, subscriberClientCount = 0, subscriberCount = 0

2021-03-25 14:11:55,098 INFO [long-pulling] client count 0

2021-03-25 14:11:55,100 INFO toNotifyTaskSize = 0

2021-03-25 14:11:55,100 INFO toClientNotifyTaskSize = 0

2021-03-25 14:11:55,100 INFO groupCount = 0, subscriberClientCount = 0, subscriberCount = 0

2021-03-25 14:12:05,099 INFO [long-pulling] client count 0

2021-03-25 14:12:05,101 INFO toNotifyTaskSize = 0

2021-03-25 14:12:05,101 INFO groupCount = 0, subscriberClientCount = 0, subscriberCount = 0

2021-03-25 14:12:05,101 INFO toClientNotifyTaskSize = 0

2021-03-25 14:12:15,101 INFO [long-pulling] client count 0

2021-03-25 14:12:15,102 INFO toNotifyTaskSize = 0

2021-03-25 14:12:15,102 INFO groupCount = 0, subscriberClientCount = 0, subscriberCount = 0

2021-03-25 14:12:15,102 INFO toClientNotifyTaskSize = 0

2021-03-25 14:12:25,102 INFO toNotifyTaskSize = 0

2021-03-25 14:12:25,102 INFO toClientNotifyTaskSize = 0

2021-03-25 14:12:25,102 INFO groupCount = 0, subscriberClientCount = 0, subscriberCount = 0

2021-03-25 14:12:25,102 INFO [long-pulling] client count 0

2021-03-25 14:12:35,104 INFO [long-pulling] client count 0

2021-03-25 14:12:35,104 INFO groupCount = 0, subscriberClientCount = 0, subscriberCount = 0

2021-03-25 14:12:35,104 INFO toNotifyTaskSize = 0

2021-03-25 14:12:35,104 INFO toClientNotifyTaskSize = 0

2021-03-25 14:12:45,106 INFO [long-pulling] client count 0

2021-03-25 14:12:45,107 INFO toNotifyTaskSize = 0

2021-03-25 14:12:45,107 INFO groupCount = 0, subscriberClientCount = 0, subscriberCount = 0

2021-03-25 14:12:45,107 INFO toClientNotifyTaskSize = 0

2021-03-25 14:12:55,107 INFO [long-pulling] client count 0

2021-03-25 14:12:55,107 INFO toNotifyTaskSize = 0

2021-03-25 14:12:55,107 INFO groupCount = 0, subscriberClientCount = 0, subscriberCount = 0

2021-03-25 14:12:55,107 INFO toClientNotifyTaskSize = 0

2021-03-25 14:13:05,108 INFO [long-pulling] client count 0

2021-03-25 14:13:05,108 INFO toNotifyTaskSize = 0

2021-03-25 14:13:05,110 INFO groupCount = 0, subscriberClientCount = 0, subscriberCount = 0

2021-03-25 14:13:05,111 INFO toClientNotifyTaskSize = 0

2021-03-25 14:13:15,113 INFO groupCount = 0, subscriberClientCount = 0, subscriberCount = 0

2021-03-25 14:13:15,113 INFO toNotifyTaskSize = 0

2021-03-25 14:13:15,113 INFO [long-pulling] client count 0

2021-03-25 14:13:15,113 INFO toClientNotifyTaskSize = 0

2021-03-25 14:13:25,114 INFO toNotifyTaskSize = 0

2021-03-25 14:13:25,114 INFO groupCount = 0, subscriberClientCount = 0, subscriberCount = 0

2021-03-25 14:13:25,114 INFO toClientNotifyTaskSize = 0

2021-03-25 14:13:25,114 INFO [long-pulling] client count 0

2021-03-25 14:13:35,114 INFO toNotifyTaskSize = 0

2021-03-25 14:13:35,114 INFO toClientNotifyTaskSize = 0

2021-03-25 14:13:35,114 INFO groupCount = 0, subscriberClientCount = 0, subscriberCount = 0

2021-03-25 14:13:35,115 INFO [long-pulling] client count 0

2021-03-25 14:13:45,124 INFO groupCount = 0, subscriberClientCount = 0, subscriberCount = 0

2021-03-25 14:13:45,125 INFO toNotifyTaskSize = 0

2021-03-25 14:13:45,125 INFO toClientNotifyTaskSize = 0

2021-03-25 14:13:45,125 INFO [long-pulling] client count 0

2021-03-25 14:13:55,127 INFO [long-pulling] client count 0

2021-03-25 14:13:55,127 INFO toNotifyTaskSize = 0

2021-03-25 14:13:55,127 INFO groupCount = 0, subscriberClientCount = 0, subscriberCount = 0

2021-03-25 14:13:55,127 INFO toClientNotifyTaskSize = 0

2021-03-25 14:14:05,127 INFO [long-pulling] client count 0

2021-03-25 14:14:05,129 INFO groupCount = 0, subscriberClientCount = 0, subscriberCount = 0

2021-03-25 14:14:05,129 INFO toNotifyTaskSize = 0

2021-03-25 14:14:05,129 INFO toClientNotifyTaskSize = 0

2021-03-25 14:14:15,129 INFO [long-pulling] client count 0

2021-03-25 14:14:15,130 INFO groupCount = 0, subscriberClientCount = 0, subscriberCount = 0

2021-03-25 14:14:15,130 INFO toNotifyTaskSize = 0

2021-03-25 14:14:15,130 INFO toClientNotifyTaskSize = 0

2021-03-25 14:14:25,131 INFO [long-pulling] client count 0

2021-03-25 14:14:25,132 INFO groupCount = 0, subscriberClientCount = 0, subscriberCount = 0

2021-03-25 14:14:25,132 INFO toNotifyTaskSize = 0

2021-03-25 14:14:25,132 INFO toClientNotifyTaskSize = 0

2021-03-25 14:14:35,131 INFO [long-pulling] client count 0

2021-03-25 14:14:35,133 INFO toNotifyTaskSize = 0

2021-03-25 14:14:35,133 INFO toClientNotifyTaskSize = 0

2021-03-25 14:14:35,133 INFO groupCount = 0, subscriberClientCount = 0, subscriberCount = 0

2021-03-25 14:14:45,133 INFO [long-pulling] client count 0

2021-03-25 14:14:45,135 INFO toNotifyTaskSize = 0

2021-03-25 14:14:45,135 INFO groupCount = 0, subscriberClientCount = 0, subscriberCount = 0

2021-03-25 14:14:45,135 INFO toClientNotifyTaskSize = 0

2021-03-25 14:14:55,134 INFO [long-pulling] client count 0

2021-03-25 14:14:55,137 INFO groupCount = 0, subscriberClientCount = 0, subscriberCount = 0

2021-03-25 14:14:55,137 INFO toNotifyTaskSize = 0

2021-03-25 14:14:55,137 INFO toClientNotifyTaskSize = 0

2021-03-25 14:15:05,136 INFO [long-pulling] client count 0

2021-03-25 14:15:05,139 INFO groupCount = 0, subscriberClientCount = 0, subscriberCount = 0

2021-03-25 14:15:05,139 INFO toNotifyTaskSize = 0

2021-03-25 14:15:05,139 INFO toClientNotifyTaskSize = 0

2021-03-25 14:15:15,136 INFO [long-pulling] client count 0

2021-03-25 14:15:15,140 INFO toNotifyTaskSize = 0

2021-03-25 14:15:15,140 INFO toClientNotifyTaskSize = 0

2021-03-25 14:15:15,140 INFO groupCount = 0, subscriberClientCount = 0, subscriberCount = 0

2021-03-25 14:15:25,137 INFO [long-pulling] client count 0

2021-03-25 14:15:25,140 INFO groupCount = 0, subscriberClientCount = 0, subscriberCount = 0

2021-03-25 14:15:25,140 INFO toNotifyTaskSize = 0

2021-03-25 14:15:25,140 INFO toClientNotifyTaskSize = 0

2021-03-25 14:15:35,139 INFO [long-pulling] client count 0

2021-03-25 14:15:35,142 INFO groupCount = 0, subscriberClientCount = 0, subscriberCount = 0

2021-03-25 14:15:35,142 INFO toNotifyTaskSize = 0

2021-03-25 14:15:35,142 INFO toClientNotifyTaskSize = 0

2021-03-25 14:15:45,140 INFO [long-pulling] client count 0

2021-03-25 14:15:45,142 INFO groupCount = 0, subscriberClientCount = 0, subscriberCount = 0

2021-03-25 14:15:45,142 INFO toNotifyTaskSize = 0

2021-03-25 14:15:45,142 INFO toClientNotifyTaskSize = 0

2021-03-25 14:15:55,141 INFO [long-pulling] client count 0

2021-03-25 14:15:55,142 INFO groupCount = 0, subscriberClientCount = 0, subscriberCount = 0

2021-03-25 14:15:55,142 INFO toNotifyTaskSize = 0

2021-03-25 14:15:55,142 INFO toClientNotifyTaskSize = 0

2021-03-25 14:16:05,143 INFO [long-pulling] client count 0

2021-03-25 14:16:05,144 INFO groupCount = 0, subscriberClientCount = 0, subscriberCount = 0

2021-03-25 14:16:05,144 INFO toNotifyTaskSize = 0

2021-03-25 14:16:05,144 INFO toClientNotifyTaskSize = 0

2021-03-25 14:16:15,144 INFO [long-pulling] client count 0

2021-03-25 14:16:15,145 INFO groupCount = 0, subscriberClientCount = 0, subscriberCount = 0

2021-03-25 14:16:15,145 INFO toNotifyTaskSize = 0

2021-03-25 14:16:15,145 INFO toClientNotifyTaskSize = 0

2021-03-25 14:16:25,145 INFO [long-pulling] client count 0

2021-03-25 14:16:25,146 INFO toNotifyTaskSize = 0

2021-03-25 14:16:25,146 INFO groupCount = 0, subscriberClientCount = 0, subscriberCount = 0

2021-03-25 14:16:25,146 INFO toClientNotifyTaskSize = 0

2021-03-25 14:16:35,146 INFO [long-pulling] client count 0

2021-03-25 14:16:35,146 INFO groupCount = 0, subscriberClientCount = 0, subscriberCount = 0

2021-03-25 14:16:35,146 INFO toNotifyTaskSize = 0

2021-03-25 14:16:35,147 INFO toClientNotifyTaskSize = 0

2021-03-25 14:16:45,148 INFO [long-pulling] client count 0

2021-03-25 14:16:45,149 INFO toNotifyTaskSize = 0

2021-03-25 14:16:45,149 INFO groupCount = 0, subscriberClientCount = 0, subscriberCount = 0

2021-03-25 14:16:45,149 INFO toClientNotifyTaskSize = 0

