2021-03-25 13:30:43,768 INFO Register tps control,pointName=CONFIG_PUSH_COUNT, point=com.alibaba.nacos.core.remote.control.TpsMonitorPoint@546621c4 

2021-03-25 13:30:43,769 INFO Load rule from local,pointName=CONFIG_PUSH_COUNT, ruleContent= 

2021-03-25 13:30:43,769 INFO Apply tps control rule parse start,pointName=[CONFIG_PUSH_COUNT]  

2021-03-25 13:30:43,769 INFO Clear point  control rule ,pointName=[CONFIG_PUSH_COUNT]  

2021-03-25 13:30:43,769 INFO Clear point  control rule for monitorKeys, pointName=[CONFIG_PUSH_COUNT]  

2021-03-25 13:30:43,769 INFO Register tps control,pointName=CONFIG_PUSH_SUCCESS, point=com.alibaba.nacos.core.remote.control.TpsMonitorPoint@621f89b8 

2021-03-25 13:30:43,770 INFO Load rule from local,pointName=CONFIG_PUSH_SUCCESS, ruleContent= 

2021-03-25 13:30:43,771 INFO Apply tps control rule parse start,pointName=[CONFIG_PUSH_SUCCESS]  

2021-03-25 13:30:43,771 INFO Clear point  control rule ,pointName=[CONFIG_PUSH_SUCCESS]  

2021-03-25 13:30:43,771 INFO Clear point  control rule for monitorKeys, pointName=[CONFIG_PUSH_SUCCESS]  

2021-03-25 13:30:43,771 INFO Register tps control,pointName=CONFIG_PUSH_FAIL, point=com.alibaba.nacos.core.remote.control.TpsMonitorPoint@f339eae 

2021-03-25 13:30:43,771 INFO Load rule from local,pointName=CONFIG_PUSH_FAIL, ruleContent= 

2021-03-25 13:30:43,772 INFO Apply tps control rule parse start,pointName=[CONFIG_PUSH_FAIL]  

2021-03-25 13:30:43,772 INFO Clear point  control rule ,pointName=[CONFIG_PUSH_FAIL]  

2021-03-25 13:30:43,772 INFO Clear point  control rule for monitorKeys, pointName=[CONFIG_PUSH_FAIL]  

2021-03-25 13:30:43,772 INFO Load rule from local,pointName=CONFIG_PUSH_COUNT, ruleContent= 

2021-03-25 13:30:43,772 INFO Apply tps control rule parse start,pointName=[CONFIG_PUSH_COUNT]  

2021-03-25 13:30:43,772 INFO Clear point  control rule ,pointName=[CONFIG_PUSH_COUNT]  

2021-03-25 13:30:43,772 INFO Clear point  control rule for monitorKeys, pointName=[CONFIG_PUSH_COUNT]  

2021-03-25 13:30:43,772 INFO Load rule from local,pointName=CONFIG_PUSH_SUCCESS, ruleContent= 

2021-03-25 13:30:43,772 INFO Apply tps control rule parse start,pointName=[CONFIG_PUSH_SUCCESS]  

2021-03-25 13:30:43,772 INFO Clear point  control rule ,pointName=[CONFIG_PUSH_SUCCESS]  

2021-03-25 13:30:43,772 INFO Clear point  control rule for monitorKeys, pointName=[CONFIG_PUSH_SUCCESS]  

2021-03-25 13:30:43,773 INFO Load rule from local,pointName=CONFIG_PUSH_FAIL, ruleContent= 

2021-03-25 13:30:43,773 INFO Apply tps control rule parse start,pointName=[CONFIG_PUSH_FAIL]  

2021-03-25 13:30:43,773 INFO Clear point  control rule ,pointName=[CONFIG_PUSH_FAIL]  

2021-03-25 13:30:43,773 INFO Clear point  control rule for monitorKeys, pointName=[CONFIG_PUSH_FAIL]  

2021-03-25 13:33:34,566 INFO Register tps control,pointName=CONFIG_PUSH_COUNT, point=com.alibaba.nacos.core.remote.control.TpsMonitorPoint@57ce634f 

2021-03-25 13:33:34,566 INFO Load rule from local,pointName=CONFIG_PUSH_COUNT, ruleContent= 

2021-03-25 13:33:34,566 INFO Apply tps control rule parse start,pointName=[CONFIG_PUSH_COUNT]  

2021-03-25 13:33:34,566 INFO Clear point  control rule ,pointName=[CONFIG_PUSH_COUNT]  

2021-03-25 13:33:34,566 INFO Clear point  control rule for monitorKeys, pointName=[CONFIG_PUSH_COUNT]  

2021-03-25 13:33:34,566 INFO Register tps control,pointName=CONFIG_PUSH_SUCCESS, point=com.alibaba.nacos.core.remote.control.TpsMonitorPoint@b8a7e43 

2021-03-25 13:33:34,567 INFO Load rule from local,pointName=CONFIG_PUSH_SUCCESS, ruleContent= 

2021-03-25 13:33:34,567 INFO Apply tps control rule parse start,pointName=[CONFIG_PUSH_SUCCESS]  

2021-03-25 13:33:34,567 INFO Clear point  control rule ,pointName=[CONFIG_PUSH_SUCCESS]  

2021-03-25 13:33:34,567 INFO Clear point  control rule for monitorKeys, pointName=[CONFIG_PUSH_SUCCESS]  

2021-03-25 13:33:34,567 INFO Register tps control,pointName=CONFIG_PUSH_FAIL, point=com.alibaba.nacos.core.remote.control.TpsMonitorPoint@35835fa 

2021-03-25 13:33:34,567 INFO Load rule from local,pointName=CONFIG_PUSH_FAIL, ruleContent= 

2021-03-25 13:33:34,567 INFO Apply tps control rule parse start,pointName=[CONFIG_PUSH_FAIL]  

2021-03-25 13:33:34,567 INFO Clear point  control rule ,pointName=[CONFIG_PUSH_FAIL]  

2021-03-25 13:33:34,567 INFO Clear point  control rule for monitorKeys, pointName=[CONFIG_PUSH_FAIL]  

2021-03-25 13:33:44,492 INFO Register tps control,pointName=ConfigQuery, point=com.alibaba.nacos.core.remote.control.TpsMonitorPoint@6c6366cf 

2021-03-25 13:33:44,494 INFO Load rule from local,pointName=ConfigQuery, ruleContent= 

2021-03-25 13:33:44,494 INFO Apply tps control rule parse start,pointName=[ConfigQuery]  

2021-03-25 13:33:44,494 INFO Clear point  control rule ,pointName=[ConfigQuery]  

2021-03-25 13:33:44,494 INFO Clear point  control rule for monitorKeys, pointName=[ConfigQuery]  

2021-03-25 13:33:44,494 INFO Register tps control,pointName=ClusterConfigChangeNotify, point=com.alibaba.nacos.core.remote.control.TpsMonitorPoint@55a88417 

2021-03-25 13:33:44,495 INFO Load rule from local,pointName=ClusterConfigChangeNotify, ruleContent= 

2021-03-25 13:33:44,495 INFO Apply tps control rule parse start,pointName=[ClusterConfigChangeNotify]  

2021-03-25 13:33:44,495 INFO Clear point  control rule ,pointName=[ClusterConfigChangeNotify]  

2021-03-25 13:33:44,495 INFO Clear point  control rule for monitorKeys, pointName=[ClusterConfigChangeNotify]  

2021-03-25 13:33:44,495 INFO Register tps control,pointName=ConfigListen, point=com.alibaba.nacos.core.remote.control.TpsMonitorPoint@18acfe88 

2021-03-25 13:33:44,496 INFO Load rule from local,pointName=ConfigListen, ruleContent= 

2021-03-25 13:33:44,496 INFO Apply tps control rule parse start,pointName=[ConfigListen]  

2021-03-25 13:33:44,496 INFO Clear point  control rule ,pointName=[ConfigListen]  

2021-03-25 13:33:44,496 INFO Clear point  control rule for monitorKeys, pointName=[ConfigListen]  

2021-03-25 13:33:44,496 INFO Register tps control,pointName=ConfigRemove, point=com.alibaba.nacos.core.remote.control.TpsMonitorPoint@8a2a6a 

2021-03-25 13:33:44,497 INFO Load rule from local,pointName=ConfigRemove, ruleContent= 

2021-03-25 13:33:44,497 INFO Apply tps control rule parse start,pointName=[ConfigRemove]  

2021-03-25 13:33:44,497 INFO Clear point  control rule ,pointName=[ConfigRemove]  

2021-03-25 13:33:44,497 INFO Clear point  control rule for monitorKeys, pointName=[ConfigRemove]  

2021-03-25 13:33:44,497 INFO Register tps control,pointName=ConfigPublish, point=com.alibaba.nacos.core.remote.control.TpsMonitorPoint@772861aa 

2021-03-25 13:33:44,498 INFO Load rule from local,pointName=ConfigPublish, ruleContent= 

2021-03-25 13:33:44,498 INFO Apply tps control rule parse start,pointName=[ConfigPublish]  

2021-03-25 13:33:44,498 INFO Clear point  control rule ,pointName=[ConfigPublish]  

2021-03-25 13:33:44,498 INFO Clear point  control rule for monitorKeys, pointName=[ConfigPublish]  

2021-03-25 13:33:44,498 INFO Register tps control,pointName=HealthCheck, point=com.alibaba.nacos.core.remote.control.TpsMonitorPoint@6631cb64 

2021-03-25 13:33:44,499 INFO Load rule from local,pointName=HealthCheck, ruleContent= 

2021-03-25 13:33:44,499 INFO Apply tps control rule parse start,pointName=[HealthCheck]  

2021-03-25 13:33:44,499 INFO Clear point  control rule ,pointName=[HealthCheck]  

2021-03-25 13:33:44,499 INFO Clear point  control rule for monitorKeys, pointName=[HealthCheck]  

2021-03-25 13:33:44,500 INFO Load rule from local,pointName=ConfigQuery, ruleContent= 

2021-03-25 13:33:44,500 INFO Apply tps control rule parse start,pointName=[ConfigQuery]  

2021-03-25 13:33:44,501 INFO Clear point  control rule ,pointName=[ConfigQuery]  

2021-03-25 13:33:44,501 INFO Clear point  control rule for monitorKeys, pointName=[ConfigQuery]  

2021-03-25 13:33:44,501 INFO Load rule from local,pointName=ClusterConfigChangeNotify, ruleContent= 

2021-03-25 13:33:44,501 INFO Apply tps control rule parse start,pointName=[ClusterConfigChangeNotify]  

2021-03-25 13:33:44,501 INFO Clear point  control rule ,pointName=[ClusterConfigChangeNotify]  

2021-03-25 13:33:44,501 INFO Clear point  control rule for monitorKeys, pointName=[ClusterConfigChangeNotify]  

2021-03-25 13:33:44,502 INFO Load rule from local,pointName=ConfigListen, ruleContent= 

2021-03-25 13:33:44,502 INFO Apply tps control rule parse start,pointName=[ConfigListen]  

2021-03-25 13:33:44,502 INFO Clear point  control rule ,pointName=[ConfigListen]  

2021-03-25 13:33:44,502 INFO Clear point  control rule for monitorKeys, pointName=[ConfigListen]  

2021-03-25 13:33:44,502 INFO Load rule from local,pointName=ConfigRemove, ruleContent= 

2021-03-25 13:33:44,502 INFO Apply tps control rule parse start,pointName=[ConfigRemove]  

2021-03-25 13:33:44,502 INFO Clear point  control rule ,pointName=[ConfigRemove]  

2021-03-25 13:33:44,502 INFO Clear point  control rule for monitorKeys, pointName=[ConfigRemove]  

2021-03-25 13:33:44,503 INFO Load rule from local,pointName=ConfigPublish, ruleContent= 

2021-03-25 13:33:44,504 INFO Apply tps control rule parse start,pointName=[ConfigPublish]  

2021-03-25 13:33:44,505 INFO Clear point  control rule ,pointName=[ConfigPublish]  

2021-03-25 13:33:44,505 INFO Clear point  control rule for monitorKeys, pointName=[ConfigPublish]  

2021-03-25 13:33:44,505 INFO Load rule from local,pointName=HealthCheck, ruleContent= 

2021-03-25 13:33:44,505 INFO Apply tps control rule parse start,pointName=[HealthCheck]  

2021-03-25 13:33:44,505 INFO Clear point  control rule ,pointName=[HealthCheck]  

2021-03-25 13:33:44,505 INFO Clear point  control rule for monitorKeys, pointName=[HealthCheck]  

2021-03-25 13:54:38,638 INFO Register tps control,pointName=NAMING_RPC_PUSH, point=com.alibaba.nacos.core.remote.control.TpsMonitorPoint@563b8b6b 

2021-03-25 13:54:38,639 INFO Load rule from local,pointName=NAMING_RPC_PUSH, ruleContent= 

2021-03-25 13:54:38,640 INFO Apply tps control rule parse start,pointName=[NAMING_RPC_PUSH]  

2021-03-25 13:54:38,640 INFO Clear point  control rule ,pointName=[NAMING_RPC_PUSH]  

2021-03-25 13:54:38,640 INFO Clear point  control rule for monitorKeys, pointName=[NAMING_RPC_PUSH]  

2021-03-25 13:54:38,640 INFO Register tps control,pointName=NAMING_RPC_PUSH_SUCCESS, point=com.alibaba.nacos.core.remote.control.TpsMonitorPoint@59d4f660 

2021-03-25 13:54:38,640 INFO Load rule from local,pointName=NAMING_RPC_PUSH_SUCCESS, ruleContent= 

2021-03-25 13:54:38,640 INFO Apply tps control rule parse start,pointName=[NAMING_RPC_PUSH_SUCCESS]  

2021-03-25 13:54:38,640 INFO Clear point  control rule ,pointName=[NAMING_RPC_PUSH_SUCCESS]  

2021-03-25 13:54:38,640 INFO Clear point  control rule for monitorKeys, pointName=[NAMING_RPC_PUSH_SUCCESS]  

2021-03-25 13:54:38,641 INFO Register tps control,pointName=NAMING_RPC_PUSH_FAIL, point=com.alibaba.nacos.core.remote.control.TpsMonitorPoint@69d93628 

2021-03-25 13:54:38,641 INFO Load rule from local,pointName=NAMING_RPC_PUSH_FAIL, ruleContent= 

2021-03-25 13:54:38,641 INFO Apply tps control rule parse start,pointName=[NAMING_RPC_PUSH_FAIL]  

2021-03-25 13:54:38,641 INFO Clear point  control rule ,pointName=[NAMING_RPC_PUSH_FAIL]  

2021-03-25 13:54:38,641 INFO Clear point  control rule for monitorKeys, pointName=[NAMING_RPC_PUSH_FAIL]  

2021-03-25 13:54:38,641 INFO Register tps control,pointName=NAMING_UDP_PUSH, point=com.alibaba.nacos.core.remote.control.TpsMonitorPoint@615d0b0a 

2021-03-25 13:54:38,642 INFO Load rule from local,pointName=NAMING_UDP_PUSH, ruleContent= 

2021-03-25 13:54:38,642 INFO Apply tps control rule parse start,pointName=[NAMING_UDP_PUSH]  

2021-03-25 13:54:38,642 INFO Clear point  control rule ,pointName=[NAMING_UDP_PUSH]  

2021-03-25 13:54:38,642 INFO Clear point  control rule for monitorKeys, pointName=[NAMING_UDP_PUSH]  

2021-03-25 13:54:38,642 INFO Register tps control,pointName=NAMING_UDP_PUSH_SUCCESS, point=com.alibaba.nacos.core.remote.control.TpsMonitorPoint@6bb7a499 

2021-03-25 13:54:38,643 INFO Load rule from local,pointName=NAMING_UDP_PUSH_SUCCESS, ruleContent= 

2021-03-25 13:54:38,643 INFO Apply tps control rule parse start,pointName=[NAMING_UDP_PUSH_SUCCESS]  

2021-03-25 13:54:38,643 INFO Clear point  control rule ,pointName=[NAMING_UDP_PUSH_SUCCESS]  

2021-03-25 13:54:38,643 INFO Clear point  control rule for monitorKeys, pointName=[NAMING_UDP_PUSH_SUCCESS]  

2021-03-25 13:54:38,643 INFO Register tps control,pointName=NAMING_UDP_PUSH_FAIL, point=com.alibaba.nacos.core.remote.control.TpsMonitorPoint@152e3879 

2021-03-25 13:54:38,643 INFO Load rule from local,pointName=NAMING_UDP_PUSH_FAIL, ruleContent= 

2021-03-25 13:54:38,643 INFO Apply tps control rule parse start,pointName=[NAMING_UDP_PUSH_FAIL]  

2021-03-25 13:54:38,644 INFO Clear point  control rule ,pointName=[NAMING_UDP_PUSH_FAIL]  

2021-03-25 13:54:38,644 INFO Clear point  control rule for monitorKeys, pointName=[NAMING_UDP_PUSH_FAIL]  

2021-03-25 13:54:38,657 INFO Load rule from local,pointName=NAMING_RPC_PUSH, ruleContent= 

2021-03-25 13:54:38,657 INFO Apply tps control rule parse start,pointName=[NAMING_RPC_PUSH]  

2021-03-25 13:54:38,657 INFO Clear point  control rule ,pointName=[NAMING_RPC_PUSH]  

2021-03-25 13:54:38,657 INFO Clear point  control rule for monitorKeys, pointName=[NAMING_RPC_PUSH]  

2021-03-25 13:54:38,658 INFO Load rule from local,pointName=NAMING_RPC_PUSH_SUCCESS, ruleContent= 

2021-03-25 13:54:38,658 INFO Apply tps control rule parse start,pointName=[NAMING_RPC_PUSH_SUCCESS]  

2021-03-25 13:54:38,658 INFO Clear point  control rule ,pointName=[NAMING_RPC_PUSH_SUCCESS]  

2021-03-25 13:54:38,658 INFO Clear point  control rule for monitorKeys, pointName=[NAMING_RPC_PUSH_SUCCESS]  

2021-03-25 13:54:38,658 INFO Load rule from local,pointName=NAMING_RPC_PUSH_FAIL, ruleContent= 

2021-03-25 13:54:38,658 INFO Apply tps control rule parse start,pointName=[NAMING_RPC_PUSH_FAIL]  

2021-03-25 13:54:38,658 INFO Clear point  control rule ,pointName=[NAMING_RPC_PUSH_FAIL]  

2021-03-25 13:54:38,658 INFO Clear point  control rule for monitorKeys, pointName=[NAMING_RPC_PUSH_FAIL]  

2021-03-25 13:54:38,658 INFO Load rule from local,pointName=NAMING_UDP_PUSH, ruleContent= 

2021-03-25 13:54:38,658 INFO Apply tps control rule parse start,pointName=[NAMING_UDP_PUSH]  

2021-03-25 13:54:38,658 INFO Clear point  control rule ,pointName=[NAMING_UDP_PUSH]  

2021-03-25 13:54:38,658 INFO Clear point  control rule for monitorKeys, pointName=[NAMING_UDP_PUSH]  

2021-03-25 13:54:38,658 INFO Load rule from local,pointName=NAMING_UDP_PUSH_SUCCESS, ruleContent= 

2021-03-25 13:54:38,658 INFO Apply tps control rule parse start,pointName=[NAMING_UDP_PUSH_SUCCESS]  

2021-03-25 13:54:38,658 INFO Clear point  control rule ,pointName=[NAMING_UDP_PUSH_SUCCESS]  

2021-03-25 13:54:38,658 INFO Clear point  control rule for monitorKeys, pointName=[NAMING_UDP_PUSH_SUCCESS]  

2021-03-25 13:54:38,659 INFO Load rule from local,pointName=NAMING_UDP_PUSH_FAIL, ruleContent= 

2021-03-25 13:54:38,659 INFO Apply tps control rule parse start,pointName=[NAMING_UDP_PUSH_FAIL]  

2021-03-25 13:54:38,659 INFO Clear point  control rule ,pointName=[NAMING_UDP_PUSH_FAIL]  

2021-03-25 13:54:38,659 INFO Clear point  control rule for monitorKeys, pointName=[NAMING_UDP_PUSH_FAIL]  

