2020-05-20 21:27:25,202 INFO [NACOS-PUSH] clientMap size: 0

2020-05-20 21:27:45,328 INFO [NACOS-PUSH] clientMap size: 0

2020-05-20 21:28:05,330 INFO [NACOS-PUSH] clientMap size: 0

2020-05-20 21:28:25,332 INFO [NACOS-PUSH] clientMap size: 0

2020-05-20 21:28:45,334 INFO [NACOS-PUSH] clientMap size: 0

2020-05-20 21:29:05,335 INFO [NACOS-PUSH] clientMap size: 0

2020-05-20 21:29:25,337 INFO [NACOS-PUSH] clientMap size: 0

2020-05-20 21:29:45,338 INFO [NACOS-PUSH] clientMap size: 0

2020-05-20 21:30:05,340 INFO [NACOS-PUSH] clientMap size: 0

2020-05-20 21:30:25,341 INFO [NACOS-PUSH] clientMap size: 0

2020-05-20 21:30:45,343 INFO [NACOS-PUSH] clientMap size: 0

2020-05-20 21:31:05,345 INFO [NACOS-PUSH] clientMap size: 0

2020-05-20 21:31:25,359 INFO [NACOS-PUSH] clientMap size: 0

2020-05-20 21:31:45,362 INFO [NACOS-PUSH] clientMap size: 0

2020-05-20 21:32:05,363 INFO [NACOS-PUSH] clientMap size: 0

2020-05-20 21:32:25,364 INFO [NACOS-PUSH] clientMap size: 0

2020-05-20 21:32:45,365 INFO [NACOS-PUSH] clientMap size: 0

2020-05-20 21:33:05,375 INFO [NACOS-PUSH] clientMap size: 0

2020-05-20 21:33:25,377 INFO [NACOS-PUSH] clientMap size: 0

2020-05-20 21:33:45,471 INFO [NACOS-PUSH] clientMap size: 0

2020-05-20 21:34:05,471 INFO [NACOS-PUSH] clientMap size: 0

2020-05-20 21:34:25,472 INFO [NACOS-PUSH] clientMap size: 0

2020-05-20 21:34:45,474 INFO [NACOS-PUSH] clientMap size: 0

2020-05-20 21:35:05,476 INFO [NACOS-PUSH] clientMap size: 0

2020-05-20 21:35:25,477 INFO [NACOS-PUSH] clientMap size: 0

2020-05-20 21:35:45,478 INFO [NACOS-PUSH] clientMap size: 0

2020-05-20 21:36:05,480 INFO [NACOS-PUSH] clientMap size: 0

2020-05-20 21:36:25,482 INFO [NACOS-PUSH] clientMap size: 0

2020-05-20 21:36:45,484 INFO [NACOS-PUSH] clientMap size: 0

2020-05-20 21:37:05,484 INFO [NACOS-PUSH] clientMap size: 0

2020-05-20 21:37:25,486 INFO [NACOS-PUSH] clientMap size: 0

2020-05-20 21:37:45,487 INFO [NACOS-PUSH] clientMap size: 0

2020-05-20 21:38:05,488 INFO [NACOS-PUSH] clientMap size: 0

2020-05-20 21:38:25,489 INFO [NACOS-PUSH] clientMap size: 0

2020-05-20 21:38:45,492 INFO [NACOS-PUSH] clientMap size: 0

2020-05-20 21:39:05,494 INFO [NACOS-PUSH] clientMap size: 0

2020-05-20 21:39:25,495 INFO [NACOS-PUSH] clientMap size: 0

2020-05-20 21:39:45,497 INFO [NACOS-PUSH] clientMap size: 0

2020-05-20 21:40:05,504 INFO [NACOS-PUSH] clientMap size: 0

2020-05-20 21:40:25,505 INFO [NACOS-PUSH] clientMap size: 0

2020-05-20 21:40:45,507 INFO [NACOS-PUSH] clientMap size: 0

2020-05-20 21:41:05,508 INFO [NACOS-PUSH] clientMap size: 0

2020-05-20 21:41:25,509 INFO [NACOS-PUSH] clientMap size: 0

2020-05-20 21:41:45,521 INFO [NACOS-PUSH] clientMap size: 0

2020-05-20 21:42:05,524 INFO [NACOS-PUSH] clientMap size: 0

2020-05-20 21:42:25,525 INFO [NACOS-PUSH] clientMap size: 0

2020-05-20 21:42:45,526 INFO [NACOS-PUSH] clientMap size: 0

2020-05-20 21:43:05,527 INFO [NACOS-PUSH] clientMap size: 0

2020-05-20 21:43:25,528 INFO [NACOS-PUSH] clientMap size: 0

2020-05-20 21:43:45,529 INFO [NACOS-PUSH] clientMap size: 0

2020-05-20 21:44:05,530 INFO [NACOS-PUSH] clientMap size: 0

2020-05-20 21:44:25,538 INFO [NACOS-PUSH] clientMap size: 0

2020-05-20 21:44:45,540 INFO [NACOS-PUSH] clientMap size: 0

2020-05-20 21:45:05,541 INFO [NACOS-PUSH] clientMap size: 0

2020-05-20 21:45:25,542 INFO [NACOS-PUSH] clientMap size: 0

2020-05-20 21:45:45,544 INFO [NACOS-PUSH] clientMap size: 0

2020-05-20 21:46:05,559 INFO [NACOS-PUSH] clientMap size: 0

2020-05-20 21:46:24,444 INFO DEFAULT_GROUP@@conter-center is changed, add it to push queue.

2020-05-20 21:46:25,560 INFO [NACOS-PUSH] clientMap size: 0

2020-05-20 21:46:27,348 INFO DEFAULT_GROUP@@user-center is changed, add it to push queue.

2020-05-20 21:46:45,561 INFO [NACOS-PUSH] clientMap size: 1

2020-05-20 21:47:05,562 INFO [NACOS-PUSH] clientMap size: 4

2020-05-20 21:47:25,564 INFO [NACOS-PUSH] clientMap size: 4

2020-05-20 21:47:45,565 INFO [NACOS-PUSH] clientMap size: 4

2020-05-20 21:48:05,567 INFO [NACOS-PUSH] clientMap size: 4

2020-05-20 21:48:25,571 INFO [NACOS-PUSH] clientMap size: 4

2020-05-20 21:48:45,572 INFO [NACOS-PUSH] clientMap size: 4

2020-05-20 21:49:05,573 INFO [NACOS-PUSH] clientMap size: 4

2020-05-20 21:49:25,574 INFO [NACOS-PUSH] clientMap size: 4

2020-05-20 21:49:45,578 INFO [NACOS-PUSH] clientMap size: 4

2020-05-20 21:50:05,581 INFO [NACOS-PUSH] clientMap size: 4

2020-05-20 21:50:25,589 INFO [NACOS-PUSH] clientMap size: 4

2020-05-20 21:50:45,591 INFO [NACOS-PUSH] clientMap size: 4

2020-05-20 21:51:05,592 INFO [NACOS-PUSH] clientMap size: 4

2020-05-20 21:51:25,601 INFO [NACOS-PUSH] clientMap size: 4

2020-05-20 21:51:45,623 INFO [NACOS-PUSH] clientMap size: 4

2020-05-20 21:52:05,632 INFO [NACOS-PUSH] clientMap size: 4

2020-05-20 21:52:25,634 INFO [NACOS-PUSH] clientMap size: 4

2020-05-20 21:52:45,635 INFO [NACOS-PUSH] clientMap size: 4

2020-05-20 21:53:05,636 INFO [NACOS-PUSH] clientMap size: 4

2020-05-20 21:53:25,638 INFO [NACOS-PUSH] clientMap size: 4

2020-05-20 21:53:45,683 INFO [NACOS-PUSH] clientMap size: 4

2020-05-20 21:54:05,685 INFO [NACOS-PUSH] clientMap size: 4

2020-05-20 21:54:25,702 INFO [NACOS-PUSH] clientMap size: 4

2020-05-20 21:54:45,706 INFO [NACOS-PUSH] clientMap size: 4

2020-05-20 21:55:05,707 INFO [NACOS-PUSH] clientMap size: 4

2020-05-20 21:55:25,708 INFO [NACOS-PUSH] clientMap size: 4

2020-05-20 21:55:45,813 INFO [NACOS-PUSH] clientMap size: 2

2020-05-20 21:55:49,780 INFO DEFAULT_GROUP@@conter-center is changed, add it to push queue.

2020-05-20 21:55:49,788 INFO serviceName: DEFAULT_GROUP@@conter-center changed, schedule push for: 192.168.200.1:58498, agent: Nacos-Java-Client:v1.0.0, key: 192.168.200.1,58498,574331149704200

2020-05-20 21:55:49,788 INFO send udp packet: 192.168.200.1,58498,574331149704200

2020-05-20 21:55:49,849 INFO received ack: {"type": "push-ack", "lastRefTime":"574331149704200", "data":""} from: 192.168.200.1:, cost: 58498 ms, unacked: 61, total push: 0

2020-05-20 21:56:05,817 INFO [NACOS-PUSH] clientMap size: 2

2020-05-20 21:56:05,945 INFO DEFAULT_GROUP@@conter-center is changed, add it to push queue.

2020-05-20 21:56:05,947 INFO serviceName: DEFAULT_GROUP@@conter-center changed, schedule push for: 192.168.200.1:58498, agent: Nacos-Java-Client:v1.0.0, key: 192.168.200.1,58498,574347313053400

2020-05-20 21:56:05,947 INFO send udp packet: 192.168.200.1,58498,574347313053400

2020-05-20 21:56:05,954 INFO received ack: {"type": "push-ack", "lastRefTime":"574347313053400", "data":""} from: 192.168.200.1:, cost: 58498 ms, unacked: 7, total push: 0

2020-05-20 21:56:08,245 INFO DEFAULT_GROUP@@conter-center is changed, add it to push queue.

2020-05-20 21:56:08,245 INFO serviceName: DEFAULT_GROUP@@conter-center changed, schedule push for: 192.168.200.1:58498, agent: Nacos-Java-Client:v1.0.0, key: 192.168.200.1,58498,574349610986900

2020-05-20 21:56:08,245 INFO send udp packet: 192.168.200.1,58498,574349610986900

2020-05-20 21:56:08,245 INFO serviceName: DEFAULT_GROUP@@conter-center changed, schedule push for: 192.168.200.1:50684, agent: Nacos-Java-Client:v1.0.0, key: 192.168.200.1,50684,574349610986900

2020-05-20 21:56:08,245 INFO send udp packet: 192.168.200.1,50684,574349610986900

2020-05-20 21:56:08,250 INFO received ack: {"type": "push-ack", "lastRefTime":"574349610986900", "data":""} from: 192.168.200.1:, cost: 58498 ms, unacked: 5, total push: 1

2020-05-20 21:56:08,262 INFO received ack: {"type": "push-ack", "lastRefTime":"574349610986900", "data":""} from: 192.168.200.1:, cost: 50684 ms, unacked: 17, total push: 0

2020-05-20 21:56:25,818 INFO [NACOS-PUSH] clientMap size: 4

2020-05-20 21:56:45,819 INFO [NACOS-PUSH] clientMap size: 4

2020-05-20 21:57:05,821 INFO [NACOS-PUSH] clientMap size: 4

2020-05-20 21:57:25,829 INFO [NACOS-PUSH] clientMap size: 4

2020-05-20 21:57:45,835 INFO [NACOS-PUSH] clientMap size: 4

2020-05-20 21:58:05,837 INFO [NACOS-PUSH] clientMap size: 4

2020-05-20 21:58:25,839 INFO [NACOS-PUSH] clientMap size: 4

2020-05-20 21:58:45,855 INFO [NACOS-PUSH] clientMap size: 4

2020-05-20 21:59:05,856 INFO [NACOS-PUSH] clientMap size: 4

2020-05-20 21:59:25,858 INFO [NACOS-PUSH] clientMap size: 4

2020-05-20 21:59:45,863 INFO [NACOS-PUSH] clientMap size: 4

2020-05-20 22:00:05,871 INFO [NACOS-PUSH] clientMap size: 4

2020-05-20 22:00:25,873 INFO [NACOS-PUSH] clientMap size: 4

2020-05-20 22:00:45,875 INFO [NACOS-PUSH] clientMap size: 4

2020-05-20 22:01:05,876 INFO [NACOS-PUSH] clientMap size: 4

2020-05-20 22:01:25,877 INFO [NACOS-PUSH] clientMap size: 4

2020-05-20 22:01:45,879 INFO [NACOS-PUSH] clientMap size: 4

2020-05-20 22:02:05,881 INFO [NACOS-PUSH] clientMap size: 4

2020-05-20 22:02:25,882 INFO [NACOS-PUSH] clientMap size: 4

2020-05-20 22:02:45,884 INFO [NACOS-PUSH] clientMap size: 4

2020-05-20 22:03:05,885 INFO [NACOS-PUSH] clientMap size: 4

2020-05-20 22:03:25,887 INFO [NACOS-PUSH] clientMap size: 4

2020-05-20 22:03:45,941 INFO [NACOS-PUSH] clientMap size: 4

2020-05-20 22:04:05,942 INFO [NACOS-PUSH] clientMap size: 4

2020-05-20 22:04:25,943 INFO [NACOS-PUSH] clientMap size: 4

2020-05-20 22:04:45,950 INFO [NACOS-PUSH] clientMap size: 4

2020-05-20 22:05:05,952 INFO [NACOS-PUSH] clientMap size: 4

2020-05-20 22:05:25,953 INFO [NACOS-PUSH] clientMap size: 4

2020-05-20 22:05:45,955 INFO [NACOS-PUSH] clientMap size: 4

2020-05-20 22:06:05,956 INFO [NACOS-PUSH] clientMap size: 4

2020-05-20 22:06:25,957 INFO [NACOS-PUSH] clientMap size: 6

2020-05-20 22:06:45,960 INFO [NACOS-PUSH] clientMap size: 4

2020-05-20 22:06:58,414 INFO DEFAULT_GROUP@@user-center is changed, add it to push queue.

2020-05-20 22:07:01,839 INFO DEFAULT_GROUP@@conter-center is changed, add it to push queue.

2020-05-20 22:07:05,962 INFO [NACOS-PUSH] clientMap size: 0

2020-05-20 22:07:08,306 INFO DEFAULT_GROUP@@conter-center is changed, add it to push queue.

2020-05-20 22:07:08,308 INFO serviceName: DEFAULT_GROUP@@conter-center changed, schedule push for: 192.168.200.1:54698, agent: Nacos-Java-Client:v1.0.0, key: 192.168.200.1,54698,575009671665200

2020-05-20 22:07:08,309 INFO send udp packet: 192.168.200.1,54698,575009671665200

2020-05-20 22:07:08,318 INFO received ack: {"type": "push-ack", "lastRefTime":"575009671665200", "data":""} from: 192.168.200.1:, cost: 54698 ms, unacked: 9, total push: 0

2020-05-20 22:07:12,963 INFO DEFAULT_GROUP@@conter-center is changed, add it to push queue.

2020-05-20 22:07:12,970 INFO serviceName: DEFAULT_GROUP@@conter-center changed, schedule push for: 192.168.200.1:54698, agent: Nacos-Java-Client:v1.0.0, key: 192.168.200.1,54698,575014329344500

2020-05-20 22:07:12,970 INFO send udp packet: 192.168.200.1,54698,575014329344500

2020-05-20 22:07:12,972 INFO received ack: {"type": "push-ack", "lastRefTime":"575014329344500", "data":""} from: 192.168.200.1:, cost: 54698 ms, unacked: 2, total push: 0

2020-05-20 22:07:13,456 INFO DEFAULT_GROUP@@user-center is changed, add it to push queue.

2020-05-20 22:07:13,456 INFO serviceName: DEFAULT_GROUP@@user-center changed, schedule push for: 192.168.200.1:54698, agent: Nacos-Java-Client:v1.0.0, key: 192.168.200.1,54698,575014822264200

2020-05-20 22:07:13,456 INFO send udp packet: 192.168.200.1,54698,575014822264200

2020-05-20 22:07:13,459 INFO received ack: {"type": "push-ack", "lastRefTime":"575014822264200", "data":""} from: 192.168.200.1:, cost: 54698 ms, unacked: 3, total push: 0

2020-05-20 22:07:25,980 INFO [NACOS-PUSH] clientMap size: 2

2020-05-20 22:07:33,951 INFO DEFAULT_GROUP@@user-center is changed, add it to push queue.

2020-05-20 22:07:33,952 INFO serviceName: DEFAULT_GROUP@@user-center changed, schedule push for: 192.168.200.1:54698, agent: Nacos-Java-Client:v1.0.0, key: 192.168.200.1,54698,575035317891100

2020-05-20 22:07:33,952 INFO send udp packet: 192.168.200.1,54698,575035317891100

2020-05-20 22:07:33,952 INFO serviceName: DEFAULT_GROUP@@user-center changed, schedule push for: 192.168.200.1:54700, agent: Nacos-Java-Client:v1.0.0, key: 192.168.200.1,54700,575035317891100

2020-05-20 22:07:33,952 INFO send udp packet: 192.168.200.1,54700,575035317891100

2020-05-20 22:07:33,955 INFO received ack: {"type": "push-ack", "lastRefTime":"575035317891100", "data":""} from: 192.168.200.1:, cost: 54698 ms, unacked: 3, total push: 1

2020-05-20 22:07:33,965 INFO received ack: {"type": "push-ack", "lastRefTime":"575035317891100", "data":""} from: 192.168.200.1:, cost: 54700 ms, unacked: 13, total push: 0

2020-05-20 22:07:45,981 INFO [NACOS-PUSH] clientMap size: 4

2020-05-20 22:08:00,001 INFO DEFAULT_GROUP@@user-center is changed, add it to push queue.

2020-05-20 22:08:00,003 INFO serviceName: DEFAULT_GROUP@@user-center changed, schedule push for: 192.168.200.1:54698, agent: Nacos-Java-Client:v1.0.0, key: 192.168.200.1,54698,575061368279700

2020-05-20 22:08:00,003 INFO send udp packet: 192.168.200.1,54698,575061368279700

2020-05-20 22:08:00,016 INFO received ack: {"type": "push-ack", "lastRefTime":"575061368279700", "data":""} from: 192.168.200.1:, cost: 54698 ms, unacked: 13, total push: 0

2020-05-20 22:08:00,016 INFO serviceName: DEFAULT_GROUP@@user-center changed, schedule push for: 192.168.200.1:54700, agent: Nacos-Java-Client:v1.0.0, key: 192.168.200.1,54700,575061368279700

2020-05-20 22:08:00,016 INFO send udp packet: 192.168.200.1,54700,575061368279700

2020-05-20 22:08:00,021 INFO received ack: {"type": "push-ack", "lastRefTime":"575061368279700", "data":""} from: 192.168.200.1:, cost: 54700 ms, unacked: 5, total push: 0

2020-05-20 22:08:00,023 INFO serviceName: DEFAULT_GROUP@@user-center changed, schedule push for: 192.168.200.1:49822, agent: Nacos-Java-Client:v1.0.0, key: 192.168.200.1,49822,575061368279700

2020-05-20 22:08:00,023 INFO send udp packet: 192.168.200.1,49822,575061368279700

2020-05-20 22:08:00,139 INFO received ack: {"type": "push-ack", "lastRefTime":"575061368279700", "data":""} from: 192.168.200.1:, cost: 49822 ms, unacked: 116, total push: 0

2020-05-20 22:08:05,983 INFO [NACOS-PUSH] clientMap size: 6

2020-05-20 22:08:25,983 INFO [NACOS-PUSH] clientMap size: 6

2020-05-20 22:08:45,985 INFO [NACOS-PUSH] clientMap size: 6

2020-05-20 22:09:05,992 INFO [NACOS-PUSH] clientMap size: 6

2020-05-20 22:09:25,996 INFO [NACOS-PUSH] clientMap size: 6

2020-05-20 22:09:45,998 INFO [NACOS-PUSH] clientMap size: 6

2020-05-20 22:10:06,000 INFO [NACOS-PUSH] clientMap size: 6

2020-05-20 22:10:26,001 INFO [NACOS-PUSH] clientMap size: 6

2020-05-20 22:10:46,002 INFO [NACOS-PUSH] clientMap size: 6

2020-05-20 22:11:06,004 INFO [NACOS-PUSH] clientMap size: 6

2020-05-20 22:11:26,016 INFO [NACOS-PUSH] clientMap size: 6

2020-05-20 22:11:46,023 INFO [NACOS-PUSH] clientMap size: 6

2020-05-20 22:12:06,024 INFO [NACOS-PUSH] clientMap size: 6

2020-05-20 22:12:26,025 INFO [NACOS-PUSH] clientMap size: 6

2020-05-20 22:12:46,049 INFO [NACOS-PUSH] clientMap size: 6

