2020-05-20 21:27:24,922 INFO initializing Raft sub-system

2020-05-20 21:27:24,925 INFO finish loading all datums, size: 0 cost 3 ms.

2020-05-20 21:27:24,646 INFO server list is updated, new: 1 servers: [{"adWeight":0,"alive":false,"ip":"192.168.56.1","key":"192.168.56.1:0","lastRefTime":0,"servePort":0,"site":"unknown","weight":1}]

2020-05-20 21:27:24,950 INFO raft notifier started

2020-05-20 21:27:24,987 INFO cache loaded, datum count: 0, current term: 0

2020-05-20 21:27:24,987 INFO finish to load data from disk, cost: 65 ms.

2020-05-20 21:27:24,992 INFO timer started: leader timeout ms: 15000, heart-beat timeout ms: 5000

2020-05-20 21:27:25,004 INFO raft peers changed: [{"adWeight":0,"alive":false,"ip":"192.168.56.1","key":"192.168.56.1:0","lastRefTime":0,"lastRefTimeStr":"","servePort":0,"site":"unknown","weight":1}]

2020-05-20 21:27:25,136 INFO add listener: com.alibaba.nacos.naming.domains.meta.

2020-05-20 21:27:41,123 INFO add listener: com.alibaba.nacos.naming.domains.meta.00-00---000-NACOS_SWITCH_DOMAIN-000---00-00

2020-05-20 21:27:49,611 INFO server list is updated, new: 1 servers: [{"adWeight":0,"alive":false,"ip":"192.168.56.1","key":"192.168.56.1:8848","lastRefTime":0,"lastRefTimeStr":"","servePort":8848,"site":"unknown","weight":1}]

2020-05-20 21:27:49,611 INFO server list is updated, dead: 1, servers: [{"adWeight":0,"alive":false,"ip":"192.168.56.1","key":"192.168.56.1:0","lastRefTime":0,"lastRefTimeStr":"","servePort":0,"site":"unknown","weight":1}]

2020-05-20 21:27:49,612 INFO raft peers changed: [{"adWeight":0,"alive":false,"ip":"192.168.56.1","key":"192.168.56.1:8848","lastRefTime":0,"lastRefTimeStr":"","servePort":8848,"site":"unknown","weight":1}]

2020-05-20 21:27:50,784 INFO [RAFT] send beat with 0 keys.

2020-05-20 21:27:50,818 INFO raw beat data size: 163, size of compressed data: 147

2020-05-20 21:27:55,825 INFO [RAFT] send beat with 0 keys.

2020-05-20 21:27:55,827 INFO raw beat data size: 163, size of compressed data: 139

2020-05-20 21:27:59,621 INFO raft peers changed: [{"adWeight":0,"alive":false,"ip":"192.168.56.1","key":"192.168.56.1:8848","lastRefTime":0,"lastRefTimeStr":"","servePort":8848,"site":"unknown","weight":1}]

2020-05-20 21:28:00,853 INFO [RAFT] send beat with 0 keys.

2020-05-20 21:28:00,854 INFO raw beat data size: 163, size of compressed data: 140

2020-05-20 21:28:05,864 INFO [RAFT] send beat with 0 keys.

2020-05-20 21:28:05,865 INFO raw beat data size: 163, size of compressed data: 139

2020-05-20 21:28:10,883 INFO [RAFT] send beat with 0 keys.

2020-05-20 21:28:10,883 INFO raw beat data size: 163, size of compressed data: 140

2020-05-20 21:28:15,897 INFO [RAFT] send beat with 0 keys.

2020-05-20 21:28:15,898 INFO raw beat data size: 163, size of compressed data: 143

2020-05-20 21:28:20,908 INFO [RAFT] send beat with 0 keys.

2020-05-20 21:28:20,908 INFO raw beat data size: 163, size of compressed data: 139

2020-05-20 21:28:25,919 INFO [RAFT] send beat with 0 keys.

2020-05-20 21:28:25,919 INFO raw beat data size: 163, size of compressed data: 142

2020-05-20 21:28:30,934 INFO [RAFT] send beat with 0 keys.

2020-05-20 21:28:30,938 INFO raw beat data size: 163, size of compressed data: 140

2020-05-20 21:28:35,951 INFO [RAFT] send beat with 0 keys.

2020-05-20 21:28:35,951 INFO raw beat data size: 163, size of compressed data: 141

2020-05-20 21:28:41,020 INFO [RAFT] send beat with 0 keys.

2020-05-20 21:28:41,021 INFO raw beat data size: 163, size of compressed data: 143

2020-05-20 21:28:46,048 INFO [RAFT] send beat with 0 keys.

2020-05-20 21:28:46,048 INFO raw beat data size: 163, size of compressed data: 141

2020-05-20 21:28:51,063 INFO [RAFT] send beat with 0 keys.

2020-05-20 21:28:51,063 INFO raw beat data size: 163, size of compressed data: 138

2020-05-20 21:28:56,077 INFO [RAFT] send beat with 0 keys.

2020-05-20 21:28:56,077 INFO raw beat data size: 163, size of compressed data: 140

2020-05-20 21:29:01,088 INFO [RAFT] send beat with 0 keys.

2020-05-20 21:29:01,089 INFO raw beat data size: 163, size of compressed data: 143

2020-05-20 21:29:06,103 INFO [RAFT] send beat with 0 keys.

2020-05-20 21:29:06,103 INFO raw beat data size: 163, size of compressed data: 142

2020-05-20 21:29:11,181 INFO [RAFT] send beat with 0 keys.

2020-05-20 21:29:11,182 INFO raw beat data size: 163, size of compressed data: 140

2020-05-20 21:29:16,195 INFO [RAFT] send beat with 0 keys.

2020-05-20 21:29:16,195 INFO raw beat data size: 163, size of compressed data: 143

2020-05-20 21:29:21,207 INFO [RAFT] send beat with 0 keys.

2020-05-20 21:29:21,207 INFO raw beat data size: 163, size of compressed data: 140

2020-05-20 21:29:26,229 INFO [RAFT] send beat with 0 keys.

2020-05-20 21:29:26,230 INFO raw beat data size: 163, size of compressed data: 140

2020-05-20 21:29:31,241 INFO [RAFT] send beat with 0 keys.

2020-05-20 21:29:31,241 INFO raw beat data size: 163, size of compressed data: 143

2020-05-20 21:29:36,250 INFO [RAFT] send beat with 0 keys.

2020-05-20 21:29:36,250 INFO raw beat data size: 163, size of compressed data: 139

2020-05-20 21:29:41,262 INFO [RAFT] send beat with 0 keys.

2020-05-20 21:29:41,263 INFO raw beat data size: 163, size of compressed data: 140

2020-05-20 21:29:46,275 INFO [RAFT] send beat with 0 keys.

2020-05-20 21:29:46,276 INFO raw beat data size: 163, size of compressed data: 141

2020-05-20 21:29:51,283 INFO [RAFT] send beat with 0 keys.

2020-05-20 21:29:51,283 INFO raw beat data size: 163, size of compressed data: 143

2020-05-20 21:29:56,294 INFO [RAFT] send beat with 0 keys.

2020-05-20 21:29:56,294 INFO raw beat data size: 163, size of compressed data: 139

2020-05-20 21:30:01,310 INFO [RAFT] send beat with 0 keys.

2020-05-20 21:30:01,310 INFO raw beat data size: 163, size of compressed data: 144

2020-05-20 21:30:06,324 INFO [RAFT] send beat with 0 keys.

2020-05-20 21:30:06,324 INFO raw beat data size: 163, size of compressed data: 141

2020-05-20 21:30:11,332 INFO [RAFT] send beat with 0 keys.

2020-05-20 21:30:11,332 INFO raw beat data size: 163, size of compressed data: 141

2020-05-20 21:30:16,347 INFO [RAFT] send beat with 0 keys.

2020-05-20 21:30:16,347 INFO raw beat data size: 163, size of compressed data: 142

2020-05-20 21:30:21,359 INFO [RAFT] send beat with 0 keys.

2020-05-20 21:30:21,359 INFO raw beat data size: 163, size of compressed data: 141

2020-05-20 21:30:26,369 INFO [RAFT] send beat with 0 keys.

2020-05-20 21:30:26,369 INFO raw beat data size: 163, size of compressed data: 145

2020-05-20 21:30:31,382 INFO [RAFT] send beat with 0 keys.

2020-05-20 21:30:31,382 INFO raw beat data size: 163, size of compressed data: 143

2020-05-20 21:30:36,397 INFO [RAFT] send beat with 0 keys.

2020-05-20 21:30:36,397 INFO raw beat data size: 163, size of compressed data: 141

2020-05-20 21:30:41,407 INFO [RAFT] send beat with 0 keys.

2020-05-20 21:30:41,407 INFO raw beat data size: 163, size of compressed data: 141

2020-05-20 21:30:46,420 INFO [RAFT] send beat with 0 keys.

2020-05-20 21:30:46,420 INFO raw beat data size: 163, size of compressed data: 139

2020-05-20 21:30:51,431 INFO [RAFT] send beat with 0 keys.

2020-05-20 21:30:51,431 INFO raw beat data size: 163, size of compressed data: 135

2020-05-20 21:30:56,442 INFO [RAFT] send beat with 0 keys.

2020-05-20 21:30:56,442 INFO raw beat data size: 163, size of compressed data: 142

2020-05-20 21:31:01,454 INFO [RAFT] send beat with 0 keys.

2020-05-20 21:31:01,454 INFO raw beat data size: 163, size of compressed data: 140

2020-05-20 21:31:06,468 INFO [RAFT] send beat with 0 keys.

2020-05-20 21:31:06,468 INFO raw beat data size: 163, size of compressed data: 145

2020-05-20 21:31:11,481 INFO [RAFT] send beat with 0 keys.

2020-05-20 21:31:11,481 INFO raw beat data size: 163, size of compressed data: 143

2020-05-20 21:31:16,500 INFO [RAFT] send beat with 0 keys.

2020-05-20 21:31:16,500 INFO raw beat data size: 163, size of compressed data: 142

2020-05-20 21:31:21,510 INFO [RAFT] send beat with 0 keys.

2020-05-20 21:31:21,510 INFO raw beat data size: 163, size of compressed data: 142

2020-05-20 21:31:26,525 INFO [RAFT] send beat with 0 keys.

2020-05-20 21:31:26,525 INFO raw beat data size: 163, size of compressed data: 141

2020-05-20 21:31:31,536 INFO [RAFT] send beat with 0 keys.

2020-05-20 21:31:31,542 INFO raw beat data size: 163, size of compressed data: 142

2020-05-20 21:31:36,555 INFO [RAFT] send beat with 0 keys.

2020-05-20 21:31:36,555 INFO raw beat data size: 163, size of compressed data: 142

2020-05-20 21:31:41,569 INFO [RAFT] send beat with 0 keys.

2020-05-20 21:31:41,569 INFO raw beat data size: 163, size of compressed data: 147

2020-05-20 21:31:46,578 INFO [RAFT] send beat with 0 keys.

2020-05-20 21:31:46,578 INFO raw beat data size: 163, size of compressed data: 144

2020-05-20 21:31:51,583 INFO [RAFT] send beat with 0 keys.

2020-05-20 21:31:51,583 INFO raw beat data size: 163, size of compressed data: 143

2020-05-20 21:31:56,596 INFO [RAFT] send beat with 0 keys.

2020-05-20 21:31:56,596 INFO raw beat data size: 163, size of compressed data: 140

2020-05-20 21:32:01,612 INFO [RAFT] send beat with 0 keys.

2020-05-20 21:32:01,613 INFO raw beat data size: 163, size of compressed data: 142

2020-05-20 21:32:06,623 INFO [RAFT] send beat with 0 keys.

2020-05-20 21:32:06,623 INFO raw beat data size: 163, size of compressed data: 144

2020-05-20 21:32:11,637 INFO [RAFT] send beat with 0 keys.

2020-05-20 21:32:11,637 INFO raw beat data size: 163, size of compressed data: 142

2020-05-20 21:32:16,648 INFO [RAFT] send beat with 0 keys.

2020-05-20 21:32:16,648 INFO raw beat data size: 163, size of compressed data: 139

2020-05-20 21:32:21,660 INFO [RAFT] send beat with 0 keys.

2020-05-20 21:32:21,660 INFO raw beat data size: 163, size of compressed data: 146

2020-05-20 21:32:26,668 INFO [RAFT] send beat with 0 keys.

2020-05-20 21:32:26,668 INFO raw beat data size: 163, size of compressed data: 136

2020-05-20 21:32:31,681 INFO [RAFT] send beat with 0 keys.

2020-05-20 21:32:31,681 INFO raw beat data size: 163, size of compressed data: 141

2020-05-20 21:32:36,698 INFO [RAFT] send beat with 0 keys.

2020-05-20 21:32:36,698 INFO raw beat data size: 163, size of compressed data: 143

2020-05-20 21:32:41,709 INFO [RAFT] send beat with 0 keys.

2020-05-20 21:32:41,709 INFO raw beat data size: 163, size of compressed data: 143

2020-05-20 21:32:46,725 INFO [RAFT] send beat with 0 keys.

2020-05-20 21:32:46,725 INFO raw beat data size: 163, size of compressed data: 139

2020-05-20 21:32:51,737 INFO [RAFT] send beat with 0 keys.

2020-05-20 21:32:51,737 INFO raw beat data size: 163, size of compressed data: 134

2020-05-20 21:32:56,746 INFO [RAFT] send beat with 0 keys.

2020-05-20 21:32:56,747 INFO raw beat data size: 163, size of compressed data: 146

2020-05-20 21:33:01,763 INFO [RAFT] send beat with 0 keys.

2020-05-20 21:33:01,763 INFO raw beat data size: 163, size of compressed data: 142

2020-05-20 21:33:06,862 INFO [RAFT] send beat with 0 keys.

2020-05-20 21:33:06,863 INFO raw beat data size: 163, size of compressed data: 141

2020-05-20 21:33:12,078 INFO [RAFT] send beat with 0 keys.

2020-05-20 21:33:12,078 INFO raw beat data size: 163, size of compressed data: 140

2020-05-20 21:33:17,198 INFO [RAFT] send beat with 0 keys.

2020-05-20 21:33:17,202 INFO raw beat data size: 163, size of compressed data: 143

2020-05-20 21:33:22,248 INFO [RAFT] send beat with 0 keys.

2020-05-20 21:33:22,249 INFO raw beat data size: 163, size of compressed data: 142

2020-05-20 21:33:27,318 INFO [RAFT] send beat with 0 keys.

2020-05-20 21:33:27,318 INFO raw beat data size: 163, size of compressed data: 140

2020-05-20 21:33:32,327 INFO [RAFT] send beat with 0 keys.

2020-05-20 21:33:32,327 INFO raw beat data size: 163, size of compressed data: 141

2020-05-20 21:33:37,371 INFO [RAFT] send beat with 0 keys.

2020-05-20 21:33:37,371 INFO raw beat data size: 163, size of compressed data: 141

2020-05-20 21:33:42,386 INFO [RAFT] send beat with 0 keys.

2020-05-20 21:33:42,386 INFO raw beat data size: 163, size of compressed data: 141

2020-05-20 21:33:47,595 INFO [RAFT] send beat with 0 keys.

2020-05-20 21:33:47,595 INFO raw beat data size: 163, size of compressed data: 140

2020-05-20 21:33:52,610 INFO [RAFT] send beat with 0 keys.

2020-05-20 21:33:52,611 INFO raw beat data size: 163, size of compressed data: 140

2020-05-20 21:33:57,628 INFO [RAFT] send beat with 0 keys.

2020-05-20 21:33:57,628 INFO raw beat data size: 163, size of compressed data: 143

2020-05-20 21:34:02,659 INFO [RAFT] send beat with 0 keys.

2020-05-20 21:34:02,660 INFO raw beat data size: 163, size of compressed data: 142

2020-05-20 21:34:07,752 INFO [RAFT] send beat with 0 keys.

2020-05-20 21:34:07,753 INFO raw beat data size: 163, size of compressed data: 139

2020-05-20 21:34:12,764 INFO [RAFT] send beat with 0 keys.

2020-05-20 21:34:12,764 INFO raw beat data size: 163, size of compressed data: 146

2020-05-20 21:34:17,778 INFO [RAFT] send beat with 0 keys.

2020-05-20 21:34:17,778 INFO raw beat data size: 163, size of compressed data: 139

2020-05-20 21:34:22,788 INFO [RAFT] send beat with 0 keys.

2020-05-20 21:34:22,788 INFO raw beat data size: 163, size of compressed data: 139

2020-05-20 21:34:27,805 INFO [RAFT] send beat with 0 keys.

2020-05-20 21:34:27,805 INFO raw beat data size: 163, size of compressed data: 144

2020-05-20 21:34:32,901 INFO [RAFT] send beat with 0 keys.

2020-05-20 21:34:32,903 INFO raw beat data size: 163, size of compressed data: 141

2020-05-20 21:34:38,141 INFO [RAFT] send beat with 0 keys.

2020-05-20 21:34:38,143 INFO raw beat data size: 163, size of compressed data: 143

2020-05-20 21:34:43,182 INFO [RAFT] send beat with 0 keys.

2020-05-20 21:34:43,186 INFO raw beat data size: 163, size of compressed data: 145

2020-05-20 21:34:48,262 INFO [RAFT] send beat with 0 keys.

2020-05-20 21:34:48,262 INFO raw beat data size: 163, size of compressed data: 141

2020-05-20 21:34:53,279 INFO [RAFT] send beat with 0 keys.

2020-05-20 21:34:53,281 INFO raw beat data size: 163, size of compressed data: 139

2020-05-20 21:34:58,296 INFO [RAFT] send beat with 0 keys.

2020-05-20 21:34:58,296 INFO raw beat data size: 163, size of compressed data: 140

2020-05-20 21:35:03,315 INFO [RAFT] send beat with 0 keys.

2020-05-20 21:35:03,315 INFO raw beat data size: 163, size of compressed data: 145

2020-05-20 21:35:08,331 INFO [RAFT] send beat with 0 keys.

2020-05-20 21:35:08,331 INFO raw beat data size: 163, size of compressed data: 141

2020-05-20 21:35:13,343 INFO [RAFT] send beat with 0 keys.

2020-05-20 21:35:13,344 INFO raw beat data size: 163, size of compressed data: 142

2020-05-20 21:35:18,358 INFO [RAFT] send beat with 0 keys.

2020-05-20 21:35:18,358 INFO raw beat data size: 163, size of compressed data: 143

2020-05-20 21:35:23,368 INFO [RAFT] send beat with 0 keys.

2020-05-20 21:35:23,368 INFO raw beat data size: 163, size of compressed data: 141

2020-05-20 21:35:28,384 INFO [RAFT] send beat with 0 keys.

2020-05-20 21:35:28,384 INFO raw beat data size: 163, size of compressed data: 145

2020-05-20 21:35:33,396 INFO [RAFT] send beat with 0 keys.

2020-05-20 21:35:33,396 INFO raw beat data size: 163, size of compressed data: 142

2020-05-20 21:35:38,405 INFO [RAFT] send beat with 0 keys.

2020-05-20 21:35:38,405 INFO raw beat data size: 163, size of compressed data: 141

2020-05-20 21:35:43,423 INFO [RAFT] send beat with 0 keys.

2020-05-20 21:35:43,423 INFO raw beat data size: 163, size of compressed data: 136

2020-05-20 21:35:48,439 INFO [RAFT] send beat with 0 keys.

2020-05-20 21:35:48,440 INFO raw beat data size: 163, size of compressed data: 143

2020-05-20 21:35:53,454 INFO [RAFT] send beat with 0 keys.

2020-05-20 21:35:53,454 INFO raw beat data size: 163, size of compressed data: 139

2020-05-20 21:35:58,468 INFO [RAFT] send beat with 0 keys.

2020-05-20 21:35:58,468 INFO raw beat data size: 163, size of compressed data: 141

2020-05-20 21:36:03,483 INFO [RAFT] send beat with 0 keys.

2020-05-20 21:36:03,483 INFO raw beat data size: 163, size of compressed data: 140

2020-05-20 21:36:08,490 INFO [RAFT] send beat with 0 keys.

2020-05-20 21:36:08,491 INFO raw beat data size: 163, size of compressed data: 136

2020-05-20 21:36:13,504 INFO [RAFT] send beat with 0 keys.

2020-05-20 21:36:13,504 INFO raw beat data size: 163, size of compressed data: 145

2020-05-20 21:36:18,513 INFO [RAFT] send beat with 0 keys.

2020-05-20 21:36:18,513 INFO raw beat data size: 163, size of compressed data: 142

2020-05-20 21:36:23,524 INFO [RAFT] send beat with 0 keys.

2020-05-20 21:36:23,524 INFO raw beat data size: 163, size of compressed data: 139

2020-05-20 21:36:28,554 INFO [RAFT] send beat with 0 keys.

2020-05-20 21:36:28,554 INFO raw beat data size: 163, size of compressed data: 141

2020-05-20 21:36:33,574 INFO [RAFT] send beat with 0 keys.

2020-05-20 21:36:33,574 INFO raw beat data size: 163, size of compressed data: 138

2020-05-20 21:36:38,591 INFO [RAFT] send beat with 0 keys.

2020-05-20 21:36:38,591 INFO raw beat data size: 163, size of compressed data: 140

2020-05-20 21:36:43,640 INFO [RAFT] send beat with 0 keys.

2020-05-20 21:36:43,641 INFO raw beat data size: 163, size of compressed data: 141

2020-05-20 21:36:48,654 INFO [RAFT] send beat with 0 keys.

2020-05-20 21:36:48,654 INFO raw beat data size: 163, size of compressed data: 140

2020-05-20 21:36:53,671 INFO [RAFT] send beat with 0 keys.

2020-05-20 21:36:53,672 INFO raw beat data size: 163, size of compressed data: 144

2020-05-20 21:36:58,684 INFO [RAFT] send beat with 0 keys.

2020-05-20 21:36:58,684 INFO raw beat data size: 163, size of compressed data: 140

2020-05-20 21:37:03,696 INFO [RAFT] send beat with 0 keys.

2020-05-20 21:37:03,698 INFO raw beat data size: 163, size of compressed data: 142

2020-05-20 21:37:08,729 INFO [RAFT] send beat with 0 keys.

2020-05-20 21:37:08,729 INFO raw beat data size: 163, size of compressed data: 139

2020-05-20 21:37:13,789 INFO [RAFT] send beat with 0 keys.

2020-05-20 21:37:13,790 INFO raw beat data size: 163, size of compressed data: 143

2020-05-20 21:37:18,803 INFO [RAFT] send beat with 0 keys.

2020-05-20 21:37:18,803 INFO raw beat data size: 163, size of compressed data: 144

2020-05-20 21:37:23,816 INFO [RAFT] send beat with 0 keys.

2020-05-20 21:37:23,816 INFO raw beat data size: 163, size of compressed data: 139

2020-05-20 21:37:28,823 INFO [RAFT] send beat with 0 keys.

2020-05-20 21:37:28,823 INFO raw beat data size: 163, size of compressed data: 138

2020-05-20 21:37:33,833 INFO [RAFT] send beat with 0 keys.

2020-05-20 21:37:33,833 INFO raw beat data size: 163, size of compressed data: 142

2020-05-20 21:37:38,848 INFO [RAFT] send beat with 0 keys.

2020-05-20 21:37:38,849 INFO raw beat data size: 163, size of compressed data: 142

2020-05-20 21:37:43,861 INFO [RAFT] send beat with 0 keys.

2020-05-20 21:37:43,861 INFO raw beat data size: 163, size of compressed data: 142

2020-05-20 21:37:48,869 INFO [RAFT] send beat with 0 keys.

2020-05-20 21:37:48,869 INFO raw beat data size: 163, size of compressed data: 138

2020-05-20 21:37:53,936 INFO [RAFT] send beat with 0 keys.

2020-05-20 21:37:53,937 INFO raw beat data size: 163, size of compressed data: 140

2020-05-20 21:37:59,704 INFO [RAFT] send beat with 0 keys.

2020-05-20 21:37:59,704 INFO raw beat data size: 163, size of compressed data: 141

2020-05-20 21:38:05,171 INFO [RAFT] send beat with 0 keys.

2020-05-20 21:38:05,173 INFO raw beat data size: 163, size of compressed data: 145

2020-05-20 21:38:10,188 INFO [RAFT] send beat with 0 keys.

2020-05-20 21:38:10,189 INFO raw beat data size: 163, size of compressed data: 139

2020-05-20 21:38:15,203 INFO [RAFT] send beat with 0 keys.

2020-05-20 21:38:15,203 INFO raw beat data size: 163, size of compressed data: 143

2020-05-20 21:38:20,227 INFO [RAFT] send beat with 0 keys.

2020-05-20 21:38:20,243 INFO raw beat data size: 163, size of compressed data: 141

2020-05-20 21:38:25,263 INFO [RAFT] send beat with 0 keys.

2020-05-20 21:38:25,263 INFO raw beat data size: 163, size of compressed data: 138

2020-05-20 21:38:30,279 INFO [RAFT] send beat with 0 keys.

2020-05-20 21:38:30,279 INFO raw beat data size: 163, size of compressed data: 138

2020-05-20 21:38:35,308 INFO [RAFT] send beat with 0 keys.

2020-05-20 21:38:35,324 INFO raw beat data size: 163, size of compressed data: 139

2020-05-20 21:38:40,536 INFO [RAFT] send beat with 0 keys.

2020-05-20 21:38:40,536 INFO raw beat data size: 163, size of compressed data: 140

2020-05-20 21:38:45,555 INFO [RAFT] send beat with 0 keys.

2020-05-20 21:38:45,555 INFO raw beat data size: 163, size of compressed data: 144

2020-05-20 21:38:50,569 INFO [RAFT] send beat with 0 keys.

2020-05-20 21:38:50,572 INFO raw beat data size: 163, size of compressed data: 140

2020-05-20 21:38:55,583 INFO [RAFT] send beat with 0 keys.

2020-05-20 21:38:55,583 INFO raw beat data size: 163, size of compressed data: 141

2020-05-20 21:39:00,735 INFO [RAFT] send beat with 0 keys.

2020-05-20 21:39:00,736 INFO raw beat data size: 163, size of compressed data: 139

2020-05-20 21:39:06,188 INFO [RAFT] send beat with 0 keys.

2020-05-20 21:39:06,191 INFO raw beat data size: 163, size of compressed data: 133

2020-05-20 21:39:11,294 INFO [RAFT] send beat with 0 keys.

2020-05-20 21:39:11,294 INFO raw beat data size: 163, size of compressed data: 136

2020-05-20 21:39:16,313 INFO [RAFT] send beat with 0 keys.

2020-05-20 21:39:16,321 INFO raw beat data size: 163, size of compressed data: 147

2020-05-20 21:39:21,341 INFO [RAFT] send beat with 0 keys.

2020-05-20 21:39:21,342 INFO raw beat data size: 163, size of compressed data: 141

2020-05-20 21:39:26,353 INFO [RAFT] send beat with 0 keys.

2020-05-20 21:39:26,361 INFO raw beat data size: 163, size of compressed data: 144

2020-05-20 21:39:31,371 INFO [RAFT] send beat with 0 keys.

2020-05-20 21:39:31,371 INFO raw beat data size: 163, size of compressed data: 141

2020-05-20 21:39:36,384 INFO [RAFT] send beat with 0 keys.

2020-05-20 21:39:36,384 INFO raw beat data size: 163, size of compressed data: 142

2020-05-20 21:39:41,399 INFO [RAFT] send beat with 0 keys.

2020-05-20 21:39:41,399 INFO raw beat data size: 163, size of compressed data: 143

2020-05-20 21:39:46,411 INFO [RAFT] send beat with 0 keys.

2020-05-20 21:39:46,411 INFO raw beat data size: 163, size of compressed data: 140

2020-05-20 21:39:51,425 INFO [RAFT] send beat with 0 keys.

2020-05-20 21:39:51,425 INFO raw beat data size: 163, size of compressed data: 137

2020-05-20 21:39:56,436 INFO [RAFT] send beat with 0 keys.

2020-05-20 21:39:56,436 INFO raw beat data size: 163, size of compressed data: 142

2020-05-20 21:40:01,445 INFO [RAFT] send beat with 0 keys.

2020-05-20 21:40:01,445 INFO raw beat data size: 163, size of compressed data: 136

2020-05-20 21:40:06,455 INFO [RAFT] send beat with 0 keys.

2020-05-20 21:40:06,455 INFO raw beat data size: 163, size of compressed data: 138

2020-05-20 21:40:11,469 INFO [RAFT] send beat with 0 keys.

2020-05-20 21:40:11,469 INFO raw beat data size: 163, size of compressed data: 144

2020-05-20 21:40:16,479 INFO [RAFT] send beat with 0 keys.

2020-05-20 21:40:16,479 INFO raw beat data size: 163, size of compressed data: 142

2020-05-20 21:40:21,488 INFO [RAFT] send beat with 0 keys.

2020-05-20 21:40:21,491 INFO raw beat data size: 163, size of compressed data: 142

2020-05-20 21:40:26,595 INFO [RAFT] send beat with 0 keys.

2020-05-20 21:40:26,596 INFO raw beat data size: 163, size of compressed data: 142

2020-05-20 21:40:31,609 INFO [RAFT] send beat with 0 keys.

2020-05-20 21:40:31,609 INFO raw beat data size: 163, size of compressed data: 139

2020-05-20 21:40:36,620 INFO [RAFT] send beat with 0 keys.

2020-05-20 21:40:36,620 INFO raw beat data size: 163, size of compressed data: 140

2020-05-20 21:40:41,630 INFO [RAFT] send beat with 0 keys.

2020-05-20 21:40:41,630 INFO raw beat data size: 163, size of compressed data: 139

2020-05-20 21:40:46,643 INFO [RAFT] send beat with 0 keys.

2020-05-20 21:40:46,643 INFO raw beat data size: 163, size of compressed data: 143

2020-05-20 21:40:51,653 INFO [RAFT] send beat with 0 keys.

2020-05-20 21:40:51,653 INFO raw beat data size: 163, size of compressed data: 142

2020-05-20 21:40:56,663 INFO [RAFT] send beat with 0 keys.

2020-05-20 21:40:56,663 INFO raw beat data size: 163, size of compressed data: 141

2020-05-20 21:41:01,681 INFO [RAFT] send beat with 0 keys.

2020-05-20 21:41:01,681 INFO raw beat data size: 163, size of compressed data: 142

2020-05-20 21:41:06,698 INFO [RAFT] send beat with 0 keys.

2020-05-20 21:41:06,698 INFO raw beat data size: 163, size of compressed data: 141

2020-05-20 21:41:11,708 INFO [RAFT] send beat with 0 keys.

2020-05-20 21:41:11,708 INFO raw beat data size: 163, size of compressed data: 143

2020-05-20 21:41:16,720 INFO [RAFT] send beat with 0 keys.

2020-05-20 21:41:16,720 INFO raw beat data size: 163, size of compressed data: 141

2020-05-20 21:41:21,733 INFO [RAFT] send beat with 0 keys.

2020-05-20 21:41:21,733 INFO raw beat data size: 163, size of compressed data: 143

2020-05-20 21:41:26,745 INFO [RAFT] send beat with 0 keys.

2020-05-20 21:41:26,745 INFO raw beat data size: 163, size of compressed data: 140

2020-05-20 21:41:31,755 INFO [RAFT] send beat with 0 keys.

2020-05-20 21:41:31,755 INFO raw beat data size: 163, size of compressed data: 139

2020-05-20 21:41:36,766 INFO [RAFT] send beat with 0 keys.

2020-05-20 21:41:36,766 INFO raw beat data size: 163, size of compressed data: 141

2020-05-20 21:41:41,780 INFO [RAFT] send beat with 0 keys.

2020-05-20 21:41:41,780 INFO raw beat data size: 163, size of compressed data: 144

2020-05-20 21:41:46,787 INFO [RAFT] send beat with 0 keys.

2020-05-20 21:41:46,787 INFO raw beat data size: 163, size of compressed data: 139

2020-05-20 21:41:51,797 INFO [RAFT] send beat with 0 keys.

2020-05-20 21:41:51,797 INFO raw beat data size: 163, size of compressed data: 139

2020-05-20 21:41:56,813 INFO [RAFT] send beat with 0 keys.

2020-05-20 21:41:56,814 INFO raw beat data size: 163, size of compressed data: 143

2020-05-20 21:42:01,825 INFO [RAFT] send beat with 0 keys.

2020-05-20 21:42:01,825 INFO raw beat data size: 163, size of compressed data: 142

2020-05-20 21:42:06,834 INFO [RAFT] send beat with 0 keys.

2020-05-20 21:42:06,834 INFO raw beat data size: 163, size of compressed data: 143

2020-05-20 21:42:11,850 INFO [RAFT] send beat with 0 keys.

2020-05-20 21:42:11,851 INFO raw beat data size: 163, size of compressed data: 140

2020-05-20 21:42:16,867 INFO [RAFT] send beat with 0 keys.

2020-05-20 21:42:16,997 INFO raw beat data size: 163, size of compressed data: 142

2020-05-20 21:42:22,003 INFO [RAFT] send beat with 0 keys.

2020-05-20 21:42:22,003 INFO raw beat data size: 163, size of compressed data: 142

2020-05-20 21:42:27,018 INFO [RAFT] send beat with 0 keys.

2020-05-20 21:42:27,018 INFO raw beat data size: 163, size of compressed data: 144

2020-05-20 21:42:32,037 INFO [RAFT] send beat with 0 keys.

2020-05-20 21:42:32,037 INFO raw beat data size: 163, size of compressed data: 141

2020-05-20 21:42:37,045 INFO [RAFT] send beat with 0 keys.

2020-05-20 21:42:37,045 INFO raw beat data size: 163, size of compressed data: 137

2020-05-20 21:42:42,063 INFO [RAFT] send beat with 0 keys.

2020-05-20 21:42:42,063 INFO raw beat data size: 163, size of compressed data: 140

2020-05-20 21:42:47,077 INFO [RAFT] send beat with 0 keys.

2020-05-20 21:42:47,077 INFO raw beat data size: 163, size of compressed data: 139

2020-05-20 21:42:52,098 INFO [RAFT] send beat with 0 keys.

2020-05-20 21:42:52,099 INFO raw beat data size: 163, size of compressed data: 140

2020-05-20 21:42:57,112 INFO [RAFT] send beat with 0 keys.

2020-05-20 21:42:57,112 INFO raw beat data size: 163, size of compressed data: 142

2020-05-20 21:43:02,122 INFO [RAFT] send beat with 0 keys.

2020-05-20 21:43:02,122 INFO raw beat data size: 163, size of compressed data: 139

2020-05-20 21:43:07,140 INFO [RAFT] send beat with 0 keys.

2020-05-20 21:43:07,140 INFO raw beat data size: 163, size of compressed data: 141

2020-05-20 21:43:12,151 INFO [RAFT] send beat with 0 keys.

2020-05-20 21:43:12,151 INFO raw beat data size: 163, size of compressed data: 143

2020-05-20 21:43:17,165 INFO [RAFT] send beat with 0 keys.

2020-05-20 21:43:17,165 INFO raw beat data size: 163, size of compressed data: 144

2020-05-20 21:43:22,172 INFO [RAFT] send beat with 0 keys.

2020-05-20 21:43:22,172 INFO raw beat data size: 163, size of compressed data: 136

2020-05-20 21:43:27,185 INFO [RAFT] send beat with 0 keys.

2020-05-20 21:43:27,185 INFO raw beat data size: 163, size of compressed data: 142

2020-05-20 21:43:32,211 INFO [RAFT] send beat with 0 keys.

2020-05-20 21:43:32,211 INFO raw beat data size: 163, size of compressed data: 138

2020-05-20 21:43:37,276 INFO [RAFT] send beat with 0 keys.

2020-05-20 21:43:37,278 INFO raw beat data size: 163, size of compressed data: 134

2020-05-20 21:43:42,301 INFO [RAFT] send beat with 0 keys.

2020-05-20 21:43:42,302 INFO raw beat data size: 163, size of compressed data: 142

2020-05-20 21:43:47,315 INFO [RAFT] send beat with 0 keys.

2020-05-20 21:43:47,315 INFO raw beat data size: 163, size of compressed data: 140

2020-05-20 21:43:52,325 INFO [RAFT] send beat with 0 keys.

2020-05-20 21:43:52,325 INFO raw beat data size: 163, size of compressed data: 141

2020-05-20 21:43:57,339 INFO [RAFT] send beat with 0 keys.

2020-05-20 21:43:57,339 INFO raw beat data size: 163, size of compressed data: 140

2020-05-20 21:44:02,390 INFO [RAFT] send beat with 0 keys.

2020-05-20 21:44:02,390 INFO raw beat data size: 163, size of compressed data: 145

2020-05-20 21:44:07,400 INFO [RAFT] send beat with 0 keys.

2020-05-20 21:44:07,400 INFO raw beat data size: 163, size of compressed data: 141

2020-05-20 21:44:12,408 INFO [RAFT] send beat with 0 keys.

2020-05-20 21:44:12,408 INFO raw beat data size: 163, size of compressed data: 142

2020-05-20 21:44:17,451 INFO [RAFT] send beat with 0 keys.

2020-05-20 21:44:17,454 INFO raw beat data size: 163, size of compressed data: 139

2020-05-20 21:44:22,516 INFO [RAFT] send beat with 0 keys.

2020-05-20 21:44:22,516 INFO raw beat data size: 163, size of compressed data: 142

2020-05-20 21:44:27,529 INFO [RAFT] send beat with 0 keys.

2020-05-20 21:44:27,529 INFO raw beat data size: 163, size of compressed data: 141

2020-05-20 21:44:32,539 INFO [RAFT] send beat with 0 keys.

2020-05-20 21:44:32,540 INFO raw beat data size: 163, size of compressed data: 144

2020-05-20 21:44:37,611 INFO [RAFT] send beat with 0 keys.

2020-05-20 21:44:37,611 INFO raw beat data size: 163, size of compressed data: 139

2020-05-20 21:44:42,621 INFO [RAFT] send beat with 0 keys.

2020-05-20 21:44:42,621 INFO raw beat data size: 163, size of compressed data: 140

2020-05-20 21:44:47,640 INFO [RAFT] send beat with 0 keys.

2020-05-20 21:44:47,640 INFO raw beat data size: 163, size of compressed data: 144

2020-05-20 21:44:52,656 INFO [RAFT] send beat with 0 keys.

2020-05-20 21:44:52,656 INFO raw beat data size: 163, size of compressed data: 143

2020-05-20 21:44:57,663 INFO [RAFT] send beat with 0 keys.

2020-05-20 21:44:57,663 INFO raw beat data size: 163, size of compressed data: 145

2020-05-20 21:45:02,685 INFO [RAFT] send beat with 0 keys.

2020-05-20 21:45:02,687 INFO raw beat data size: 163, size of compressed data: 140

2020-05-20 21:45:07,700 INFO [RAFT] send beat with 0 keys.

2020-05-20 21:45:07,701 INFO raw beat data size: 163, size of compressed data: 145

2020-05-20 21:45:12,714 INFO [RAFT] send beat with 0 keys.

2020-05-20 21:45:12,714 INFO raw beat data size: 163, size of compressed data: 142

2020-05-20 21:45:17,729 INFO [RAFT] send beat with 0 keys.

2020-05-20 21:45:17,729 INFO raw beat data size: 163, size of compressed data: 142

2020-05-20 21:45:22,776 INFO [RAFT] send beat with 0 keys.

2020-05-20 21:45:22,783 INFO raw beat data size: 163, size of compressed data: 147

2020-05-20 21:45:27,802 INFO [RAFT] send beat with 0 keys.

2020-05-20 21:45:27,802 INFO raw beat data size: 163, size of compressed data: 142

2020-05-20 21:45:32,817 INFO [RAFT] send beat with 0 keys.

2020-05-20 21:45:32,817 INFO raw beat data size: 163, size of compressed data: 142

2020-05-20 21:45:37,826 INFO [RAFT] send beat with 0 keys.

2020-05-20 21:45:37,826 INFO raw beat data size: 163, size of compressed data: 140

2020-05-20 21:45:42,840 INFO [RAFT] send beat with 0 keys.

2020-05-20 21:45:42,840 INFO raw beat data size: 163, size of compressed data: 143

2020-05-20 21:45:47,858 INFO [RAFT] send beat with 0 keys.

2020-05-20 21:45:47,872 INFO raw beat data size: 163, size of compressed data: 145

2020-05-20 21:45:52,907 INFO [RAFT] send beat with 0 keys.

2020-05-20 21:45:52,907 INFO raw beat data size: 163, size of compressed data: 140

2020-05-20 21:45:57,921 INFO [RAFT] send beat with 0 keys.

2020-05-20 21:45:57,928 INFO raw beat data size: 163, size of compressed data: 138

2020-05-20 21:46:03,007 INFO [RAFT] send beat with 0 keys.

2020-05-20 21:46:03,007 INFO raw beat data size: 163, size of compressed data: 138

2020-05-20 21:46:08,029 INFO [RAFT] send beat with 0 keys.

2020-05-20 21:46:08,029 INFO raw beat data size: 163, size of compressed data: 139

2020-05-20 21:46:13,094 INFO [RAFT] send beat with 0 keys.

2020-05-20 21:46:13,095 INFO raw beat data size: 163, size of compressed data: 143

2020-05-20 21:46:18,199 INFO [RAFT] send beat with 0 keys.

2020-05-20 21:46:18,200 INFO raw beat data size: 163, size of compressed data: 140

2020-05-20 21:46:23,219 INFO [RAFT] send beat with 0 keys.

2020-05-20 21:46:23,219 INFO raw beat data size: 163, size of compressed data: 141

2020-05-20 21:46:23,234 INFO add listener: com.alibaba.nacos.naming.iplist.public##DEFAULT_GROUP@@conter-center

2020-05-20 21:46:26,346 INFO add listener: com.alibaba.nacos.naming.iplist.public##DEFAULT_GROUP@@user-center

2020-05-20 21:46:28,245 INFO [RAFT] send beat with 0 keys.

2020-05-20 21:46:28,252 INFO raw beat data size: 163, size of compressed data: 144

2020-05-20 21:46:33,268 INFO [RAFT] send beat with 0 keys.

2020-05-20 21:46:33,268 INFO raw beat data size: 163, size of compressed data: 145

2020-05-20 21:46:38,283 INFO [RAFT] send beat with 0 keys.

2020-05-20 21:46:38,283 INFO raw beat data size: 163, size of compressed data: 142

2020-05-20 21:46:43,293 INFO [RAFT] send beat with 0 keys.

2020-05-20 21:46:43,293 INFO raw beat data size: 163, size of compressed data: 136

2020-05-20 21:46:48,308 INFO [RAFT] send beat with 0 keys.

2020-05-20 21:46:48,308 INFO raw beat data size: 163, size of compressed data: 140

2020-05-20 21:46:53,323 INFO [RAFT] send beat with 0 keys.

2020-05-20 21:46:53,330 INFO raw beat data size: 163, size of compressed data: 145

2020-05-20 21:46:58,341 INFO [RAFT] send beat with 0 keys.

2020-05-20 21:46:58,341 INFO raw beat data size: 163, size of compressed data: 141

2020-05-20 21:47:03,354 INFO [RAFT] send beat with 0 keys.

2020-05-20 21:47:03,354 INFO raw beat data size: 163, size of compressed data: 144

2020-05-20 21:47:08,365 INFO [RAFT] send beat with 0 keys.

2020-05-20 21:47:08,365 INFO raw beat data size: 163, size of compressed data: 142

2020-05-20 21:47:13,370 INFO [RAFT] send beat with 0 keys.

2020-05-20 21:47:13,371 INFO raw beat data size: 163, size of compressed data: 146

2020-05-20 21:47:18,386 INFO [RAFT] send beat with 0 keys.

2020-05-20 21:47:18,386 INFO raw beat data size: 163, size of compressed data: 139

2020-05-20 21:47:23,413 INFO [RAFT] send beat with 0 keys.

2020-05-20 21:47:23,413 INFO raw beat data size: 163, size of compressed data: 142

2020-05-20 21:47:28,431 INFO [RAFT] send beat with 0 keys.

2020-05-20 21:47:28,432 INFO raw beat data size: 163, size of compressed data: 138

2020-05-20 21:47:33,443 INFO [RAFT] send beat with 0 keys.

2020-05-20 21:47:33,443 INFO raw beat data size: 163, size of compressed data: 142

2020-05-20 21:47:38,456 INFO [RAFT] send beat with 0 keys.

2020-05-20 21:47:38,456 INFO raw beat data size: 163, size of compressed data: 142

2020-05-20 21:47:43,465 INFO [RAFT] send beat with 0 keys.

2020-05-20 21:47:43,465 INFO raw beat data size: 163, size of compressed data: 139

2020-05-20 21:47:48,475 INFO [RAFT] send beat with 0 keys.

2020-05-20 21:47:48,475 INFO raw beat data size: 163, size of compressed data: 139

2020-05-20 21:47:53,484 INFO [RAFT] send beat with 0 keys.

2020-05-20 21:47:53,484 INFO raw beat data size: 163, size of compressed data: 134

2020-05-20 21:47:58,495 INFO [RAFT] send beat with 0 keys.

2020-05-20 21:47:58,495 INFO raw beat data size: 163, size of compressed data: 142

2020-05-20 21:48:03,508 INFO [RAFT] send beat with 0 keys.

2020-05-20 21:48:03,508 INFO raw beat data size: 163, size of compressed data: 141

2020-05-20 21:48:08,525 INFO [RAFT] send beat with 0 keys.

2020-05-20 21:48:08,525 INFO raw beat data size: 163, size of compressed data: 142

2020-05-20 21:48:13,536 INFO [RAFT] send beat with 0 keys.

2020-05-20 21:48:13,536 INFO raw beat data size: 163, size of compressed data: 142

2020-05-20 21:48:18,546 INFO [RAFT] send beat with 0 keys.

2020-05-20 21:48:18,546 INFO raw beat data size: 163, size of compressed data: 138

2020-05-20 21:48:23,572 INFO [RAFT] send beat with 0 keys.

2020-05-20 21:48:23,572 INFO raw beat data size: 163, size of compressed data: 142

2020-05-20 21:48:28,616 INFO [RAFT] send beat with 0 keys.

2020-05-20 21:48:28,623 INFO raw beat data size: 163, size of compressed data: 147

2020-05-20 21:48:33,638 INFO [RAFT] send beat with 0 keys.

2020-05-20 21:48:33,638 INFO raw beat data size: 163, size of compressed data: 143

2020-05-20 21:48:38,674 INFO [RAFT] send beat with 0 keys.

2020-05-20 21:48:38,674 INFO raw beat data size: 163, size of compressed data: 140

2020-05-20 21:48:43,687 INFO [RAFT] send beat with 0 keys.

2020-05-20 21:48:43,696 INFO raw beat data size: 163, size of compressed data: 142

2020-05-20 21:48:48,708 INFO [RAFT] send beat with 0 keys.

2020-05-20 21:48:48,708 INFO raw beat data size: 163, size of compressed data: 143

2020-05-20 21:48:53,722 INFO [RAFT] send beat with 0 keys.

2020-05-20 21:48:53,727 INFO raw beat data size: 163, size of compressed data: 141

2020-05-20 21:48:58,739 INFO [RAFT] send beat with 0 keys.

2020-05-20 21:48:58,739 INFO raw beat data size: 163, size of compressed data: 144

2020-05-20 21:49:03,748 INFO [RAFT] send beat with 0 keys.

2020-05-20 21:49:03,748 INFO raw beat data size: 163, size of compressed data: 143

2020-05-20 21:49:08,792 INFO [RAFT] send beat with 0 keys.

2020-05-20 21:49:08,792 INFO raw beat data size: 163, size of compressed data: 143

2020-05-20 21:49:13,811 INFO [RAFT] send beat with 0 keys.

2020-05-20 21:49:13,811 INFO raw beat data size: 163, size of compressed data: 139

2020-05-20 21:49:18,821 INFO [RAFT] send beat with 0 keys.

2020-05-20 21:49:18,822 INFO raw beat data size: 163, size of compressed data: 143

2020-05-20 21:49:23,834 INFO [RAFT] send beat with 0 keys.

2020-05-20 21:49:23,834 INFO raw beat data size: 163, size of compressed data: 141

2020-05-20 21:49:29,127 INFO [RAFT] send beat with 0 keys.

2020-05-20 21:49:29,127 INFO raw beat data size: 163, size of compressed data: 141

2020-05-20 21:49:34,283 INFO [RAFT] send beat with 0 keys.

2020-05-20 21:49:34,283 INFO raw beat data size: 163, size of compressed data: 139

2020-05-20 21:49:39,305 INFO [RAFT] send beat with 0 keys.

2020-05-20 21:49:39,305 INFO raw beat data size: 163, size of compressed data: 139

2020-05-20 21:49:44,402 INFO [RAFT] send beat with 0 keys.

2020-05-20 21:49:44,402 INFO raw beat data size: 163, size of compressed data: 139

2020-05-20 21:49:49,455 INFO [RAFT] send beat with 0 keys.

2020-05-20 21:49:49,455 INFO raw beat data size: 163, size of compressed data: 138

2020-05-20 21:49:54,464 INFO [RAFT] send beat with 0 keys.

2020-05-20 21:49:54,464 INFO raw beat data size: 163, size of compressed data: 145

2020-05-20 21:49:59,526 INFO [RAFT] send beat with 0 keys.

2020-05-20 21:49:59,526 INFO raw beat data size: 163, size of compressed data: 140

2020-05-20 21:50:04,541 INFO [RAFT] send beat with 0 keys.

2020-05-20 21:50:04,544 INFO raw beat data size: 163, size of compressed data: 139

2020-05-20 21:50:09,554 INFO [RAFT] send beat with 0 keys.

2020-05-20 21:50:09,554 INFO raw beat data size: 163, size of compressed data: 140

2020-05-20 21:50:14,567 INFO [RAFT] send beat with 0 keys.

2020-05-20 21:50:14,567 INFO raw beat data size: 163, size of compressed data: 140

2020-05-20 21:50:19,577 INFO [RAFT] send beat with 0 keys.

2020-05-20 21:50:19,577 INFO raw beat data size: 163, size of compressed data: 141

2020-05-20 21:50:24,587 INFO [RAFT] send beat with 0 keys.

2020-05-20 21:50:24,587 INFO raw beat data size: 163, size of compressed data: 135

2020-05-20 21:50:29,600 INFO [RAFT] send beat with 0 keys.

2020-05-20 21:50:29,600 INFO raw beat data size: 163, size of compressed data: 137

2020-05-20 21:50:34,614 INFO [RAFT] send beat with 0 keys.

2020-05-20 21:50:34,614 INFO raw beat data size: 163, size of compressed data: 142

2020-05-20 21:50:39,804 INFO [RAFT] send beat with 0 keys.

2020-05-20 21:50:39,804 INFO raw beat data size: 163, size of compressed data: 139

2020-05-20 21:50:44,818 INFO [RAFT] send beat with 0 keys.

2020-05-20 21:50:44,818 INFO raw beat data size: 163, size of compressed data: 136

2020-05-20 21:50:49,826 INFO [RAFT] send beat with 0 keys.

2020-05-20 21:50:49,826 INFO raw beat data size: 163, size of compressed data: 142

2020-05-20 21:50:54,840 INFO [RAFT] send beat with 0 keys.

2020-05-20 21:50:54,840 INFO raw beat data size: 163, size of compressed data: 139

2020-05-20 21:50:59,984 INFO [RAFT] send beat with 0 keys.

2020-05-20 21:50:59,997 INFO raw beat data size: 163, size of compressed data: 138

2020-05-20 21:51:05,033 INFO [RAFT] send beat with 0 keys.

2020-05-20 21:51:05,033 INFO raw beat data size: 163, size of compressed data: 138

2020-05-20 21:51:10,125 INFO [RAFT] send beat with 0 keys.

2020-05-20 21:51:10,125 INFO raw beat data size: 163, size of compressed data: 146

2020-05-20 21:51:15,159 INFO [RAFT] send beat with 0 keys.

2020-05-20 21:51:15,159 INFO raw beat data size: 163, size of compressed data: 141

2020-05-20 21:51:20,168 INFO [RAFT] send beat with 0 keys.

2020-05-20 21:51:20,168 INFO raw beat data size: 163, size of compressed data: 139

2020-05-20 21:51:25,186 INFO [RAFT] send beat with 0 keys.

2020-05-20 21:51:25,186 INFO raw beat data size: 163, size of compressed data: 146

2020-05-20 21:51:30,219 INFO [RAFT] send beat with 0 keys.

2020-05-20 21:51:30,219 INFO raw beat data size: 163, size of compressed data: 144

2020-05-20 21:51:35,232 INFO [RAFT] send beat with 0 keys.

2020-05-20 21:51:35,232 INFO raw beat data size: 163, size of compressed data: 142

2020-05-20 21:51:40,243 INFO [RAFT] send beat with 0 keys.

2020-05-20 21:51:40,245 INFO raw beat data size: 163, size of compressed data: 140

2020-05-20 21:51:45,323 INFO [RAFT] send beat with 0 keys.

2020-05-20 21:51:45,324 INFO raw beat data size: 163, size of compressed data: 140

2020-05-20 21:51:50,379 INFO [RAFT] send beat with 0 keys.

2020-05-20 21:51:50,380 INFO raw beat data size: 163, size of compressed data: 140

2020-05-20 21:51:55,397 INFO [RAFT] send beat with 0 keys.

2020-05-20 21:51:55,397 INFO raw beat data size: 163, size of compressed data: 142

2020-05-20 21:52:00,574 INFO [RAFT] send beat with 0 keys.

2020-05-20 21:52:00,574 INFO raw beat data size: 163, size of compressed data: 141

2020-05-20 21:52:05,584 INFO [RAFT] send beat with 0 keys.

2020-05-20 21:52:05,584 INFO raw beat data size: 163, size of compressed data: 139

2020-05-20 21:52:10,691 INFO [RAFT] send beat with 0 keys.

2020-05-20 21:52:10,691 INFO raw beat data size: 163, size of compressed data: 137

2020-05-20 21:52:15,736 INFO [RAFT] send beat with 0 keys.

2020-05-20 21:52:15,737 INFO raw beat data size: 163, size of compressed data: 136

2020-05-20 21:52:20,792 INFO [RAFT] send beat with 0 keys.

2020-05-20 21:52:20,793 INFO raw beat data size: 163, size of compressed data: 139

2020-05-20 21:52:25,832 INFO [RAFT] send beat with 0 keys.

2020-05-20 21:52:25,832 INFO raw beat data size: 163, size of compressed data: 145

2020-05-20 21:52:30,922 INFO [RAFT] send beat with 0 keys.

2020-05-20 21:52:30,923 INFO raw beat data size: 163, size of compressed data: 140

2020-05-20 21:52:35,934 INFO [RAFT] send beat with 0 keys.

2020-05-20 21:52:35,934 INFO raw beat data size: 163, size of compressed data: 146

2020-05-20 21:52:41,020 INFO [RAFT] send beat with 0 keys.

2020-05-20 21:52:41,020 INFO raw beat data size: 163, size of compressed data: 141

2020-05-20 21:52:46,043 INFO [RAFT] send beat with 0 keys.

2020-05-20 21:52:46,043 INFO raw beat data size: 163, size of compressed data: 139

2020-05-20 21:52:51,061 INFO [RAFT] send beat with 0 keys.

2020-05-20 21:52:51,061 INFO raw beat data size: 163, size of compressed data: 139

2020-05-20 21:52:56,156 INFO [RAFT] send beat with 0 keys.

2020-05-20 21:52:56,156 INFO raw beat data size: 163, size of compressed data: 139

2020-05-20 21:53:01,306 INFO [RAFT] send beat with 0 keys.

2020-05-20 21:53:01,306 INFO raw beat data size: 163, size of compressed data: 144

2020-05-20 21:53:06,516 INFO [RAFT] send beat with 0 keys.

2020-05-20 21:53:06,516 INFO raw beat data size: 163, size of compressed data: 142

2020-05-20 21:53:11,546 INFO [RAFT] send beat with 0 keys.

2020-05-20 21:53:11,546 INFO raw beat data size: 163, size of compressed data: 144

2020-05-20 21:53:16,670 INFO [RAFT] send beat with 0 keys.

2020-05-20 21:53:16,670 INFO raw beat data size: 163, size of compressed data: 142

2020-05-20 21:53:21,692 INFO [RAFT] send beat with 0 keys.

2020-05-20 21:53:21,696 INFO raw beat data size: 163, size of compressed data: 144

2020-05-20 21:53:26,714 INFO [RAFT] send beat with 0 keys.

2020-05-20 21:53:26,714 INFO raw beat data size: 163, size of compressed data: 143

2020-05-20 21:53:31,848 INFO [RAFT] send beat with 0 keys.

2020-05-20 21:53:31,848 INFO raw beat data size: 163, size of compressed data: 142

2020-05-20 21:53:37,005 INFO [RAFT] send beat with 0 keys.

2020-05-20 21:53:37,006 INFO raw beat data size: 163, size of compressed data: 141

2020-05-20 21:53:42,069 INFO [RAFT] send beat with 0 keys.

2020-05-20 21:53:42,071 INFO raw beat data size: 163, size of compressed data: 141

2020-05-20 21:53:47,200 INFO [RAFT] send beat with 0 keys.

2020-05-20 21:53:47,200 INFO raw beat data size: 163, size of compressed data: 143

2020-05-20 21:53:52,333 INFO [RAFT] send beat with 0 keys.

2020-05-20 21:53:52,337 INFO raw beat data size: 163, size of compressed data: 139

2020-05-20 21:53:57,554 INFO [RAFT] send beat with 0 keys.

2020-05-20 21:53:57,554 INFO raw beat data size: 163, size of compressed data: 140

2020-05-20 21:54:02,724 INFO [RAFT] send beat with 0 keys.

2020-05-20 21:54:02,725 INFO raw beat data size: 163, size of compressed data: 143

2020-05-20 21:54:07,739 INFO [RAFT] send beat with 0 keys.

2020-05-20 21:54:07,739 INFO raw beat data size: 163, size of compressed data: 137

2020-05-20 21:54:12,758 INFO [RAFT] send beat with 0 keys.

2020-05-20 21:54:12,758 INFO raw beat data size: 163, size of compressed data: 147

2020-05-20 21:54:17,780 INFO [RAFT] send beat with 0 keys.

2020-05-20 21:54:17,780 INFO raw beat data size: 163, size of compressed data: 147

2020-05-20 21:54:23,022 INFO [RAFT] send beat with 0 keys.

2020-05-20 21:54:23,022 INFO raw beat data size: 163, size of compressed data: 144

2020-05-20 21:54:28,076 INFO [RAFT] send beat with 0 keys.

2020-05-20 21:54:28,076 INFO raw beat data size: 163, size of compressed data: 143

2020-05-20 21:54:33,091 INFO [RAFT] send beat with 0 keys.

2020-05-20 21:54:33,091 INFO raw beat data size: 163, size of compressed data: 135

2020-05-20 21:54:38,103 INFO [RAFT] send beat with 0 keys.

2020-05-20 21:54:38,103 INFO raw beat data size: 163, size of compressed data: 140

2020-05-20 21:54:43,114 INFO [RAFT] send beat with 0 keys.

2020-05-20 21:54:43,115 INFO raw beat data size: 163, size of compressed data: 139

2020-05-20 21:54:48,123 INFO [RAFT] send beat with 0 keys.

2020-05-20 21:54:48,123 INFO raw beat data size: 163, size of compressed data: 138

2020-05-20 21:54:53,134 INFO [RAFT] send beat with 0 keys.

2020-05-20 21:54:53,134 INFO raw beat data size: 163, size of compressed data: 139

2020-05-20 21:54:58,151 INFO [RAFT] send beat with 0 keys.

2020-05-20 21:54:58,151 INFO raw beat data size: 163, size of compressed data: 140

2020-05-20 21:55:03,167 INFO [RAFT] send beat with 0 keys.

2020-05-20 21:55:03,167 INFO raw beat data size: 163, size of compressed data: 144

2020-05-20 21:55:08,211 INFO [RAFT] send beat with 0 keys.

2020-05-20 21:55:08,212 INFO raw beat data size: 163, size of compressed data: 145

2020-05-20 21:55:13,233 INFO [RAFT] send beat with 0 keys.

2020-05-20 21:55:13,233 INFO raw beat data size: 163, size of compressed data: 142

2020-05-20 21:55:18,275 INFO [RAFT] send beat with 0 keys.

2020-05-20 21:55:18,276 INFO raw beat data size: 163, size of compressed data: 140

2020-05-20 21:55:23,297 INFO [RAFT] send beat with 0 keys.

2020-05-20 21:55:23,297 INFO raw beat data size: 163, size of compressed data: 142

2020-05-20 21:55:28,315 INFO [RAFT] send beat with 0 keys.

2020-05-20 21:55:28,316 INFO raw beat data size: 163, size of compressed data: 144

2020-05-20 21:55:33,499 INFO [RAFT] send beat with 0 keys.

2020-05-20 21:55:33,499 INFO raw beat data size: 163, size of compressed data: 131

2020-05-20 21:55:38,550 INFO [RAFT] send beat with 0 keys.

2020-05-20 21:55:38,550 INFO raw beat data size: 163, size of compressed data: 139

2020-05-20 21:55:43,658 INFO [RAFT] send beat with 0 keys.

2020-05-20 21:55:43,658 INFO raw beat data size: 163, size of compressed data: 136

2020-05-20 21:55:48,834 INFO [RAFT] send beat with 0 keys.

2020-05-20 21:55:48,834 INFO raw beat data size: 163, size of compressed data: 139

2020-05-20 21:55:54,008 INFO [RAFT] send beat with 0 keys.

2020-05-20 21:55:54,009 INFO raw beat data size: 163, size of compressed data: 143

2020-05-20 21:55:59,024 INFO [RAFT] send beat with 0 keys.

2020-05-20 21:55:59,024 INFO raw beat data size: 163, size of compressed data: 136

2020-05-20 21:56:04,040 INFO [RAFT] send beat with 0 keys.

2020-05-20 21:56:04,041 INFO raw beat data size: 163, size of compressed data: 142

2020-05-20 21:56:09,183 INFO [RAFT] send beat with 0 keys.

2020-05-20 21:56:09,184 INFO raw beat data size: 163, size of compressed data: 144

2020-05-20 21:56:14,196 INFO [RAFT] send beat with 0 keys.

2020-05-20 21:56:14,196 INFO raw beat data size: 163, size of compressed data: 140

2020-05-20 21:56:19,216 INFO [RAFT] send beat with 0 keys.

2020-05-20 21:56:19,216 INFO raw beat data size: 163, size of compressed data: 142

2020-05-20 21:56:24,230 INFO [RAFT] send beat with 0 keys.

2020-05-20 21:56:24,230 INFO raw beat data size: 163, size of compressed data: 140

2020-05-20 21:56:29,289 INFO [RAFT] send beat with 0 keys.

2020-05-20 21:56:29,289 INFO raw beat data size: 163, size of compressed data: 142

2020-05-20 21:56:34,325 INFO [RAFT] send beat with 0 keys.

2020-05-20 21:56:34,326 INFO raw beat data size: 163, size of compressed data: 141

2020-05-20 21:56:39,338 INFO [RAFT] send beat with 0 keys.

2020-05-20 21:56:39,342 INFO raw beat data size: 163, size of compressed data: 147

2020-05-20 21:56:44,356 INFO [RAFT] send beat with 0 keys.

2020-05-20 21:56:44,356 INFO raw beat data size: 163, size of compressed data: 145

2020-05-20 21:56:49,374 INFO [RAFT] send beat with 0 keys.

2020-05-20 21:56:49,374 INFO raw beat data size: 163, size of compressed data: 137

2020-05-20 21:56:54,394 INFO [RAFT] send beat with 0 keys.

2020-05-20 21:56:54,395 INFO raw beat data size: 163, size of compressed data: 142

2020-05-20 21:56:59,440 INFO [RAFT] send beat with 0 keys.

2020-05-20 21:56:59,440 INFO raw beat data size: 163, size of compressed data: 138

2020-05-20 21:57:04,464 INFO [RAFT] send beat with 0 keys.

2020-05-20 21:57:04,465 INFO raw beat data size: 163, size of compressed data: 141

2020-05-20 21:57:09,495 INFO [RAFT] send beat with 0 keys.

2020-05-20 21:57:09,502 INFO raw beat data size: 163, size of compressed data: 133

2020-05-20 21:57:14,513 INFO [RAFT] send beat with 0 keys.

2020-05-20 21:57:14,513 INFO raw beat data size: 163, size of compressed data: 140

2020-05-20 21:57:19,525 INFO [RAFT] send beat with 0 keys.

2020-05-20 21:57:19,526 INFO raw beat data size: 163, size of compressed data: 137

2020-05-20 21:57:24,591 INFO [RAFT] send beat with 0 keys.

2020-05-20 21:57:24,591 INFO raw beat data size: 163, size of compressed data: 143

2020-05-20 21:57:29,648 INFO [RAFT] send beat with 0 keys.

2020-05-20 21:57:29,649 INFO raw beat data size: 163, size of compressed data: 143

2020-05-20 21:57:34,685 INFO [RAFT] send beat with 0 keys.

2020-05-20 21:57:34,685 INFO raw beat data size: 163, size of compressed data: 144

2020-05-20 21:57:39,711 INFO [RAFT] send beat with 0 keys.

2020-05-20 21:57:39,711 INFO raw beat data size: 163, size of compressed data: 140

2020-05-20 21:57:44,739 INFO [RAFT] send beat with 0 keys.

2020-05-20 21:57:44,739 INFO raw beat data size: 163, size of compressed data: 137

2020-05-20 21:57:49,749 INFO [RAFT] send beat with 0 keys.

2020-05-20 21:57:49,749 INFO raw beat data size: 163, size of compressed data: 139

2020-05-20 21:57:54,762 INFO [RAFT] send beat with 0 keys.

2020-05-20 21:57:54,762 INFO raw beat data size: 163, size of compressed data: 147

2020-05-20 21:57:59,776 INFO [RAFT] send beat with 0 keys.

2020-05-20 21:57:59,776 INFO raw beat data size: 163, size of compressed data: 142

2020-05-20 21:58:04,787 INFO [RAFT] send beat with 0 keys.

2020-05-20 21:58:04,787 INFO raw beat data size: 163, size of compressed data: 138

2020-05-20 21:58:09,797 INFO [RAFT] send beat with 0 keys.

2020-05-20 21:58:09,797 INFO raw beat data size: 163, size of compressed data: 142

2020-05-20 21:58:14,812 INFO [RAFT] send beat with 0 keys.

2020-05-20 21:58:14,812 INFO raw beat data size: 163, size of compressed data: 141

2020-05-20 21:58:19,825 INFO [RAFT] send beat with 0 keys.

2020-05-20 21:58:19,825 INFO raw beat data size: 163, size of compressed data: 142

2020-05-20 21:58:24,848 INFO [RAFT] send beat with 0 keys.

2020-05-20 21:58:24,848 INFO raw beat data size: 163, size of compressed data: 142

2020-05-20 21:58:29,906 INFO [RAFT] send beat with 0 keys.

2020-05-20 21:58:29,906 INFO raw beat data size: 163, size of compressed data: 137

2020-05-20 21:58:34,942 INFO [RAFT] send beat with 0 keys.

2020-05-20 21:58:34,942 INFO raw beat data size: 163, size of compressed data: 143

2020-05-20 21:58:39,951 INFO [RAFT] send beat with 0 keys.

2020-05-20 21:58:39,958 INFO raw beat data size: 163, size of compressed data: 145

2020-05-20 21:58:44,972 INFO [RAFT] send beat with 0 keys.

2020-05-20 21:58:44,972 INFO raw beat data size: 163, size of compressed data: 141

2020-05-20 21:58:49,984 INFO [RAFT] send beat with 0 keys.

2020-05-20 21:58:49,984 INFO raw beat data size: 163, size of compressed data: 142

2020-05-20 21:58:55,026 INFO [RAFT] send beat with 0 keys.

2020-05-20 21:58:55,026 INFO raw beat data size: 163, size of compressed data: 144

2020-05-20 21:59:00,040 INFO [RAFT] send beat with 0 keys.

2020-05-20 21:59:00,040 INFO raw beat data size: 163, size of compressed data: 147

2020-05-20 21:59:05,052 INFO [RAFT] send beat with 0 keys.

2020-05-20 21:59:05,052 INFO raw beat data size: 163, size of compressed data: 142

2020-05-20 21:59:10,070 INFO [RAFT] send beat with 0 keys.

2020-05-20 21:59:10,071 INFO raw beat data size: 163, size of compressed data: 146

2020-05-20 21:59:15,080 INFO [RAFT] send beat with 0 keys.

2020-05-20 21:59:15,087 INFO raw beat data size: 163, size of compressed data: 139

2020-05-20 21:59:20,106 INFO [RAFT] send beat with 0 keys.

2020-05-20 21:59:20,106 INFO raw beat data size: 163, size of compressed data: 141

2020-05-20 21:59:25,122 INFO [RAFT] send beat with 0 keys.

2020-05-20 21:59:25,122 INFO raw beat data size: 163, size of compressed data: 143

2020-05-20 21:59:30,225 INFO [RAFT] send beat with 0 keys.

2020-05-20 21:59:30,226 INFO raw beat data size: 163, size of compressed data: 142

2020-05-20 21:59:35,429 INFO [RAFT] send beat with 0 keys.

2020-05-20 21:59:35,429 INFO raw beat data size: 163, size of compressed data: 142

2020-05-20 21:59:40,443 INFO [RAFT] send beat with 0 keys.

2020-05-20 21:59:40,443 INFO raw beat data size: 163, size of compressed data: 142

2020-05-20 21:59:45,456 INFO [RAFT] send beat with 0 keys.

2020-05-20 21:59:45,456 INFO raw beat data size: 163, size of compressed data: 145

2020-05-20 21:59:50,469 INFO [RAFT] send beat with 0 keys.

2020-05-20 21:59:50,469 INFO raw beat data size: 163, size of compressed data: 137

2020-05-20 21:59:55,483 INFO [RAFT] send beat with 0 keys.

2020-05-20 21:59:55,484 INFO raw beat data size: 163, size of compressed data: 142

2020-05-20 22:00:00,492 INFO [RAFT] send beat with 0 keys.

2020-05-20 22:00:00,496 INFO raw beat data size: 163, size of compressed data: 140

2020-05-20 22:00:05,505 INFO [RAFT] send beat with 0 keys.

2020-05-20 22:00:05,505 INFO raw beat data size: 163, size of compressed data: 143

2020-05-20 22:00:10,606 INFO [RAFT] send beat with 0 keys.

2020-05-20 22:00:10,606 INFO raw beat data size: 163, size of compressed data: 135

2020-05-20 22:00:15,619 INFO [RAFT] send beat with 0 keys.

2020-05-20 22:00:15,619 INFO raw beat data size: 163, size of compressed data: 143

2020-05-20 22:00:20,629 INFO [RAFT] send beat with 0 keys.

2020-05-20 22:00:20,629 INFO raw beat data size: 163, size of compressed data: 136

2020-05-20 22:00:25,643 INFO [RAFT] send beat with 0 keys.

2020-05-20 22:00:25,643 INFO raw beat data size: 163, size of compressed data: 143

2020-05-20 22:00:30,655 INFO [RAFT] send beat with 0 keys.

2020-05-20 22:00:30,662 INFO raw beat data size: 163, size of compressed data: 144

2020-05-20 22:00:35,673 INFO [RAFT] send beat with 0 keys.

2020-05-20 22:00:35,673 INFO raw beat data size: 163, size of compressed data: 142

2020-05-20 22:00:40,684 INFO [RAFT] send beat with 0 keys.

2020-05-20 22:00:40,684 INFO raw beat data size: 163, size of compressed data: 145

2020-05-20 22:00:45,695 INFO [RAFT] send beat with 0 keys.

2020-05-20 22:00:45,696 INFO raw beat data size: 163, size of compressed data: 139

2020-05-20 22:00:50,705 INFO [RAFT] send beat with 0 keys.

2020-05-20 22:00:50,705 INFO raw beat data size: 163, size of compressed data: 145

2020-05-20 22:00:55,718 INFO [RAFT] send beat with 0 keys.

2020-05-20 22:00:55,718 INFO raw beat data size: 163, size of compressed data: 141

2020-05-20 22:01:00,777 INFO [RAFT] send beat with 0 keys.

2020-05-20 22:01:00,777 INFO raw beat data size: 163, size of compressed data: 142

2020-05-20 22:01:05,789 INFO [RAFT] send beat with 0 keys.

2020-05-20 22:01:05,790 INFO raw beat data size: 163, size of compressed data: 139

2020-05-20 22:01:10,802 INFO [RAFT] send beat with 0 keys.

2020-05-20 22:01:10,803 INFO raw beat data size: 163, size of compressed data: 139

2020-05-20 22:01:15,824 INFO [RAFT] send beat with 0 keys.

2020-05-20 22:01:15,824 INFO raw beat data size: 163, size of compressed data: 141

2020-05-20 22:01:20,858 INFO [RAFT] send beat with 0 keys.

2020-05-20 22:01:20,865 INFO raw beat data size: 163, size of compressed data: 145

2020-05-20 22:01:25,876 INFO [RAFT] send beat with 0 keys.

2020-05-20 22:01:25,876 INFO raw beat data size: 163, size of compressed data: 143

2020-05-20 22:01:30,889 INFO [RAFT] send beat with 0 keys.

2020-05-20 22:01:30,889 INFO raw beat data size: 163, size of compressed data: 142

2020-05-20 22:01:35,904 INFO [RAFT] send beat with 0 keys.

2020-05-20 22:01:35,904 INFO raw beat data size: 163, size of compressed data: 138

2020-05-20 22:01:40,939 INFO [RAFT] send beat with 0 keys.

2020-05-20 22:01:40,939 INFO raw beat data size: 163, size of compressed data: 143

2020-05-20 22:01:45,950 INFO [RAFT] send beat with 0 keys.

2020-05-20 22:01:45,957 INFO raw beat data size: 163, size of compressed data: 147

2020-05-20 22:01:50,967 INFO [RAFT] send beat with 0 keys.

2020-05-20 22:01:50,974 INFO raw beat data size: 163, size of compressed data: 142

2020-05-20 22:01:55,992 INFO [RAFT] send beat with 0 keys.

2020-05-20 22:01:55,992 INFO raw beat data size: 163, size of compressed data: 138

2020-05-20 22:02:01,006 INFO [RAFT] send beat with 0 keys.

2020-05-20 22:02:01,006 INFO raw beat data size: 163, size of compressed data: 142

2020-05-20 22:02:06,019 INFO [RAFT] send beat with 0 keys.

2020-05-20 22:02:06,019 INFO raw beat data size: 163, size of compressed data: 138

2020-05-20 22:02:11,208 INFO [RAFT] send beat with 0 keys.

2020-05-20 22:02:11,209 INFO raw beat data size: 163, size of compressed data: 144

2020-05-20 22:02:16,220 INFO [RAFT] send beat with 0 keys.

2020-05-20 22:02:16,220 INFO raw beat data size: 163, size of compressed data: 143

2020-05-20 22:02:21,233 INFO [RAFT] send beat with 0 keys.

2020-05-20 22:02:21,234 INFO raw beat data size: 163, size of compressed data: 139

2020-05-20 22:02:26,246 INFO [RAFT] send beat with 0 keys.

2020-05-20 22:02:26,247 INFO raw beat data size: 163, size of compressed data: 140

2020-05-20 22:02:31,259 INFO [RAFT] send beat with 0 keys.

2020-05-20 22:02:31,259 INFO raw beat data size: 163, size of compressed data: 136

2020-05-20 22:02:36,273 INFO [RAFT] send beat with 0 keys.

2020-05-20 22:02:36,273 INFO raw beat data size: 163, size of compressed data: 145

2020-05-20 22:02:41,330 INFO [RAFT] send beat with 0 keys.

2020-05-20 22:02:41,330 INFO raw beat data size: 163, size of compressed data: 139

2020-05-20 22:02:46,362 INFO [RAFT] send beat with 0 keys.

2020-05-20 22:02:46,362 INFO raw beat data size: 163, size of compressed data: 146

2020-05-20 22:02:51,373 INFO [RAFT] send beat with 0 keys.

2020-05-20 22:02:51,373 INFO raw beat data size: 163, size of compressed data: 142

2020-05-20 22:02:56,391 INFO [RAFT] send beat with 0 keys.

2020-05-20 22:02:56,391 INFO raw beat data size: 163, size of compressed data: 144

2020-05-20 22:03:01,411 INFO [RAFT] send beat with 0 keys.

2020-05-20 22:03:01,411 INFO raw beat data size: 163, size of compressed data: 145

2020-05-20 22:03:06,431 INFO [RAFT] send beat with 0 keys.

2020-05-20 22:03:06,431 INFO raw beat data size: 163, size of compressed data: 139

2020-05-20 22:03:11,446 INFO [RAFT] send beat with 0 keys.

2020-05-20 22:03:11,446 INFO raw beat data size: 163, size of compressed data: 142

2020-05-20 22:03:16,452 INFO [RAFT] send beat with 0 keys.

2020-05-20 22:03:16,452 INFO raw beat data size: 163, size of compressed data: 144

2020-05-20 22:03:21,465 INFO [RAFT] send beat with 0 keys.

2020-05-20 22:03:21,465 INFO raw beat data size: 163, size of compressed data: 138

2020-05-20 22:03:26,476 INFO [RAFT] send beat with 0 keys.

2020-05-20 22:03:26,476 INFO raw beat data size: 163, size of compressed data: 145

2020-05-20 22:03:31,492 INFO [RAFT] send beat with 0 keys.

2020-05-20 22:03:31,493 INFO raw beat data size: 163, size of compressed data: 141

2020-05-20 22:03:36,500 INFO [RAFT] send beat with 0 keys.

2020-05-20 22:03:36,500 INFO raw beat data size: 163, size of compressed data: 141

2020-05-20 22:03:41,512 INFO [RAFT] send beat with 0 keys.

2020-05-20 22:03:41,513 INFO raw beat data size: 163, size of compressed data: 143

2020-05-20 22:03:46,536 INFO [RAFT] send beat with 0 keys.

2020-05-20 22:03:46,536 INFO raw beat data size: 163, size of compressed data: 142

2020-05-20 22:03:51,544 INFO [RAFT] send beat with 0 keys.

2020-05-20 22:03:51,544 INFO raw beat data size: 163, size of compressed data: 141

2020-05-20 22:03:56,558 INFO [RAFT] send beat with 0 keys.

2020-05-20 22:03:56,559 INFO raw beat data size: 163, size of compressed data: 138

2020-05-20 22:04:01,577 INFO [RAFT] send beat with 0 keys.

2020-05-20 22:04:01,577 INFO raw beat data size: 163, size of compressed data: 140

2020-05-20 22:04:06,587 INFO [RAFT] send beat with 0 keys.

2020-05-20 22:04:06,587 INFO raw beat data size: 163, size of compressed data: 139

2020-05-20 22:04:11,598 INFO [RAFT] send beat with 0 keys.

2020-05-20 22:04:11,598 INFO raw beat data size: 163, size of compressed data: 139

2020-05-20 22:04:16,713 INFO [RAFT] send beat with 0 keys.

2020-05-20 22:04:16,714 INFO raw beat data size: 163, size of compressed data: 138

2020-05-20 22:04:21,736 INFO [RAFT] send beat with 0 keys.

2020-05-20 22:04:21,736 INFO raw beat data size: 163, size of compressed data: 142

2020-05-20 22:04:26,746 INFO [RAFT] send beat with 0 keys.

2020-05-20 22:04:26,746 INFO raw beat data size: 163, size of compressed data: 134

2020-05-20 22:04:31,802 INFO [RAFT] send beat with 0 keys.

2020-05-20 22:04:31,803 INFO raw beat data size: 163, size of compressed data: 137

2020-05-20 22:04:36,855 INFO [RAFT] send beat with 0 keys.

2020-05-20 22:04:36,855 INFO raw beat data size: 163, size of compressed data: 144

2020-05-20 22:04:41,885 INFO [RAFT] send beat with 0 keys.

2020-05-20 22:04:41,892 INFO raw beat data size: 163, size of compressed data: 141

2020-05-20 22:04:46,948 INFO [RAFT] send beat with 0 keys.

2020-05-20 22:04:46,949 INFO raw beat data size: 163, size of compressed data: 140

2020-05-20 22:04:52,305 INFO [RAFT] send beat with 0 keys.

2020-05-20 22:04:52,313 INFO raw beat data size: 163, size of compressed data: 144

2020-05-20 22:04:57,487 INFO [RAFT] send beat with 0 keys.

2020-05-20 22:04:57,488 INFO raw beat data size: 163, size of compressed data: 140

2020-05-20 22:05:02,541 INFO [RAFT] send beat with 0 keys.

2020-05-20 22:05:02,542 INFO raw beat data size: 163, size of compressed data: 145

2020-05-20 22:05:07,551 INFO [RAFT] send beat with 0 keys.

2020-05-20 22:05:07,554 INFO raw beat data size: 163, size of compressed data: 141

2020-05-20 22:05:12,567 INFO [RAFT] send beat with 0 keys.

2020-05-20 22:05:12,567 INFO raw beat data size: 163, size of compressed data: 141

2020-05-20 22:05:17,582 INFO [RAFT] send beat with 0 keys.

2020-05-20 22:05:17,583 INFO raw beat data size: 163, size of compressed data: 145

2020-05-20 22:05:22,595 INFO [RAFT] send beat with 0 keys.

2020-05-20 22:05:22,595 INFO raw beat data size: 163, size of compressed data: 143

2020-05-20 22:05:27,638 INFO [RAFT] send beat with 0 keys.

2020-05-20 22:05:27,638 INFO raw beat data size: 163, size of compressed data: 144

2020-05-20 22:05:32,650 INFO [RAFT] send beat with 0 keys.

2020-05-20 22:05:32,651 INFO raw beat data size: 163, size of compressed data: 142

2020-05-20 22:05:37,661 INFO [RAFT] send beat with 0 keys.

2020-05-20 22:05:37,662 INFO raw beat data size: 163, size of compressed data: 142

2020-05-20 22:05:42,677 INFO [RAFT] send beat with 0 keys.

2020-05-20 22:05:42,677 INFO raw beat data size: 163, size of compressed data: 141

2020-05-20 22:05:47,690 INFO [RAFT] send beat with 0 keys.

2020-05-20 22:05:47,690 INFO raw beat data size: 163, size of compressed data: 143

2020-05-20 22:05:52,723 INFO [RAFT] send beat with 0 keys.

2020-05-20 22:05:52,723 INFO raw beat data size: 163, size of compressed data: 145

2020-05-20 22:05:57,845 INFO [RAFT] send beat with 0 keys.

2020-05-20 22:05:57,845 INFO raw beat data size: 163, size of compressed data: 139

2020-05-20 22:06:02,943 INFO [RAFT] send beat with 0 keys.

2020-05-20 22:06:02,944 INFO raw beat data size: 163, size of compressed data: 134

2020-05-20 22:06:07,990 INFO [RAFT] send beat with 0 keys.

2020-05-20 22:06:07,990 INFO raw beat data size: 163, size of compressed data: 140

2020-05-20 22:06:13,000 INFO [RAFT] send beat with 0 keys.

2020-05-20 22:06:13,000 INFO raw beat data size: 163, size of compressed data: 144

2020-05-20 22:06:18,018 INFO [RAFT] send beat with 0 keys.

2020-05-20 22:06:18,018 INFO raw beat data size: 163, size of compressed data: 143

2020-05-20 22:06:23,035 INFO [RAFT] send beat with 0 keys.

2020-05-20 22:06:23,035 INFO raw beat data size: 163, size of compressed data: 144

2020-05-20 22:06:28,042 INFO [RAFT] send beat with 0 keys.

2020-05-20 22:06:28,042 INFO raw beat data size: 163, size of compressed data: 145

2020-05-20 22:06:33,116 INFO [RAFT] send beat with 0 keys.

2020-05-20 22:06:33,116 INFO raw beat data size: 163, size of compressed data: 142

2020-05-20 22:06:38,126 INFO [RAFT] send beat with 0 keys.

2020-05-20 22:06:38,126 INFO raw beat data size: 163, size of compressed data: 145

2020-05-20 22:06:43,139 INFO [RAFT] send beat with 0 keys.

2020-05-20 22:06:43,139 INFO raw beat data size: 163, size of compressed data: 142

2020-05-20 22:06:48,152 INFO [RAFT] send beat with 0 keys.

2020-05-20 22:06:48,152 INFO raw beat data size: 163, size of compressed data: 140

2020-05-20 22:06:53,195 INFO [RAFT] send beat with 0 keys.

2020-05-20 22:06:53,195 INFO raw beat data size: 163, size of compressed data: 144

2020-05-20 22:06:58,670 INFO [RAFT] send beat with 0 keys.

2020-05-20 22:06:58,670 INFO raw beat data size: 163, size of compressed data: 139

2020-05-20 22:07:03,767 INFO [RAFT] send beat with 0 keys.

2020-05-20 22:07:03,768 INFO raw beat data size: 163, size of compressed data: 143

2020-05-20 22:07:08,788 INFO [RAFT] send beat with 0 keys.

2020-05-20 22:07:08,788 INFO raw beat data size: 163, size of compressed data: 139

2020-05-20 22:07:13,796 INFO [RAFT] send beat with 0 keys.

2020-05-20 22:07:13,796 INFO raw beat data size: 163, size of compressed data: 146

2020-05-20 22:07:18,922 INFO [RAFT] send beat with 0 keys.

2020-05-20 22:07:18,922 INFO raw beat data size: 163, size of compressed data: 142

2020-05-20 22:07:24,016 INFO [RAFT] send beat with 0 keys.

2020-05-20 22:07:24,016 INFO raw beat data size: 163, size of compressed data: 142

2020-05-20 22:07:29,031 INFO [RAFT] send beat with 0 keys.

2020-05-20 22:07:29,031 INFO raw beat data size: 163, size of compressed data: 144

2020-05-20 22:07:34,047 INFO [RAFT] send beat with 0 keys.

2020-05-20 22:07:34,057 INFO raw beat data size: 163, size of compressed data: 142

2020-05-20 22:07:39,173 INFO [RAFT] send beat with 0 keys.

2020-05-20 22:07:39,173 INFO raw beat data size: 163, size of compressed data: 140

2020-05-20 22:07:44,282 INFO [RAFT] send beat with 0 keys.

2020-05-20 22:07:44,282 INFO raw beat data size: 163, size of compressed data: 141

2020-05-20 22:07:49,445 INFO [RAFT] send beat with 0 keys.

2020-05-20 22:07:49,445 INFO raw beat data size: 163, size of compressed data: 143

2020-05-20 22:07:54,459 INFO [RAFT] send beat with 0 keys.

2020-05-20 22:07:54,459 INFO raw beat data size: 163, size of compressed data: 138

2020-05-20 22:07:59,523 INFO [RAFT] send beat with 0 keys.

2020-05-20 22:07:59,523 INFO raw beat data size: 163, size of compressed data: 144

2020-05-20 22:08:04,863 INFO [RAFT] send beat with 0 keys.

2020-05-20 22:08:04,865 INFO raw beat data size: 163, size of compressed data: 141

2020-05-20 22:08:09,974 INFO [RAFT] send beat with 0 keys.

2020-05-20 22:08:09,974 INFO raw beat data size: 163, size of compressed data: 139

2020-05-20 22:08:14,990 INFO [RAFT] send beat with 0 keys.

2020-05-20 22:08:14,991 INFO raw beat data size: 163, size of compressed data: 142

2020-05-20 22:08:19,999 INFO [RAFT] send beat with 0 keys.

2020-05-20 22:08:19,999 INFO raw beat data size: 163, size of compressed data: 146

2020-05-20 22:08:25,009 INFO [RAFT] send beat with 0 keys.

2020-05-20 22:08:25,009 INFO raw beat data size: 163, size of compressed data: 142

2020-05-20 22:08:30,026 INFO [RAFT] send beat with 0 keys.

2020-05-20 22:08:30,026 INFO raw beat data size: 163, size of compressed data: 140

2020-05-20 22:08:35,038 INFO [RAFT] send beat with 0 keys.

2020-05-20 22:08:35,038 INFO raw beat data size: 163, size of compressed data: 142

2020-05-20 22:08:40,044 INFO [RAFT] send beat with 0 keys.

2020-05-20 22:08:40,044 INFO raw beat data size: 163, size of compressed data: 143

2020-05-20 22:08:45,065 INFO [RAFT] send beat with 0 keys.

2020-05-20 22:08:45,065 INFO raw beat data size: 163, size of compressed data: 144

2020-05-20 22:08:50,079 INFO [RAFT] send beat with 0 keys.

2020-05-20 22:08:50,079 INFO raw beat data size: 163, size of compressed data: 138

2020-05-20 22:08:55,090 INFO [RAFT] send beat with 0 keys.

2020-05-20 22:08:55,090 INFO raw beat data size: 163, size of compressed data: 140

2020-05-20 22:09:00,095 INFO [RAFT] send beat with 0 keys.

2020-05-20 22:09:00,097 INFO raw beat data size: 163, size of compressed data: 143

2020-05-20 22:09:05,111 INFO [RAFT] send beat with 0 keys.

2020-05-20 22:09:05,112 INFO raw beat data size: 163, size of compressed data: 144

2020-05-20 22:09:10,121 INFO [RAFT] send beat with 0 keys.

2020-05-20 22:09:10,121 INFO raw beat data size: 163, size of compressed data: 141

2020-05-20 22:09:15,136 INFO [RAFT] send beat with 0 keys.

2020-05-20 22:09:15,136 INFO raw beat data size: 163, size of compressed data: 139

2020-05-20 22:09:20,151 INFO [RAFT] send beat with 0 keys.

2020-05-20 22:09:20,151 INFO raw beat data size: 163, size of compressed data: 147

2020-05-20 22:09:25,162 INFO [RAFT] send beat with 0 keys.

2020-05-20 22:09:25,168 INFO raw beat data size: 163, size of compressed data: 140

2020-05-20 22:09:30,175 INFO [RAFT] send beat with 0 keys.

2020-05-20 22:09:30,176 INFO raw beat data size: 163, size of compressed data: 143

2020-05-20 22:09:35,194 INFO [RAFT] send beat with 0 keys.

2020-05-20 22:09:35,195 INFO raw beat data size: 163, size of compressed data: 145

2020-05-20 22:09:40,202 INFO [RAFT] send beat with 0 keys.

2020-05-20 22:09:40,202 INFO raw beat data size: 163, size of compressed data: 139

2020-05-20 22:09:45,210 INFO [RAFT] send beat with 0 keys.

2020-05-20 22:09:45,217 INFO raw beat data size: 163, size of compressed data: 138

2020-05-20 22:09:50,234 INFO [RAFT] send beat with 0 keys.

2020-05-20 22:09:50,234 INFO raw beat data size: 163, size of compressed data: 138

2020-05-20 22:09:55,247 INFO [RAFT] send beat with 0 keys.

2020-05-20 22:09:55,249 INFO raw beat data size: 163, size of compressed data: 142

2020-05-20 22:10:00,275 INFO [RAFT] send beat with 0 keys.

2020-05-20 22:10:00,281 INFO raw beat data size: 163, size of compressed data: 142

2020-05-20 22:10:05,290 INFO [RAFT] send beat with 0 keys.

2020-05-20 22:10:05,290 INFO raw beat data size: 163, size of compressed data: 138

2020-05-20 22:10:10,304 INFO [RAFT] send beat with 0 keys.

2020-05-20 22:10:10,304 INFO raw beat data size: 163, size of compressed data: 144

2020-05-20 22:10:15,317 INFO [RAFT] send beat with 0 keys.

2020-05-20 22:10:15,317 INFO raw beat data size: 163, size of compressed data: 146

2020-05-20 22:10:20,328 INFO [RAFT] send beat with 0 keys.

2020-05-20 22:10:20,328 INFO raw beat data size: 163, size of compressed data: 143

2020-05-20 22:10:25,339 INFO [RAFT] send beat with 0 keys.

2020-05-20 22:10:25,344 INFO raw beat data size: 163, size of compressed data: 140

2020-05-20 22:10:30,358 INFO [RAFT] send beat with 0 keys.

2020-05-20 22:10:30,364 INFO raw beat data size: 163, size of compressed data: 144

2020-05-20 22:10:35,374 INFO [RAFT] send beat with 0 keys.

2020-05-20 22:10:35,382 INFO raw beat data size: 163, size of compressed data: 145

2020-05-20 22:10:40,487 INFO [RAFT] send beat with 0 keys.

2020-05-20 22:10:40,487 INFO raw beat data size: 163, size of compressed data: 141

2020-05-20 22:10:45,498 INFO [RAFT] send beat with 0 keys.

2020-05-20 22:10:45,510 INFO raw beat data size: 163, size of compressed data: 141

2020-05-20 22:10:50,520 INFO [RAFT] send beat with 0 keys.

2020-05-20 22:10:50,522 INFO raw beat data size: 163, size of compressed data: 143

2020-05-20 22:10:55,539 INFO [RAFT] send beat with 0 keys.

2020-05-20 22:10:55,541 INFO raw beat data size: 163, size of compressed data: 142

2020-05-20 22:11:00,553 INFO [RAFT] send beat with 0 keys.

2020-05-20 22:11:00,553 INFO raw beat data size: 163, size of compressed data: 141

2020-05-20 22:11:05,564 INFO [RAFT] send beat with 0 keys.

2020-05-20 22:11:05,564 INFO raw beat data size: 163, size of compressed data: 145

2020-05-20 22:11:10,575 INFO [RAFT] send beat with 0 keys.

2020-05-20 22:11:10,575 INFO raw beat data size: 163, size of compressed data: 137

2020-05-20 22:11:15,586 INFO [RAFT] send beat with 0 keys.

2020-05-20 22:11:15,586 INFO raw beat data size: 163, size of compressed data: 139

2020-05-20 22:11:20,598 INFO [RAFT] send beat with 0 keys.

2020-05-20 22:11:20,598 INFO raw beat data size: 163, size of compressed data: 145

2020-05-20 22:11:25,671 INFO [RAFT] send beat with 0 keys.

2020-05-20 22:11:25,674 INFO raw beat data size: 163, size of compressed data: 133

2020-05-20 22:11:31,821 INFO [RAFT] send beat with 0 keys.

2020-05-20 22:11:31,828 INFO raw beat data size: 163, size of compressed data: 139

2020-05-20 22:11:37,004 INFO [RAFT] send beat with 0 keys.

2020-05-20 22:11:37,004 INFO raw beat data size: 163, size of compressed data: 142

2020-05-20 22:11:42,576 INFO [RAFT] send beat with 0 keys.

2020-05-20 22:11:42,576 INFO raw beat data size: 163, size of compressed data: 144

2020-05-20 22:11:47,683 INFO [RAFT] send beat with 0 keys.

2020-05-20 22:11:47,683 INFO raw beat data size: 163, size of compressed data: 140

2020-05-20 22:11:52,696 INFO [RAFT] send beat with 0 keys.

2020-05-20 22:11:52,696 INFO raw beat data size: 163, size of compressed data: 142

2020-05-20 22:11:57,747 INFO [RAFT] send beat with 0 keys.

2020-05-20 22:11:57,747 INFO raw beat data size: 163, size of compressed data: 141

2020-05-20 22:12:02,772 INFO [RAFT] send beat with 0 keys.

2020-05-20 22:12:02,773 INFO raw beat data size: 163, size of compressed data: 143

2020-05-20 22:12:07,789 INFO [RAFT] send beat with 0 keys.

2020-05-20 22:12:07,789 INFO raw beat data size: 163, size of compressed data: 141

2020-05-20 22:12:12,807 INFO [RAFT] send beat with 0 keys.

2020-05-20 22:12:12,807 INFO raw beat data size: 163, size of compressed data: 142

2020-05-20 22:12:17,825 INFO [RAFT] send beat with 0 keys.

2020-05-20 22:12:17,827 INFO raw beat data size: 163, size of compressed data: 137

2020-05-20 22:12:22,848 INFO [RAFT] send beat with 0 keys.

2020-05-20 22:12:22,851 INFO raw beat data size: 163, size of compressed data: 140

2020-05-20 22:12:27,977 INFO [RAFT] send beat with 0 keys.

2020-05-20 22:12:27,979 INFO raw beat data size: 163, size of compressed data: 139

2020-05-20 22:12:33,167 INFO [RAFT] send beat with 0 keys.

2020-05-20 22:12:33,168 INFO raw beat data size: 163, size of compressed data: 141

2020-05-20 22:12:38,374 INFO [RAFT] send beat with 0 keys.

2020-05-20 22:12:38,397 INFO raw beat data size: 163, size of compressed data: 144

2020-05-20 22:12:43,515 INFO [RAFT] send beat with 0 keys.

2020-05-20 22:12:43,515 INFO raw beat data size: 163, size of compressed data: 140

2020-05-20 22:12:48,554 INFO [RAFT] send beat with 0 keys.

2020-05-20 22:12:48,555 INFO raw beat data size: 163, size of compressed data: 138

