2020-05-20 21:28:13,087 INFO PERFORMANCE:|0|0|-1|-1

2020-05-20 21:33:13,089 INFO PERFORMANCE:|0|0|-1|-1

2020-05-20 21:38:13,090 INFO PERFORMANCE:|0|0|-1|-1

2020-05-20 21:43:13,092 INFO PERFORMANCE:|0|0|-1|-1

2020-05-20 21:48:13,093 INFO PERFORMANCE:|2|2|-1|-1

2020-05-20 21:53:13,101 INFO PERFORMANCE:|2|2|-1|-1

2020-05-20 21:58:13,103 INFO PERFORMANCE:|2|2|-1|-1

2020-05-20 22:03:13,104 INFO PERFORMANCE:|2|2|-1|-1

2020-05-20 22:08:13,112 INFO PERFORMANCE:|2|3|116|44

2020-05-20 22:13:13,116 INFO PERFORMANCE:|2|3|-1|-1

2020-05-20 22:18:13,118 INFO PERFORMANCE:|2|3|-1|-1

2020-05-20 22:23:13,120 INFO PERFORMANCE:|2|3|-1|-1

2020-05-20 22:28:13,126 INFO PERFORMANCE:|2|3|-1|-1

2020-05-20 22:33:13,129 INFO PERFORMANCE:|2|3|-1|-1

2020-05-20 22:38:13,224 INFO PERFORMANCE:|2|3|-1|-1

2020-05-20 22:43:13,225 INFO PERFORMANCE:|2|3|-1|-1

2020-05-20 22:48:13,232 INFO PERFORMANCE:|2|3|-1|-1

2020-05-20 22:53:13,235 INFO PERFORMANCE:|2|3|-1|-1

2020-05-20 22:58:13,237 INFO PERFORMANCE:|2|3|-1|-1

2020-05-20 23:03:13,238 INFO PERFORMANCE:|2|3|-1|-1

2020-05-20 23:08:13,245 INFO PERFORMANCE:|2|3|-1|-1

2020-05-20 23:13:13,254 INFO PERFORMANCE:|2|3|-1|-1

2020-05-20 23:18:13,261 INFO PERFORMANCE:|2|3|-1|-1

2020-05-20 23:23:13,358 INFO PERFORMANCE:|2|3|5|4

2020-05-20 23:28:13,360 INFO PERFORMANCE:|2|3|-1|-1

2020-05-20 23:33:13,361 INFO PERFORMANCE:|2|3|-1|-1

2020-05-20 23:38:13,370 INFO PERFORMANCE:|2|3|-1|-1

